{"timestamp":"2025-08-21T07:08:15.656418","level":"info","event":"DAG bundles loaded: dags-folder, example_dags","logger":"airflow.dag_processing.bundles.manager.DagBundlesManager"}
{"timestamp":"2025-08-21T07:08:15.657491","level":"info","event":"Filling up the DagBag from /opt/airflow/dags/fetchin_cleaning.py","logger":"airflow.models.dagbag.DagBag"}
{"timestamp":"2025-08-21T07:08:15.776260Z","level":"info","event":"Task instance is in running state","chan":"stdout","logger":"task"}
{"timestamp":"2025-08-21T07:08:15.776738Z","level":"info","event":" Previous state of the Task instance: TaskInstanceState.QUEUED","chan":"stdout","logger":"task"}
{"timestamp":"2025-08-21T07:08:15.777323Z","level":"info","event":"Current task name:load_date_dim","chan":"stdout","logger":"task"}
{"timestamp":"2025-08-21T07:08:15.778021Z","level":"info","event":"Dag name:weather_to_snowflake_pipeline","chan":"stdout","logger":"task"}
{"timestamp":"2025-08-21T07:08:15.777124","level":"info","event":"Executing: \n        COPY INTO POLLUTION_OVERTIME.DATE_DIM\n        FROM '@%DATE_DIM'\n        FILE_FORMAT = (TYPE = CSV FIELD_OPTIONALLY_ENCLOSED_BY='\"' SKIP_HEADER=1)\n        FORCE = TRUE;\n        ","logger":"airflow.task.operators.airflow.providers.common.sql.operators.sql.SQLExecuteQueryOperator"}
{"timestamp":"2025-08-21T07:08:15.779375","level":"warning","event":"/home/airflow/.local/lib/python3.12/site-packages/airflow/models/connection.py:471: DeprecationWarning: Using Connection.get_connection_from_secrets from `airflow.models` is deprecated.Please use `from airflow.sdk import Connection` instead\n  warnings.warn(\n","logger":"py.warnings"}
{"timestamp":"2025-08-21T07:08:15.794426","level":"info","event":"Connection Retrieved 'weather_pollution'","logger":"airflow.hooks.base"}
{"timestamp":"2025-08-21T07:08:16.481881","level":"warning","event":"/home/airflow/.local/lib/python3.12/site-packages/airflow/models/connection.py:471: DeprecationWarning: Using Connection.get_connection_from_secrets from `airflow.models` is deprecated.Please use `from airflow.sdk import Connection` instead\n  warnings.warn(\n","logger":"py.warnings"}
{"timestamp":"2025-08-21T07:08:16.491373","level":"info","event":"Connection Retrieved 'weather_pollution'","logger":"airflow.hooks.base"}
{"timestamp":"2025-08-21T07:08:16.492022","level":"info","event":"Snowflake Connector for Python Version: 3.16.0, Python Version: 3.12.11, Platform: Linux-6.6.87.2-microsoft-standard-WSL2-x86_64-with-glibc2.36","logger":"snowflake.connector.connection"}
{"timestamp":"2025-08-21T07:08:16.492584","level":"info","event":"Connecting to GLOBAL Snowflake domain","logger":"snowflake.connector.connection"}
{"timestamp":"2025-08-21T07:08:17.662682","level":"info","event":"Running statement: COPY INTO POLLUTION_OVERTIME.DATE_DIM\n        FROM '@%DATE_DIM'\n        FILE_FORMAT = (TYPE = CSV FIELD_OPTIONALLY_ENCLOSED_BY='\"' SKIP_HEADER=1)\n        FORCE = TRUE;, parameters: None","logger":"airflow.task.hooks.airflow.providers.snowflake.hooks.snowflake.SnowflakeHook"}
{"timestamp":"2025-08-21T07:08:17.662833","level":"info","event":"Running statement: COPY INTO POLLUTION_OVERTIME.DATE_DIM\n        FROM '@%DATE_DIM'\n        FILE_FORMAT = (TYPE = CSV FIELD_OPTIONALLY_ENCLOSED_BY='\"' SKIP_HEADER=1)\n        FORCE = TRUE;, parameters: None","logger":"airflow.task.hooks.airflow.providers.snowflake.hooks.snowflake.SnowflakeHook"}
{"timestamp":"2025-08-21T07:08:19.821103","level":"info","event":"Rows affected: 1","logger":"airflow.task.hooks.airflow.providers.snowflake.hooks.snowflake.SnowflakeHook"}
{"timestamp":"2025-08-21T07:08:19.821689","level":"info","event":"Rows affected: 1","logger":"airflow.task.hooks.airflow.providers.snowflake.hooks.snowflake.SnowflakeHook"}
{"timestamp":"2025-08-21T07:08:19.821807","level":"info","event":"Snowflake query id: 01be834c-0000-aabe-0000-c31d0004dfce","logger":"airflow.task.hooks.airflow.providers.snowflake.hooks.snowflake.SnowflakeHook"}
{"timestamp":"2025-08-21T07:08:20.501815","level":"info","event":"Pushing xcom","ti":"RuntimeTaskInstance(id=UUID('0198cb74-9baf-702b-8843-83c96822b890'), task_id='load_date_dim', dag_id='weather_to_snowflake_pipeline', run_id='manual__2025-08-21T07:07:53.602928+00:00', try_number=1, map_index=-1, hostname='74754e3105f5', context_carrier={}, task=<Task(SQLExecuteQueryOperator): load_date_dim>, bundle_instance=LocalDagBundle(name=dags-folder), max_tries=0, start_date=datetime.datetime(2025, 8, 21, 7, 8, 14, 760237, tzinfo=datetime.timezone.utc), end_date=None, state=<TaskInstanceState.RUNNING: 'running'>, is_mapped=False, rendered_map_index=None, log_url='http://localhost:8080/dags/weather_to_snowflake_pipeline/runs/manual__2025-08-21T07%3A07%3A53.602928%2B00%3A00/tasks/load_date_dim?try_number=1')","logger":"task"}
{"timestamp":"2025-08-21T07:08:20.532807Z","level":"info","event":"Task instance in success state","chan":"stdout","logger":"task"}
{"timestamp":"2025-08-21T07:08:20.533177Z","level":"info","event":" Previous state of the Task instance: TaskInstanceState.RUNNING","chan":"stdout","logger":"task"}
{"timestamp":"2025-08-21T07:08:20.537474Z","level":"info","event":"Task operator:<Task(SQLExecuteQueryOperator): load_date_dim>","chan":"stdout","logger":"task"}
