{"timestamp":"2025-08-21T08:32:16.793758","level":"info","event":"DAG bundles loaded: dags-folder, example_dags","logger":"airflow.dag_processing.bundles.manager.DagBundlesManager"}
{"timestamp":"2025-08-21T08:32:16.794274","level":"info","event":"Filling up the DagBag from /opt/airflow/dags/fetchin_cleaning.py","logger":"airflow.models.dagbag.DagBag"}
{"timestamp":"2025-08-21T08:32:16.847696Z","level":"info","event":"Task instance is in running state","chan":"stdout","logger":"task"}
{"timestamp":"2025-08-21T08:32:16.848112Z","level":"info","event":" Previous state of the Task instance: TaskInstanceState.QUEUED","chan":"stdout","logger":"task"}
{"timestamp":"2025-08-21T08:32:16.850098Z","level":"info","event":"Current task name:clean_data","chan":"stdout","logger":"task"}
{"timestamp":"2025-08-21T08:32:16.850454Z","level":"info","event":"Dag name:weather_to_snowflake_pipeline","chan":"stdout","logger":"task"}
{"timestamp":"2025-08-21T08:32:17.963461Z","level":"error","event":"Traceback (most recent call last):","chan":"stderr","logger":"task"}
{"timestamp":"2025-08-21T08:32:17.963839Z","level":"error","event":"  File \"/opt/airflow/dags/cleaning_data.py\", line 180, in <module>","chan":"stderr","logger":"task"}
{"timestamp":"2025-08-21T08:32:17.965934Z","level":"error","event":"    data_cleaning()","chan":"stderr","logger":"task"}
{"timestamp":"2025-08-21T08:32:17.966295Z","level":"error","event":"  File \"/opt/airflow/dags/cleaning_data.py\", line 158, in data_cleaning","chan":"stderr","logger":"task"}
{"timestamp":"2025-08-21T08:32:17.968215Z","level":"error","event":"    pollutants_fact.to_csv(POLLUTANTS_FACT_FILE, index=False)","chan":"stderr","logger":"task"}
{"timestamp":"2025-08-21T08:32:17.968509Z","level":"error","event":"  File \"/home/airflow/.local/lib/python3.12/site-packages/pandas/core/generic.py\", line 3902, in to_csv","chan":"stderr","logger":"task"}
{"timestamp":"2025-08-21T08:32:17.968824Z","level":"error","event":"    return DataFrameRenderer(formatter).to_csv(","chan":"stderr","logger":"task"}
{"timestamp":"2025-08-21T08:32:17.969023Z","level":"error","event":"           ^^^^^^^^^^^^^^^^^^^^^^^^^^^^^^^^^^^^","chan":"stderr","logger":"task"}
{"timestamp":"2025-08-21T08:32:17.969293Z","level":"error","event":"  File \"/home/airflow/.local/lib/python3.12/site-packages/pandas/io/formats/format.py\", line 1152, in to_csv","chan":"stderr","logger":"task"}
{"timestamp":"2025-08-21T08:32:17.969487Z","level":"error","event":"    csv_formatter.save()","chan":"stderr","logger":"task"}
{"timestamp":"2025-08-21T08:32:17.969677Z","level":"error","event":"  File \"/home/airflow/.local/lib/python3.12/site-packages/pandas/io/formats/csvs.py\", line 247, in save","chan":"stderr","logger":"task"}
{"timestamp":"2025-08-21T08:32:17.969935Z","level":"error","event":"    with get_handle(","chan":"stderr","logger":"task"}
{"timestamp":"2025-08-21T08:32:17.970190Z","level":"error","event":"         ^^^^^^^^^^^","chan":"stderr","logger":"task"}
{"timestamp":"2025-08-21T08:32:17.970428Z","level":"error","event":"  File \"/home/airflow/.local/lib/python3.12/site-packages/pandas/io/common.py\", line 863, in get_handle","chan":"stderr","logger":"task"}
{"timestamp":"2025-08-21T08:32:17.970669Z","level":"error","event":"    handle = open(","chan":"stderr","logger":"task"}
{"timestamp":"2025-08-21T08:32:17.970889Z","level":"error","event":"             ^^^^^","chan":"stderr","logger":"task"}
{"timestamp":"2025-08-21T08:32:17.971099Z","level":"error","event":"PermissionError: [Errno 13] Permission denied: '/opt/airflow/data/pollutants_fact.csv'","chan":"stderr","logger":"task"}
{"timestamp":"2025-08-21T08:32:18.068793","level":"error","event":"Task failed with exception","logger":"task","error_detail":[{"exc_type":"CalledProcessError","exc_value":"Command '['python', 'dags/cleaning_data.py']' returned non-zero exit status 1.","exc_notes":[],"syntax_error":null,"is_cause":false,"frames":[{"filename":"/home/airflow/.local/lib/python3.12/site-packages/airflow/sdk/execution_time/task_runner.py","lineno":890,"name":"run"},{"filename":"/home/airflow/.local/lib/python3.12/site-packages/airflow/sdk/execution_time/task_runner.py","lineno":1177,"name":"_execute_task"},{"filename":"/home/airflow/.local/lib/python3.12/site-packages/airflow/sdk/bases/operator.py","lineno":397,"name":"wrapper"},{"filename":"/home/airflow/.local/lib/python3.12/site-packages/airflow/providers/standard/operators/python.py","lineno":217,"name":"execute"},{"filename":"/home/airflow/.local/lib/python3.12/site-packages/airflow/providers/standard/operators/python.py","lineno":240,"name":"execute_callable"},{"filename":"/home/airflow/.local/lib/python3.12/site-packages/airflow/sdk/execution_time/callback_runner.py","lineno":81,"name":"run"},{"filename":"/opt/airflow/dags/fetchin_cleaning.py","lineno":16,"name":"clean_data"},{"filename":"/usr/local/lib/python3.12/subprocess.py","lineno":571,"name":"run"}],"is_group":false,"exceptions":[]}]}
{"timestamp":"2025-08-21T08:32:18.070288Z","level":"info","event":"Task instance in failure state","chan":"stdout","logger":"task"}
{"timestamp":"2025-08-21T08:32:18.070625Z","level":"info","event":"Task start","chan":"stdout","logger":"task"}
{"timestamp":"2025-08-21T08:32:18.070901Z","level":"info","event":"Task:<Task(PythonOperator): clean_data>","chan":"stdout","logger":"task"}
{"timestamp":"2025-08-21T08:32:18.071150Z","level":"info","event":"Failure caused by Command '['python', 'dags/cleaning_data.py']' returned non-zero exit status 1.","chan":"stdout","logger":"task"}
