{"timestamp":"2025-08-21T07:08:11.083952","level":"info","event":"DAG bundles loaded: dags-folder, example_dags","logger":"airflow.dag_processing.bundles.manager.DagBundlesManager"}
{"timestamp":"2025-08-21T07:08:11.088794","level":"info","event":"Filling up the DagBag from /opt/airflow/dags/fetchin_cleaning.py","logger":"airflow.models.dagbag.DagBag"}
{"timestamp":"2025-08-21T07:08:11.336786Z","level":"info","event":"Task instance is in running state","chan":"stdout","logger":"task"}
{"timestamp":"2025-08-21T07:08:11.337344Z","level":"info","event":" Previous state of the Task instance: TaskInstanceState.QUEUED","chan":"stdout","logger":"task"}
{"timestamp":"2025-08-21T07:08:11.338841Z","level":"info","event":"Current task name:truncate_pollutants_fact","chan":"stdout","logger":"task"}
{"timestamp":"2025-08-21T07:08:11.339355Z","level":"info","event":"Dag name:weather_to_snowflake_pipeline","chan":"stdout","logger":"task"}
{"timestamp":"2025-08-21T07:08:11.337708","level":"info","event":"Executing: TRUNCATE TABLE POLLUTION_OVERTIME.POLLUTANTS_FACT;","logger":"airflow.task.operators.airflow.providers.common.sql.operators.sql.SQLExecuteQueryOperator"}
{"timestamp":"2025-08-21T07:08:11.340262","level":"warning","event":"/home/airflow/.local/lib/python3.12/site-packages/airflow/models/connection.py:471: DeprecationWarning: Using Connection.get_connection_from_secrets from `airflow.models` is deprecated.Please use `from airflow.sdk import Connection` instead\n  warnings.warn(\n","logger":"py.warnings"}
{"timestamp":"2025-08-21T07:08:11.387418","level":"info","event":"Connection Retrieved 'weather_pollution'","logger":"airflow.hooks.base"}
{"timestamp":"2025-08-21T07:08:12.139780","level":"warning","event":"/home/airflow/.local/lib/python3.12/site-packages/airflow/models/connection.py:471: DeprecationWarning: Using Connection.get_connection_from_secrets from `airflow.models` is deprecated.Please use `from airflow.sdk import Connection` instead\n  warnings.warn(\n","logger":"py.warnings"}
{"timestamp":"2025-08-21T07:08:12.153086","level":"info","event":"Connection Retrieved 'weather_pollution'","logger":"airflow.hooks.base"}
{"timestamp":"2025-08-21T07:08:12.153747","level":"info","event":"Snowflake Connector for Python Version: 3.16.0, Python Version: 3.12.11, Platform: Linux-6.6.87.2-microsoft-standard-WSL2-x86_64-with-glibc2.36","logger":"snowflake.connector.connection"}
{"timestamp":"2025-08-21T07:08:12.154466","level":"info","event":"Connecting to GLOBAL Snowflake domain","logger":"snowflake.connector.connection"}
{"timestamp":"2025-08-21T07:08:13.268862","level":"info","event":"Running statement: TRUNCATE TABLE POLLUTION_OVERTIME.POLLUTANTS_FACT;, parameters: None","logger":"airflow.task.hooks.airflow.providers.snowflake.hooks.snowflake.SnowflakeHook"}
{"timestamp":"2025-08-21T07:08:13.269098","level":"info","event":"Running statement: TRUNCATE TABLE POLLUTION_OVERTIME.POLLUTANTS_FACT;, parameters: None","logger":"airflow.task.hooks.airflow.providers.snowflake.hooks.snowflake.SnowflakeHook"}
{"timestamp":"2025-08-21T07:08:13.960078","level":"info","event":"Rows affected: 1","logger":"airflow.task.hooks.airflow.providers.snowflake.hooks.snowflake.SnowflakeHook"}
{"timestamp":"2025-08-21T07:08:13.960528","level":"info","event":"Rows affected: 1","logger":"airflow.task.hooks.airflow.providers.snowflake.hooks.snowflake.SnowflakeHook"}
{"timestamp":"2025-08-21T07:08:13.960630","level":"info","event":"Snowflake query id: 01be834c-0000-abf1-0000-c31d000516aa","logger":"airflow.task.hooks.airflow.providers.snowflake.hooks.snowflake.SnowflakeHook"}
{"timestamp":"2025-08-21T07:08:14.695259","level":"info","event":"Pushing xcom","ti":"RuntimeTaskInstance(id=UUID('0198cb74-9bac-7f74-a6d4-169ae7ddc573'), task_id='truncate_pollutants_fact', dag_id='weather_to_snowflake_pipeline', run_id='manual__2025-08-21T07:07:53.602928+00:00', try_number=1, map_index=-1, hostname='74754e3105f5', context_carrier={}, task=<Task(SQLExecuteQueryOperator): truncate_pollutants_fact>, bundle_instance=LocalDagBundle(name=dags-folder), max_tries=0, start_date=datetime.datetime(2025, 8, 21, 7, 8, 9, 342965, tzinfo=datetime.timezone.utc), end_date=None, state=<TaskInstanceState.RUNNING: 'running'>, is_mapped=False, rendered_map_index=None, log_url='http://localhost:8080/dags/weather_to_snowflake_pipeline/runs/manual__2025-08-21T07%3A07%3A53.602928%2B00%3A00/tasks/truncate_pollutants_fact?try_number=1')","logger":"task"}
{"timestamp":"2025-08-21T07:08:14.835029Z","level":"info","event":"Task instance in success state","chan":"stdout","logger":"task"}
{"timestamp":"2025-08-21T07:08:14.836581Z","level":"info","event":" Previous state of the Task instance: TaskInstanceState.RUNNING","chan":"stdout","logger":"task"}
{"timestamp":"2025-08-21T07:08:14.837644Z","level":"info","event":"Task operator:<Task(SQLExecuteQueryOperator): truncate_pollutants_fact>","chan":"stdout","logger":"task"}
