{"timestamp":"2025-08-21T09:35:43.545151","level":"info","event":"DAG bundles loaded: dags-folder, example_dags","logger":"airflow.dag_processing.bundles.manager.DagBundlesManager"}
{"timestamp":"2025-08-21T09:35:43.547189","level":"info","event":"Filling up the DagBag from /opt/airflow/dags/fetchin_cleaning.py","logger":"airflow.models.dagbag.DagBag"}
{"timestamp":"2025-08-21T09:35:43.696581Z","level":"info","event":"Task instance is in running state","chan":"stdout","logger":"task"}
{"timestamp":"2025-08-21T09:35:43.697850Z","level":"info","event":" Previous state of the Task instance: TaskInstanceState.QUEUED","chan":"stdout","logger":"task"}
{"timestamp":"2025-08-21T09:35:43.699691Z","level":"info","event":"Current task name:load_weather_fact","chan":"stdout","logger":"task"}
{"timestamp":"2025-08-21T09:35:43.700248Z","level":"info","event":"Dag name:weather_to_snowflake_pipeline","chan":"stdout","logger":"task"}
{"timestamp":"2025-08-21T09:35:43.697560","level":"info","event":"Executing: \n        COPY INTO POLLUTION_OVERTIME.WEATHER_FACT\n        FROM '@%WEATHER_FACT'\n        FILE_FORMAT = (TYPE = CSV FIELD_OPTIONALLY_ENCLOSED_BY='\"' SKIP_HEADER=1)\n        FORCE = TRUE;\n        ","logger":"airflow.task.operators.airflow.providers.common.sql.operators.sql.SQLExecuteQueryOperator"}
{"timestamp":"2025-08-21T09:35:43.700578","level":"warning","event":"/home/airflow/.local/lib/python3.12/site-packages/airflow/models/connection.py:471: DeprecationWarning: Using Connection.get_connection_from_secrets from `airflow.models` is deprecated.Please use `from airflow.sdk import Connection` instead\n  warnings.warn(\n","logger":"py.warnings"}
{"timestamp":"2025-08-21T09:35:43.719071","level":"info","event":"Connection Retrieved 'weather_pollution'","logger":"airflow.hooks.base"}
{"timestamp":"2025-08-21T09:35:44.901959","level":"warning","event":"/home/airflow/.local/lib/python3.12/site-packages/airflow/models/connection.py:471: DeprecationWarning: Using Connection.get_connection_from_secrets from `airflow.models` is deprecated.Please use `from airflow.sdk import Connection` instead\n  warnings.warn(\n","logger":"py.warnings"}
{"timestamp":"2025-08-21T09:35:44.915245","level":"info","event":"Connection Retrieved 'weather_pollution'","logger":"airflow.hooks.base"}
{"timestamp":"2025-08-21T09:35:44.916016","level":"info","event":"Snowflake Connector for Python Version: 3.16.0, Python Version: 3.12.11, Platform: Linux-6.6.87.2-microsoft-standard-WSL2-x86_64-with-glibc2.36","logger":"snowflake.connector.connection"}
{"timestamp":"2025-08-21T09:35:44.916726","level":"info","event":"Connecting to GLOBAL Snowflake domain","logger":"snowflake.connector.connection"}
{"timestamp":"2025-08-21T09:35:46.055202","level":"info","event":"Running statement: COPY INTO POLLUTION_OVERTIME.WEATHER_FACT\n        FROM '@%WEATHER_FACT'\n        FILE_FORMAT = (TYPE = CSV FIELD_OPTIONALLY_ENCLOSED_BY='\"' SKIP_HEADER=1)\n        FORCE = TRUE;, parameters: None","logger":"airflow.task.hooks.airflow.providers.snowflake.hooks.snowflake.SnowflakeHook"}
{"timestamp":"2025-08-21T09:35:46.055414","level":"info","event":"Running statement: COPY INTO POLLUTION_OVERTIME.WEATHER_FACT\n        FROM '@%WEATHER_FACT'\n        FILE_FORMAT = (TYPE = CSV FIELD_OPTIONALLY_ENCLOSED_BY='\"' SKIP_HEADER=1)\n        FORCE = TRUE;, parameters: None","logger":"airflow.task.hooks.airflow.providers.snowflake.hooks.snowflake.SnowflakeHook"}
{"timestamp":"2025-08-21T09:35:47.645987","level":"info","event":"Rows affected: 1","logger":"airflow.task.hooks.airflow.providers.snowflake.hooks.snowflake.SnowflakeHook"}
{"timestamp":"2025-08-21T09:35:47.646413","level":"info","event":"Rows affected: 1","logger":"airflow.task.hooks.airflow.providers.snowflake.hooks.snowflake.SnowflakeHook"}
{"timestamp":"2025-08-21T09:35:47.646515","level":"info","event":"Snowflake query id: 01be83df-0000-abf1-0000-c31d00055576","logger":"airflow.task.hooks.airflow.providers.snowflake.hooks.snowflake.SnowflakeHook"}
{"timestamp":"2025-08-21T09:35:48.357950","level":"info","event":"Pushing xcom","ti":"RuntimeTaskInstance(id=UUID('0198cbfb-7e3e-7c38-bbad-4b6b3663559d'), task_id='load_weather_fact', dag_id='weather_to_snowflake_pipeline', run_id='manual__2025-08-21T09:35:13.323735+00:00', try_number=1, map_index=-1, hostname='74754e3105f5', context_carrier={}, task=<Task(SQLExecuteQueryOperator): load_weather_fact>, bundle_instance=LocalDagBundle(name=dags-folder), max_tries=0, start_date=datetime.datetime(2025, 8, 21, 9, 35, 41, 979242, tzinfo=datetime.timezone.utc), end_date=None, state=<TaskInstanceState.RUNNING: 'running'>, is_mapped=False, rendered_map_index=None, log_url='http://localhost:8080/dags/weather_to_snowflake_pipeline/runs/manual__2025-08-21T09%3A35%3A13.323735%2B00%3A00/tasks/load_weather_fact?try_number=1')","logger":"task"}
{"timestamp":"2025-08-21T09:35:48.447735Z","level":"info","event":"Task instance in success state","chan":"stdout","logger":"task"}
{"timestamp":"2025-08-21T09:35:48.448357Z","level":"info","event":" Previous state of the Task instance: TaskInstanceState.RUNNING","chan":"stdout","logger":"task"}
{"timestamp":"2025-08-21T09:35:48.448989Z","level":"info","event":"Task operator:<Task(SQLExecuteQueryOperator): load_weather_fact>","chan":"stdout","logger":"task"}
