{"timestamp":"2025-08-21T06:54:55.993863","level":"info","event":"DAG bundles loaded: dags-folder, example_dags","logger":"airflow.dag_processing.bundles.manager.DagBundlesManager"}
{"timestamp":"2025-08-21T06:54:55.995031","level":"info","event":"Filling up the DagBag from /opt/airflow/dags/fetchin_cleaning.py","logger":"airflow.models.dagbag.DagBag"}
{"timestamp":"2025-08-21T06:54:56.081723Z","level":"info","event":"Task instance is in running state","chan":"stdout","logger":"task"}
{"timestamp":"2025-08-21T06:54:56.082354Z","level":"info","event":" Previous state of the Task instance: TaskInstanceState.QUEUED","chan":"stdout","logger":"task"}
{"timestamp":"2025-08-21T06:54:56.084583Z","level":"info","event":"Current task name:clean_data","chan":"stdout","logger":"task"}
{"timestamp":"2025-08-21T06:54:56.084993Z","level":"info","event":"Dag name:weather_to_snowflake_pipeline","chan":"stdout","logger":"task"}
{"timestamp":"2025-08-21T06:54:57.592731Z","level":"info","event":"0","chan":"stdout","logger":"task"}
{"timestamp":"2025-08-21T06:54:57.594030Z","level":"info","event":"base                          False","chan":"stdout","logger":"task"}
{"timestamp":"2025-08-21T06:54:57.595331Z","level":"info","event":"visibility                    False","chan":"stdout","logger":"task"}
{"timestamp":"2025-08-21T06:54:57.595961Z","level":"info","event":"dt                            False","chan":"stdout","logger":"task"}
{"timestamp":"2025-08-21T06:54:57.596308Z","level":"info","event":"timezone                      False","chan":"stdout","logger":"task"}
{"timestamp":"2025-08-21T06:54:57.596719Z","level":"info","event":"id                            False","chan":"stdout","logger":"task"}
{"timestamp":"2025-08-21T06:54:57.597042Z","level":"info","event":"name                          False","chan":"stdout","logger":"task"}
{"timestamp":"2025-08-21T06:54:57.597332Z","level":"info","event":"cod                           False","chan":"stdout","logger":"task"}
{"timestamp":"2025-08-21T06:54:57.597616Z","level":"info","event":"coord_lon                     False","chan":"stdout","logger":"task"}
{"timestamp":"2025-08-21T06:54:57.597920Z","level":"info","event":"coord_lat                     False","chan":"stdout","logger":"task"}
{"timestamp":"2025-08-21T06:54:57.598226Z","level":"info","event":"main_temp                     False","chan":"stdout","logger":"task"}
{"timestamp":"2025-08-21T06:54:57.598639Z","level":"info","event":"main_feels_like               False","chan":"stdout","logger":"task"}
{"timestamp":"2025-08-21T06:54:57.598929Z","level":"info","event":"main_temp_min                 False","chan":"stdout","logger":"task"}
{"timestamp":"2025-08-21T06:54:57.599264Z","level":"info","event":"main_temp_max                 False","chan":"stdout","logger":"task"}
{"timestamp":"2025-08-21T06:54:57.599651Z","level":"info","event":"main_pressure                 False","chan":"stdout","logger":"task"}
{"timestamp":"2025-08-21T06:54:57.599997Z","level":"info","event":"main_humidity                 False","chan":"stdout","logger":"task"}
{"timestamp":"2025-08-21T06:54:57.600297Z","level":"info","event":"main_sea_level                False","chan":"stdout","logger":"task"}
{"timestamp":"2025-08-21T06:54:57.600613Z","level":"info","event":"main_grnd_level               False","chan":"stdout","logger":"task"}
{"timestamp":"2025-08-21T06:54:57.600900Z","level":"info","event":"wind_speed                    False","chan":"stdout","logger":"task"}
{"timestamp":"2025-08-21T06:54:57.601552Z","level":"info","event":"wind_deg                      False","chan":"stdout","logger":"task"}
{"timestamp":"2025-08-21T06:54:57.601827Z","level":"info","event":"clouds_all                    False","chan":"stdout","logger":"task"}
{"timestamp":"2025-08-21T06:54:57.603012Z","level":"info","event":"sys_type                      False","chan":"stdout","logger":"task"}
{"timestamp":"2025-08-21T06:54:57.604881Z","level":"info","event":"sys_id                        False","chan":"stdout","logger":"task"}
{"timestamp":"2025-08-21T06:54:57.606561Z","level":"info","event":"sys_country                   False","chan":"stdout","logger":"task"}
{"timestamp":"2025-08-21T06:54:57.607440Z","level":"info","event":"sys_sunrise                   False","chan":"stdout","logger":"task"}
{"timestamp":"2025-08-21T06:54:57.607863Z","level":"info","event":"sys_sunset                    False","chan":"stdout","logger":"task"}
{"timestamp":"2025-08-21T06:54:57.608467Z","level":"info","event":"weather_id                    False","chan":"stdout","logger":"task"}
{"timestamp":"2025-08-21T06:54:57.608755Z","level":"info","event":"weather_main                  False","chan":"stdout","logger":"task"}
{"timestamp":"2025-08-21T06:54:57.609058Z","level":"info","event":"weather_description           False","chan":"stdout","logger":"task"}
{"timestamp":"2025-08-21T06:54:57.609310Z","level":"info","event":"weather_icon                  False","chan":"stdout","logger":"task"}
{"timestamp":"2025-08-21T06:54:57.609859Z","level":"info","event":"wind_gust                      True","chan":"stdout","logger":"task"}
{"timestamp":"2025-08-21T06:54:57.610246Z","level":"info","event":"pollution_dt                  False","chan":"stdout","logger":"task"}
{"timestamp":"2025-08-21T06:54:57.610531Z","level":"info","event":"pollution_main_aqi            False","chan":"stdout","logger":"task"}
{"timestamp":"2025-08-21T06:54:57.610846Z","level":"info","event":"pollution_components_co       False","chan":"stdout","logger":"task"}
{"timestamp":"2025-08-21T06:54:57.611150Z","level":"info","event":"pollution_components_no       False","chan":"stdout","logger":"task"}
{"timestamp":"2025-08-21T06:54:57.611454Z","level":"info","event":"pollution_components_no2      False","chan":"stdout","logger":"task"}
{"timestamp":"2025-08-21T06:54:57.612881Z","level":"info","event":"pollution_components_o3       False","chan":"stdout","logger":"task"}
{"timestamp":"2025-08-21T06:54:57.613764Z","level":"info","event":"pollution_components_so2      False","chan":"stdout","logger":"task"}
{"timestamp":"2025-08-21T06:54:57.614382Z","level":"info","event":"pollution_components_pm2_5    False","chan":"stdout","logger":"task"}
{"timestamp":"2025-08-21T06:54:57.614752Z","level":"info","event":"pollution_components_pm10     False","chan":"stdout","logger":"task"}
{"timestamp":"2025-08-21T06:54:57.615209Z","level":"info","event":"pollution_components_nh3      False","chan":"stdout","logger":"task"}
{"timestamp":"2025-08-21T06:54:57.615651Z","level":"info","event":"dtype: bool","chan":"stdout","logger":"task"}
{"timestamp":"2025-08-21T06:54:57.615988Z","level":"info","event":"base                          False","chan":"stdout","logger":"task"}
{"timestamp":"2025-08-21T06:54:57.616312Z","level":"info","event":"visibility                    False","chan":"stdout","logger":"task"}
{"timestamp":"2025-08-21T06:54:57.616617Z","level":"info","event":"dt                            False","chan":"stdout","logger":"task"}
{"timestamp":"2025-08-21T06:54:57.616924Z","level":"info","event":"timezone                      False","chan":"stdout","logger":"task"}
{"timestamp":"2025-08-21T06:54:57.617223Z","level":"info","event":"id                            False","chan":"stdout","logger":"task"}
{"timestamp":"2025-08-21T06:54:57.617535Z","level":"info","event":"name                          False","chan":"stdout","logger":"task"}
{"timestamp":"2025-08-21T06:54:57.617923Z","level":"info","event":"cod                           False","chan":"stdout","logger":"task"}
{"timestamp":"2025-08-21T06:54:57.618350Z","level":"info","event":"coord_lon                     False","chan":"stdout","logger":"task"}
{"timestamp":"2025-08-21T06:54:57.618925Z","level":"info","event":"coord_lat                     False","chan":"stdout","logger":"task"}
{"timestamp":"2025-08-21T06:54:57.619283Z","level":"info","event":"main_temp                     False","chan":"stdout","logger":"task"}
{"timestamp":"2025-08-21T06:54:57.619574Z","level":"info","event":"main_feels_like               False","chan":"stdout","logger":"task"}
{"timestamp":"2025-08-21T06:54:57.620055Z","level":"info","event":"main_temp_min                 False","chan":"stdout","logger":"task"}
{"timestamp":"2025-08-21T06:54:57.620473Z","level":"info","event":"main_temp_max                 False","chan":"stdout","logger":"task"}
{"timestamp":"2025-08-21T06:54:57.623336Z","level":"info","event":"main_pressure                 False","chan":"stdout","logger":"task"}
{"timestamp":"2025-08-21T06:54:57.624060Z","level":"info","event":"main_humidity                 False","chan":"stdout","logger":"task"}
{"timestamp":"2025-08-21T06:54:57.624722Z","level":"info","event":"main_sea_level                False","chan":"stdout","logger":"task"}
{"timestamp":"2025-08-21T06:54:57.625114Z","level":"info","event":"main_grnd_level               False","chan":"stdout","logger":"task"}
{"timestamp":"2025-08-21T06:54:57.625450Z","level":"info","event":"wind_speed                    False","chan":"stdout","logger":"task"}
{"timestamp":"2025-08-21T06:54:57.625817Z","level":"info","event":"wind_deg                      False","chan":"stdout","logger":"task"}
{"timestamp":"2025-08-21T06:54:57.626531Z","level":"info","event":"clouds_all                    False","chan":"stdout","logger":"task"}
{"timestamp":"2025-08-21T06:54:57.627057Z","level":"info","event":"sys_type                      False","chan":"stdout","logger":"task"}
{"timestamp":"2025-08-21T06:54:57.627409Z","level":"info","event":"sys_id                        False","chan":"stdout","logger":"task"}
{"timestamp":"2025-08-21T06:54:57.627795Z","level":"info","event":"sys_country                   False","chan":"stdout","logger":"task"}
{"timestamp":"2025-08-21T06:54:57.628109Z","level":"info","event":"sys_sunrise                   False","chan":"stdout","logger":"task"}
{"timestamp":"2025-08-21T06:54:57.628784Z","level":"info","event":"sys_sunset                    False","chan":"stdout","logger":"task"}
{"timestamp":"2025-08-21T06:54:57.629347Z","level":"info","event":"weather_id                    False","chan":"stdout","logger":"task"}
{"timestamp":"2025-08-21T06:54:57.629708Z","level":"info","event":"weather_main                  False","chan":"stdout","logger":"task"}
{"timestamp":"2025-08-21T06:54:57.630120Z","level":"info","event":"weather_description           False","chan":"stdout","logger":"task"}
{"timestamp":"2025-08-21T06:54:57.630497Z","level":"info","event":"weather_icon                  False","chan":"stdout","logger":"task"}
{"timestamp":"2025-08-21T06:54:57.630843Z","level":"info","event":"pollution_dt                  False","chan":"stdout","logger":"task"}
{"timestamp":"2025-08-21T06:54:57.631196Z","level":"info","event":"pollution_main_aqi            False","chan":"stdout","logger":"task"}
{"timestamp":"2025-08-21T06:54:57.631690Z","level":"info","event":"pollution_components_co       False","chan":"stdout","logger":"task"}
{"timestamp":"2025-08-21T06:54:57.632033Z","level":"info","event":"pollution_components_no       False","chan":"stdout","logger":"task"}
{"timestamp":"2025-08-21T06:54:57.632370Z","level":"info","event":"pollution_components_no2      False","chan":"stdout","logger":"task"}
{"timestamp":"2025-08-21T06:54:57.632699Z","level":"info","event":"pollution_components_o3       False","chan":"stdout","logger":"task"}
{"timestamp":"2025-08-21T06:54:57.633074Z","level":"info","event":"pollution_components_so2      False","chan":"stdout","logger":"task"}
{"timestamp":"2025-08-21T06:54:57.633591Z","level":"info","event":"pollution_components_pm2_5    False","chan":"stdout","logger":"task"}
{"timestamp":"2025-08-21T06:54:57.634041Z","level":"info","event":"pollution_components_pm10     False","chan":"stdout","logger":"task"}
{"timestamp":"2025-08-21T06:54:57.634511Z","level":"info","event":"pollution_components_nh3      False","chan":"stdout","logger":"task"}
{"timestamp":"2025-08-21T06:54:57.637972Z","level":"info","event":"dtype: bool","chan":"stdout","logger":"task"}
{"timestamp":"2025-08-21T06:54:57.640031Z","level":"info","event":"<class 'pandas.core.frame.DataFrame'>","chan":"stdout","logger":"task"}
{"timestamp":"2025-08-21T06:54:57.640977Z","level":"info","event":"Index: 30 entries, cairo to beijing","chan":"stdout","logger":"task"}
{"timestamp":"2025-08-21T06:54:57.641832Z","level":"info","event":"Data columns (total 39 columns):","chan":"stdout","logger":"task"}
{"timestamp":"2025-08-21T06:54:57.642302Z","level":"info","event":" #   Column                      Non-Null Count  Dtype","chan":"stdout","logger":"task"}
{"timestamp":"2025-08-21T06:54:57.643322Z","level":"info","event":"---  ------                      --------------  -----","chan":"stdout","logger":"task"}
{"timestamp":"2025-08-21T06:54:57.644367Z","level":"info","event":" 0   base                        30 non-null     object","chan":"stdout","logger":"task"}
{"timestamp":"2025-08-21T06:54:57.644828Z","level":"info","event":" 1   visibility                  30 non-null     int64","chan":"stdout","logger":"task"}
{"timestamp":"2025-08-21T06:54:57.645448Z","level":"info","event":" 2   dt                          30 non-null     datetime64[ns]","chan":"stdout","logger":"task"}
{"timestamp":"2025-08-21T06:54:57.645921Z","level":"info","event":" 3   timezone                    30 non-null     int64","chan":"stdout","logger":"task"}
{"timestamp":"2025-08-21T06:54:57.646298Z","level":"info","event":" 4   id                          30 non-null     int64","chan":"stdout","logger":"task"}
{"timestamp":"2025-08-21T06:54:57.646716Z","level":"info","event":" 5   name                        30 non-null     object","chan":"stdout","logger":"task"}
{"timestamp":"2025-08-21T06:54:57.647093Z","level":"info","event":" 6   cod                         30 non-null     int64","chan":"stdout","logger":"task"}
{"timestamp":"2025-08-21T06:54:57.647973Z","level":"info","event":" 7   coord_lon                   30 non-null     float64","chan":"stdout","logger":"task"}
{"timestamp":"2025-08-21T06:54:57.648593Z","level":"info","event":" 8   coord_lat                   30 non-null     float64","chan":"stdout","logger":"task"}
{"timestamp":"2025-08-21T06:54:57.649016Z","level":"info","event":" 9   main_temp                   30 non-null     float64","chan":"stdout","logger":"task"}
{"timestamp":"2025-08-21T06:54:57.649455Z","level":"info","event":" 10  main_feels_like             30 non-null     float64","chan":"stdout","logger":"task"}
{"timestamp":"2025-08-21T06:54:57.649822Z","level":"info","event":" 11  main_temp_min               30 non-null     float64","chan":"stdout","logger":"task"}
{"timestamp":"2025-08-21T06:54:57.650149Z","level":"info","event":" 12  main_temp_max               30 non-null     float64","chan":"stdout","logger":"task"}
{"timestamp":"2025-08-21T06:54:57.650489Z","level":"info","event":" 13  main_pressure               30 non-null     int64","chan":"stdout","logger":"task"}
{"timestamp":"2025-08-21T06:54:57.650827Z","level":"info","event":" 14  main_humidity               30 non-null     int64","chan":"stdout","logger":"task"}
{"timestamp":"2025-08-21T06:54:57.651956Z","level":"info","event":" 15  main_sea_level              30 non-null     int64","chan":"stdout","logger":"task"}
{"timestamp":"2025-08-21T06:54:57.652531Z","level":"info","event":" 16  main_grnd_level             30 non-null     int64","chan":"stdout","logger":"task"}
{"timestamp":"2025-08-21T06:54:57.653195Z","level":"info","event":" 17  wind_speed                  30 non-null     float64","chan":"stdout","logger":"task"}
{"timestamp":"2025-08-21T06:54:57.653907Z","level":"info","event":" 18  wind_deg                    30 non-null     int64","chan":"stdout","logger":"task"}
{"timestamp":"2025-08-21T06:54:57.654482Z","level":"info","event":" 19  clouds_all                  30 non-null     int64","chan":"stdout","logger":"task"}
{"timestamp":"2025-08-21T06:54:57.656307Z","level":"info","event":" 20  sys_type                    30 non-null     int64","chan":"stdout","logger":"task"}
{"timestamp":"2025-08-21T06:54:57.656919Z","level":"info","event":" 21  sys_id                      30 non-null     int64","chan":"stdout","logger":"task"}
{"timestamp":"2025-08-21T06:54:57.657415Z","level":"info","event":" 22  sys_country                 30 non-null     object","chan":"stdout","logger":"task"}
{"timestamp":"2025-08-21T06:54:57.660021Z","level":"info","event":" 23  sys_sunrise                 30 non-null     datetime64[ns]","chan":"stdout","logger":"task"}
{"timestamp":"2025-08-21T06:54:57.660615Z","level":"info","event":" 24  sys_sunset                  30 non-null     datetime64[ns]","chan":"stdout","logger":"task"}
{"timestamp":"2025-08-21T06:54:57.661102Z","level":"info","event":" 25  weather_id                  30 non-null     int64","chan":"stdout","logger":"task"}
{"timestamp":"2025-08-21T06:54:57.661452Z","level":"info","event":" 26  weather_main                30 non-null     object","chan":"stdout","logger":"task"}
{"timestamp":"2025-08-21T06:54:57.661819Z","level":"info","event":" 27  weather_description         30 non-null     object","chan":"stdout","logger":"task"}
{"timestamp":"2025-08-21T06:54:57.662721Z","level":"info","event":" 28  weather_icon                30 non-null     object","chan":"stdout","logger":"task"}
{"timestamp":"2025-08-21T06:54:57.663269Z","level":"info","event":" 29  pollution_dt                30 non-null     datetime64[ns]","chan":"stdout","logger":"task"}
{"timestamp":"2025-08-21T06:54:57.663847Z","level":"info","event":" 30  pollution_main_aqi          30 non-null     int64","chan":"stdout","logger":"task"}
{"timestamp":"2025-08-21T06:54:57.664374Z","level":"info","event":" 31  pollution_components_co     30 non-null     float64","chan":"stdout","logger":"task"}
{"timestamp":"2025-08-21T06:54:57.664902Z","level":"info","event":" 32  pollution_components_no     30 non-null     float64","chan":"stdout","logger":"task"}
{"timestamp":"2025-08-21T06:54:57.665535Z","level":"info","event":" 33  pollution_components_no2    30 non-null     float64","chan":"stdout","logger":"task"}
{"timestamp":"2025-08-21T06:54:57.665980Z","level":"info","event":" 34  pollution_components_o3     30 non-null     float64","chan":"stdout","logger":"task"}
{"timestamp":"2025-08-21T06:54:57.666411Z","level":"info","event":" 35  pollution_components_so2    30 non-null     float64","chan":"stdout","logger":"task"}
{"timestamp":"2025-08-21T06:54:57.666781Z","level":"info","event":" 36  pollution_components_pm2_5  30 non-null     float64","chan":"stdout","logger":"task"}
{"timestamp":"2025-08-21T06:54:57.669239Z","level":"info","event":" 37  pollution_components_pm10   30 non-null     float64","chan":"stdout","logger":"task"}
{"timestamp":"2025-08-21T06:54:57.671750Z","level":"info","event":" 38  pollution_components_nh3    30 non-null     float64","chan":"stdout","logger":"task"}
{"timestamp":"2025-08-21T06:54:57.673648Z","level":"info","event":"dtypes: datetime64[ns](4), float64(15), int64(14), object(6)","chan":"stdout","logger":"task"}
{"timestamp":"2025-08-21T06:54:57.676233Z","level":"info","event":"memory usage: 9.4+ KB","chan":"stdout","logger":"task"}
{"timestamp":"2025-08-21T06:54:57.866847","level":"info","event":"Done. Returned value was: None","logger":"airflow.task.operators.airflow.providers.standard.operators.python.PythonOperator"}
{"timestamp":"2025-08-21T06:54:57.896321Z","level":"info","event":"Task instance in success state","chan":"stdout","logger":"task"}
{"timestamp":"2025-08-21T06:54:57.899732Z","level":"info","event":" Previous state of the Task instance: TaskInstanceState.RUNNING","chan":"stdout","logger":"task"}
{"timestamp":"2025-08-21T06:54:57.900400Z","level":"info","event":"Task operator:<Task(PythonOperator): clean_data>","chan":"stdout","logger":"task"}
