{"timestamp":"2025-08-21T06:54:33.396216","level":"info","event":"DAG bundles loaded: dags-folder, example_dags","logger":"airflow.dag_processing.bundles.manager.DagBundlesManager"}
{"timestamp":"2025-08-21T06:54:33.397138","level":"info","event":"Filling up the DagBag from /opt/airflow/dags/fetchin_cleaning.py","logger":"airflow.models.dagbag.DagBag"}
{"timestamp":"2025-08-21T06:54:33.490059Z","level":"info","event":"Task instance is in running state","chan":"stdout","logger":"task"}
{"timestamp":"2025-08-21T06:54:33.490509Z","level":"info","event":" Previous state of the Task instance: TaskInstanceState.QUEUED","chan":"stdout","logger":"task"}
{"timestamp":"2025-08-21T06:54:33.491102Z","level":"info","event":"Current task name:load_weather_dim","chan":"stdout","logger":"task"}
{"timestamp":"2025-08-21T06:54:33.491571Z","level":"info","event":"Dag name:weather_to_snowflake_pipeline","chan":"stdout","logger":"task"}
{"timestamp":"2025-08-21T06:54:33.490907","level":"info","event":"Executing: \n        COPY INTO POLLUTION_OVERTIME.WEATHER_DIM\n        FROM '@%WEATHER_DIM'\n        FILE_FORMAT = (TYPE = CSV FIELD_OPTIONALLY_ENCLOSED_BY='\"' SKIP_HEADER=1)\n        FORCE = TRUE;\n        ","logger":"airflow.task.operators.airflow.providers.common.sql.operators.sql.SQLExecuteQueryOperator"}
{"timestamp":"2025-08-21T06:54:33.493549","level":"warning","event":"/home/airflow/.local/lib/python3.12/site-packages/airflow/models/connection.py:471: DeprecationWarning: Using Connection.get_connection_from_secrets from `airflow.models` is deprecated.Please use `from airflow.sdk import Connection` instead\n  warnings.warn(\n","logger":"py.warnings"}
{"timestamp":"2025-08-21T06:54:33.505231","level":"info","event":"Connection Retrieved 'weather_pollution'","logger":"airflow.hooks.base"}
{"timestamp":"2025-08-21T06:54:33.826168","level":"warning","event":"/home/airflow/.local/lib/python3.12/site-packages/airflow/models/connection.py:471: DeprecationWarning: Using Connection.get_connection_from_secrets from `airflow.models` is deprecated.Please use `from airflow.sdk import Connection` instead\n  warnings.warn(\n","logger":"py.warnings"}
{"timestamp":"2025-08-21T06:54:33.837141","level":"info","event":"Connection Retrieved 'weather_pollution'","logger":"airflow.hooks.base"}
{"timestamp":"2025-08-21T06:54:33.837880","level":"info","event":"Snowflake Connector for Python Version: 3.16.0, Python Version: 3.12.11, Platform: Linux-6.6.87.2-microsoft-standard-WSL2-x86_64-with-glibc2.36","logger":"snowflake.connector.connection"}
{"timestamp":"2025-08-21T06:54:33.838758","level":"info","event":"Connecting to GLOBAL Snowflake domain","logger":"snowflake.connector.connection"}
{"timestamp":"2025-08-21T06:54:35.467663","level":"info","event":"Running statement: COPY INTO POLLUTION_OVERTIME.WEATHER_DIM\n        FROM '@%WEATHER_DIM'\n        FILE_FORMAT = (TYPE = CSV FIELD_OPTIONALLY_ENCLOSED_BY='\"' SKIP_HEADER=1)\n        FORCE = TRUE;, parameters: None","logger":"airflow.task.hooks.airflow.providers.snowflake.hooks.snowflake.SnowflakeHook"}
{"timestamp":"2025-08-21T06:54:35.467896","level":"info","event":"Running statement: COPY INTO POLLUTION_OVERTIME.WEATHER_DIM\n        FROM '@%WEATHER_DIM'\n        FILE_FORMAT = (TYPE = CSV FIELD_OPTIONALLY_ENCLOSED_BY='\"' SKIP_HEADER=1)\n        FORCE = TRUE;, parameters: None","logger":"airflow.task.hooks.airflow.providers.snowflake.hooks.snowflake.SnowflakeHook"}
{"timestamp":"2025-08-21T06:54:37.078124","level":"info","event":"Rows affected: 1","logger":"airflow.task.hooks.airflow.providers.snowflake.hooks.snowflake.SnowflakeHook"}
{"timestamp":"2025-08-21T06:54:37.078556","level":"info","event":"Rows affected: 1","logger":"airflow.task.hooks.airflow.providers.snowflake.hooks.snowflake.SnowflakeHook"}
{"timestamp":"2025-08-21T06:54:37.078668","level":"info","event":"Snowflake query id: 01be833e-0000-aabe-0000-c31d0004de0a","logger":"airflow.task.hooks.airflow.providers.snowflake.hooks.snowflake.SnowflakeHook"}
{"timestamp":"2025-08-21T06:54:37.752874","level":"info","event":"Pushing xcom","ti":"RuntimeTaskInstance(id=UUID('0198cb68-1b00-7551-9b92-f5006076c80e'), task_id='load_weather_dim', dag_id='weather_to_snowflake_pipeline', run_id='manual__2025-08-21T06:54:14.202408+00:00', try_number=1, map_index=-1, hostname='74754e3105f5', context_carrier={}, task=<Task(SQLExecuteQueryOperator): load_weather_dim>, bundle_instance=LocalDagBundle(name=dags-folder), max_tries=0, start_date=datetime.datetime(2025, 8, 21, 6, 54, 32, 477182, tzinfo=datetime.timezone.utc), end_date=None, state=<TaskInstanceState.RUNNING: 'running'>, is_mapped=False, rendered_map_index=None, log_url='http://localhost:8080/dags/weather_to_snowflake_pipeline/runs/manual__2025-08-21T06%3A54%3A14.202408%2B00%3A00/tasks/load_weather_dim?try_number=1')","logger":"task"}
{"timestamp":"2025-08-21T06:54:37.845129Z","level":"info","event":"Task instance in success state","chan":"stdout","logger":"task"}
{"timestamp":"2025-08-21T06:54:37.845809Z","level":"info","event":" Previous state of the Task instance: TaskInstanceState.RUNNING","chan":"stdout","logger":"task"}
{"timestamp":"2025-08-21T06:54:37.846559Z","level":"info","event":"Task operator:<Task(SQLExecuteQueryOperator): load_weather_dim>","chan":"stdout","logger":"task"}
