{"timestamp":"2025-09-03T19:56:19.853762","level":"info","event":"DAG bundles loaded: dags-folder, example_dags","logger":"airflow.dag_processing.bundles.manager.DagBundlesManager"}
{"timestamp":"2025-09-03T19:56:19.858138","level":"info","event":"Filling up the DagBag from /opt/airflow/dags/fetchin_cleaning.py","logger":"airflow.models.dagbag.DagBag"}
{"timestamp":"2025-09-03T19:56:20.077461Z","level":"info","event":"Task instance is in running state","chan":"stdout","logger":"task"}
{"timestamp":"2025-09-03T19:56:20.079078Z","level":"info","event":" Previous state of the Task instance: TaskInstanceState.QUEUED","chan":"stdout","logger":"task"}
{"timestamp":"2025-09-03T19:56:20.083388Z","level":"info","event":"Current task name:stage_pollutants_fact","chan":"stdout","logger":"task"}
{"timestamp":"2025-09-03T19:56:20.085529Z","level":"info","event":"Dag name:weather_to_snowflake_pipeline","chan":"stdout","logger":"task"}
{"timestamp":"2025-09-03T19:56:20.078428","level":"info","event":"Executing: PUT file:///opt/airflow/data/pollutants_fact.csv @%POLLUTANTS_FACT OVERWRITE = TRUE;","logger":"airflow.task.operators.airflow.providers.common.sql.operators.sql.SQLExecuteQueryOperator"}
{"timestamp":"2025-09-03T19:56:20.085175","level":"warning","event":"/home/airflow/.local/lib/python3.12/site-packages/airflow/models/connection.py:471: DeprecationWarning: Using Connection.get_connection_from_secrets from `airflow.models` is deprecated.Please use `from airflow.sdk import Connection` instead\n  warnings.warn(\n","logger":"py.warnings"}
{"timestamp":"2025-09-03T19:56:20.110882","level":"info","event":"Connection Retrieved 'weather_pollution'","logger":"airflow.hooks.base"}
{"timestamp":"2025-09-03T19:56:22.461242","level":"warning","event":"/home/airflow/.local/lib/python3.12/site-packages/airflow/models/connection.py:471: DeprecationWarning: Using Connection.get_connection_from_secrets from `airflow.models` is deprecated.Please use `from airflow.sdk import Connection` instead\n  warnings.warn(\n","logger":"py.warnings"}
{"timestamp":"2025-09-03T19:56:22.472434","level":"info","event":"Connection Retrieved 'weather_pollution'","logger":"airflow.hooks.base"}
{"timestamp":"2025-09-03T19:56:22.473020","level":"info","event":"Snowflake Connector for Python Version: 3.16.0, Python Version: 3.12.11, Platform: Linux-6.6.87.2-microsoft-standard-WSL2-x86_64-with-glibc2.36","logger":"snowflake.connector.connection"}
{"timestamp":"2025-09-03T19:56:22.473667","level":"info","event":"Connecting to GLOBAL Snowflake domain","logger":"snowflake.connector.connection"}
{"timestamp":"2025-09-03T19:56:23.954162","level":"info","event":"Running statement: PUT file:///opt/airflow/data/pollutants_fact.csv @%POLLUTANTS_FACT OVERWRITE = TRUE;, parameters: None","logger":"airflow.task.hooks.airflow.providers.snowflake.hooks.snowflake.SnowflakeHook"}
{"timestamp":"2025-09-03T19:56:23.954388","level":"info","event":"Running statement: PUT file:///opt/airflow/data/pollutants_fact.csv @%POLLUTANTS_FACT OVERWRITE = TRUE;, parameters: None","logger":"airflow.task.hooks.airflow.providers.snowflake.hooks.snowflake.SnowflakeHook"}
{"timestamp":"2025-09-03T19:56:26.046662","level":"info","event":"Rows affected: 1","logger":"airflow.task.hooks.airflow.providers.snowflake.hooks.snowflake.SnowflakeHook"}
{"timestamp":"2025-09-03T19:56:26.047187","level":"info","event":"Rows affected: 1","logger":"airflow.task.hooks.airflow.providers.snowflake.hooks.snowflake.SnowflakeHook"}
{"timestamp":"2025-09-03T19:56:26.047323","level":"info","event":"Snowflake query id: 01becf6c-0000-b76c-0000-c31d0008a00a","logger":"airflow.task.hooks.airflow.providers.snowflake.hooks.snowflake.SnowflakeHook"}
{"timestamp":"2025-09-03T19:56:26.555898","level":"info","event":"Pushing xcom","ti":"RuntimeTaskInstance(id=UUID('01991126-9c53-7623-8f58-6e2c002102e2'), task_id='stage_pollutants_fact', dag_id='weather_to_snowflake_pipeline', run_id='manual__2025-09-03T19:56:07.091635+00:00', try_number=1, map_index=-1, hostname='894a893f40a3', context_carrier={}, task=<Task(SQLExecuteQueryOperator): stage_pollutants_fact>, bundle_instance=LocalDagBundle(name=dags-folder), max_tries=0, start_date=datetime.datetime(2025, 9, 3, 19, 56, 17, 628290, tzinfo=datetime.timezone.utc), end_date=None, state=<TaskInstanceState.RUNNING: 'running'>, is_mapped=False, rendered_map_index=None, log_url='http://localhost:8080/dags/weather_to_snowflake_pipeline/runs/manual__2025-09-03T19%3A56%3A07.091635%2B00%3A00/tasks/stage_pollutants_fact?try_number=1')","logger":"task"}
{"timestamp":"2025-09-03T19:56:26.592875Z","level":"info","event":"Task instance in success state","chan":"stdout","logger":"task"}
{"timestamp":"2025-09-03T19:56:26.593296Z","level":"info","event":" Previous state of the Task instance: TaskInstanceState.RUNNING","chan":"stdout","logger":"task"}
{"timestamp":"2025-09-03T19:56:26.593669Z","level":"info","event":"Task operator:<Task(SQLExecuteQueryOperator): stage_pollutants_fact>","chan":"stdout","logger":"task"}
