{"timestamp":"2025-08-21T06:37:45.825437","level":"info","event":"DAG bundles loaded: dags-folder, example_dags","logger":"airflow.dag_processing.bundles.manager.DagBundlesManager"}
{"timestamp":"2025-08-21T06:37:45.827043","level":"info","event":"Filling up the DagBag from /opt/airflow/dags/fetchin_cleaning.py","logger":"airflow.models.dagbag.DagBag"}
{"timestamp":"2025-08-21T06:37:45.965685Z","level":"info","event":"Task instance is in running state","chan":"stdout","logger":"task"}
{"timestamp":"2025-08-21T06:37:45.966486Z","level":"info","event":" Previous state of the Task instance: TaskInstanceState.QUEUED","chan":"stdout","logger":"task"}
{"timestamp":"2025-08-21T06:37:45.968081Z","level":"info","event":"Current task name:stage_weather_fact","chan":"stdout","logger":"task"}
{"timestamp":"2025-08-21T06:37:45.968512Z","level":"info","event":"Dag name:weather_to_snowflake_pipeline","chan":"stdout","logger":"task"}
{"timestamp":"2025-08-21T06:37:45.966669","level":"info","event":"Executing: PUT file:///opt/airflow/dags/weather_fact.csv @%WEATHER_FACT;","logger":"airflow.task.operators.airflow.providers.common.sql.operators.sql.SQLExecuteQueryOperator"}
{"timestamp":"2025-08-21T06:37:45.970503","level":"warning","event":"/home/airflow/.local/lib/python3.12/site-packages/airflow/models/connection.py:471: DeprecationWarning: Using Connection.get_connection_from_secrets from `airflow.models` is deprecated.Please use `from airflow.sdk import Connection` instead\n  warnings.warn(\n","logger":"py.warnings"}
{"timestamp":"2025-08-21T06:37:45.991939","level":"info","event":"Connection Retrieved 'weather_pollution'","logger":"airflow.hooks.base"}
{"timestamp":"2025-08-21T06:37:47.316595","level":"warning","event":"/home/airflow/.local/lib/python3.12/site-packages/airflow/models/connection.py:471: DeprecationWarning: Using Connection.get_connection_from_secrets from `airflow.models` is deprecated.Please use `from airflow.sdk import Connection` instead\n  warnings.warn(\n","logger":"py.warnings"}
{"timestamp":"2025-08-21T06:37:47.329841","level":"info","event":"Connection Retrieved 'weather_pollution'","logger":"airflow.hooks.base"}
{"timestamp":"2025-08-21T06:37:47.330431","level":"info","event":"Snowflake Connector for Python Version: 3.16.0, Python Version: 3.12.11, Platform: Linux-6.6.87.2-microsoft-standard-WSL2-x86_64-with-glibc2.36","logger":"snowflake.connector.connection"}
{"timestamp":"2025-08-21T06:37:47.331079","level":"info","event":"Connecting to GLOBAL Snowflake domain","logger":"snowflake.connector.connection"}
{"timestamp":"2025-08-21T06:37:48.468935","level":"info","event":"Running statement: PUT file:///opt/airflow/dags/weather_fact.csv @%WEATHER_FACT;, parameters: None","logger":"airflow.task.hooks.airflow.providers.snowflake.hooks.snowflake.SnowflakeHook"}
{"timestamp":"2025-08-21T06:37:48.469162","level":"info","event":"Running statement: PUT file:///opt/airflow/dags/weather_fact.csv @%WEATHER_FACT;, parameters: None","logger":"airflow.task.hooks.airflow.providers.snowflake.hooks.snowflake.SnowflakeHook"}
{"timestamp":"2025-08-21T06:37:49.526613","level":"info","event":"Rows affected: 1","logger":"airflow.task.hooks.airflow.providers.snowflake.hooks.snowflake.SnowflakeHook"}
{"timestamp":"2025-08-21T06:37:49.527227","level":"info","event":"Rows affected: 1","logger":"airflow.task.hooks.airflow.providers.snowflake.hooks.snowflake.SnowflakeHook"}
{"timestamp":"2025-08-21T06:37:49.527340","level":"info","event":"Snowflake query id: 01be832d-0000-aabe-0000-c31d0004dbca","logger":"airflow.task.hooks.airflow.providers.snowflake.hooks.snowflake.SnowflakeHook"}
{"timestamp":"2025-08-21T06:37:50.052364","level":"info","event":"Pushing xcom","ti":"RuntimeTaskInstance(id=UUID('0198cb58-d481-74e0-97e1-bbba73c4f60c'), task_id='stage_weather_fact', dag_id='weather_to_snowflake_pipeline', run_id='manual__2025-08-21T06:37:33.141263+00:00', try_number=1, map_index=-1, hostname='74754e3105f5', context_carrier={}, task=<Task(SQLExecuteQueryOperator): stage_weather_fact>, bundle_instance=LocalDagBundle(name=dags-folder), max_tries=0, start_date=datetime.datetime(2025, 8, 21, 6, 37, 44, 542627, tzinfo=datetime.timezone.utc), end_date=None, state=<TaskInstanceState.RUNNING: 'running'>, is_mapped=False, rendered_map_index=None, log_url='http://localhost:8080/dags/weather_to_snowflake_pipeline/runs/manual__2025-08-21T06%3A37%3A33.141263%2B00%3A00/tasks/stage_weather_fact?try_number=1')","logger":"task"}
{"timestamp":"2025-08-21T06:37:50.120689Z","level":"info","event":"Task instance in success state","chan":"stdout","logger":"task"}
{"timestamp":"2025-08-21T06:37:50.121254Z","level":"info","event":" Previous state of the Task instance: TaskInstanceState.RUNNING","chan":"stdout","logger":"task"}
{"timestamp":"2025-08-21T06:37:50.121752Z","level":"info","event":"Task operator:<Task(SQLExecuteQueryOperator): stage_weather_fact>","chan":"stdout","logger":"task"}
