{"timestamp":"2025-08-21T06:51:12.876745","level":"info","event":"DAG bundles loaded: dags-folder, example_dags","logger":"airflow.dag_processing.bundles.manager.DagBundlesManager"}
{"timestamp":"2025-08-21T06:51:12.877913","level":"info","event":"Filling up the DagBag from /opt/airflow/dags/fetchin_cleaning.py","logger":"airflow.models.dagbag.DagBag"}
{"timestamp":"2025-08-21T06:51:13.018596Z","level":"info","event":"Task instance is in running state","chan":"stdout","logger":"task"}
{"timestamp":"2025-08-21T06:51:13.019719Z","level":"info","event":" Previous state of the Task instance: TaskInstanceState.QUEUED","chan":"stdout","logger":"task"}
{"timestamp":"2025-08-21T06:51:13.021608Z","level":"info","event":"Current task name:clean_data","chan":"stdout","logger":"task"}
{"timestamp":"2025-08-21T06:51:13.022216Z","level":"info","event":"Dag name:weather_to_snowflake_pipeline","chan":"stdout","logger":"task"}
{"timestamp":"2025-08-21T06:51:15.013706Z","level":"info","event":"0","chan":"stdout","logger":"task"}
{"timestamp":"2025-08-21T06:51:15.014219Z","level":"info","event":"base                          False","chan":"stdout","logger":"task"}
{"timestamp":"2025-08-21T06:51:15.014528Z","level":"info","event":"visibility                    False","chan":"stdout","logger":"task"}
{"timestamp":"2025-08-21T06:51:15.014779Z","level":"info","event":"dt                            False","chan":"stdout","logger":"task"}
{"timestamp":"2025-08-21T06:51:15.015045Z","level":"info","event":"timezone                      False","chan":"stdout","logger":"task"}
{"timestamp":"2025-08-21T06:51:15.015417Z","level":"info","event":"id                            False","chan":"stdout","logger":"task"}
{"timestamp":"2025-08-21T06:51:15.015677Z","level":"info","event":"name                          False","chan":"stdout","logger":"task"}
{"timestamp":"2025-08-21T06:51:15.015943Z","level":"info","event":"cod                           False","chan":"stdout","logger":"task"}
{"timestamp":"2025-08-21T06:51:15.016299Z","level":"info","event":"coord_lon                     False","chan":"stdout","logger":"task"}
{"timestamp":"2025-08-21T06:51:15.016620Z","level":"info","event":"coord_lat                     False","chan":"stdout","logger":"task"}
{"timestamp":"2025-08-21T06:51:15.016947Z","level":"info","event":"main_temp                     False","chan":"stdout","logger":"task"}
{"timestamp":"2025-08-21T06:51:15.017233Z","level":"info","event":"main_feels_like               False","chan":"stdout","logger":"task"}
{"timestamp":"2025-08-21T06:51:15.017504Z","level":"info","event":"main_temp_min                 False","chan":"stdout","logger":"task"}
{"timestamp":"2025-08-21T06:51:15.017754Z","level":"info","event":"main_temp_max                 False","chan":"stdout","logger":"task"}
{"timestamp":"2025-08-21T06:51:15.018013Z","level":"info","event":"main_pressure                 False","chan":"stdout","logger":"task"}
{"timestamp":"2025-08-21T06:51:15.018257Z","level":"info","event":"main_humidity                 False","chan":"stdout","logger":"task"}
{"timestamp":"2025-08-21T06:51:15.018499Z","level":"info","event":"main_sea_level                False","chan":"stdout","logger":"task"}
{"timestamp":"2025-08-21T06:51:15.018738Z","level":"info","event":"main_grnd_level               False","chan":"stdout","logger":"task"}
{"timestamp":"2025-08-21T06:51:15.018987Z","level":"info","event":"wind_speed                    False","chan":"stdout","logger":"task"}
{"timestamp":"2025-08-21T06:51:15.019273Z","level":"info","event":"wind_deg                      False","chan":"stdout","logger":"task"}
{"timestamp":"2025-08-21T06:51:15.019580Z","level":"info","event":"clouds_all                    False","chan":"stdout","logger":"task"}
{"timestamp":"2025-08-21T06:51:15.019907Z","level":"info","event":"sys_type                      False","chan":"stdout","logger":"task"}
{"timestamp":"2025-08-21T06:51:15.020199Z","level":"info","event":"sys_id                        False","chan":"stdout","logger":"task"}
{"timestamp":"2025-08-21T06:51:15.020521Z","level":"info","event":"sys_country                   False","chan":"stdout","logger":"task"}
{"timestamp":"2025-08-21T06:51:15.020952Z","level":"info","event":"sys_sunrise                   False","chan":"stdout","logger":"task"}
{"timestamp":"2025-08-21T06:51:15.021287Z","level":"info","event":"sys_sunset                    False","chan":"stdout","logger":"task"}
{"timestamp":"2025-08-21T06:51:15.021576Z","level":"info","event":"weather_id                    False","chan":"stdout","logger":"task"}
{"timestamp":"2025-08-21T06:51:15.021853Z","level":"info","event":"weather_main                  False","chan":"stdout","logger":"task"}
{"timestamp":"2025-08-21T06:51:15.022143Z","level":"info","event":"weather_description           False","chan":"stdout","logger":"task"}
{"timestamp":"2025-08-21T06:51:15.022411Z","level":"info","event":"weather_icon                  False","chan":"stdout","logger":"task"}
{"timestamp":"2025-08-21T06:51:15.022661Z","level":"info","event":"wind_gust                      True","chan":"stdout","logger":"task"}
{"timestamp":"2025-08-21T06:51:15.022957Z","level":"info","event":"pollution_dt                  False","chan":"stdout","logger":"task"}
{"timestamp":"2025-08-21T06:51:15.023305Z","level":"info","event":"pollution_main_aqi            False","chan":"stdout","logger":"task"}
{"timestamp":"2025-08-21T06:51:15.023609Z","level":"info","event":"pollution_components_co       False","chan":"stdout","logger":"task"}
{"timestamp":"2025-08-21T06:51:15.023895Z","level":"info","event":"pollution_components_no       False","chan":"stdout","logger":"task"}
{"timestamp":"2025-08-21T06:51:15.024216Z","level":"info","event":"pollution_components_no2      False","chan":"stdout","logger":"task"}
{"timestamp":"2025-08-21T06:51:15.026029Z","level":"info","event":"pollution_components_o3       False","chan":"stdout","logger":"task"}
{"timestamp":"2025-08-21T06:51:15.026760Z","level":"info","event":"pollution_components_so2      False","chan":"stdout","logger":"task"}
{"timestamp":"2025-08-21T06:51:15.027867Z","level":"info","event":"pollution_components_pm2_5    False","chan":"stdout","logger":"task"}
{"timestamp":"2025-08-21T06:51:15.030104Z","level":"info","event":"pollution_components_pm10     False","chan":"stdout","logger":"task"}
{"timestamp":"2025-08-21T06:51:15.030694Z","level":"info","event":"pollution_components_nh3      False","chan":"stdout","logger":"task"}
{"timestamp":"2025-08-21T06:51:15.031011Z","level":"info","event":"dtype: bool","chan":"stdout","logger":"task"}
{"timestamp":"2025-08-21T06:51:15.031383Z","level":"info","event":"base                          False","chan":"stdout","logger":"task"}
{"timestamp":"2025-08-21T06:51:15.032051Z","level":"info","event":"visibility                    False","chan":"stdout","logger":"task"}
{"timestamp":"2025-08-21T06:51:15.032373Z","level":"info","event":"dt                            False","chan":"stdout","logger":"task"}
{"timestamp":"2025-08-21T06:51:15.032668Z","level":"info","event":"timezone                      False","chan":"stdout","logger":"task"}
{"timestamp":"2025-08-21T06:51:15.032993Z","level":"info","event":"id                            False","chan":"stdout","logger":"task"}
{"timestamp":"2025-08-21T06:51:15.033300Z","level":"info","event":"name                          False","chan":"stdout","logger":"task"}
{"timestamp":"2025-08-21T06:51:15.033682Z","level":"info","event":"cod                           False","chan":"stdout","logger":"task"}
{"timestamp":"2025-08-21T06:51:15.034001Z","level":"info","event":"coord_lon                     False","chan":"stdout","logger":"task"}
{"timestamp":"2025-08-21T06:51:15.034333Z","level":"info","event":"coord_lat                     False","chan":"stdout","logger":"task"}
{"timestamp":"2025-08-21T06:51:15.034650Z","level":"info","event":"main_temp                     False","chan":"stdout","logger":"task"}
{"timestamp":"2025-08-21T06:51:15.034965Z","level":"info","event":"main_feels_like               False","chan":"stdout","logger":"task"}
{"timestamp":"2025-08-21T06:51:15.035311Z","level":"info","event":"main_temp_min                 False","chan":"stdout","logger":"task"}
{"timestamp":"2025-08-21T06:51:15.035714Z","level":"info","event":"main_temp_max                 False","chan":"stdout","logger":"task"}
{"timestamp":"2025-08-21T06:51:15.036249Z","level":"info","event":"main_pressure                 False","chan":"stdout","logger":"task"}
{"timestamp":"2025-08-21T06:51:15.036564Z","level":"info","event":"main_humidity                 False","chan":"stdout","logger":"task"}
{"timestamp":"2025-08-21T06:51:15.036959Z","level":"info","event":"main_sea_level                False","chan":"stdout","logger":"task"}
{"timestamp":"2025-08-21T06:51:15.037257Z","level":"info","event":"main_grnd_level               False","chan":"stdout","logger":"task"}
{"timestamp":"2025-08-21T06:51:15.037561Z","level":"info","event":"wind_speed                    False","chan":"stdout","logger":"task"}
{"timestamp":"2025-08-21T06:51:15.037843Z","level":"info","event":"wind_deg                      False","chan":"stdout","logger":"task"}
{"timestamp":"2025-08-21T06:51:15.038145Z","level":"info","event":"clouds_all                    False","chan":"stdout","logger":"task"}
{"timestamp":"2025-08-21T06:51:15.038446Z","level":"info","event":"sys_type                      False","chan":"stdout","logger":"task"}
{"timestamp":"2025-08-21T06:51:15.038760Z","level":"info","event":"sys_id                        False","chan":"stdout","logger":"task"}
{"timestamp":"2025-08-21T06:51:15.039028Z","level":"info","event":"sys_country                   False","chan":"stdout","logger":"task"}
{"timestamp":"2025-08-21T06:51:15.039285Z","level":"info","event":"sys_sunrise                   False","chan":"stdout","logger":"task"}
{"timestamp":"2025-08-21T06:51:15.039540Z","level":"info","event":"sys_sunset                    False","chan":"stdout","logger":"task"}
{"timestamp":"2025-08-21T06:51:15.039793Z","level":"info","event":"weather_id                    False","chan":"stdout","logger":"task"}
{"timestamp":"2025-08-21T06:51:15.040056Z","level":"info","event":"weather_main                  False","chan":"stdout","logger":"task"}
{"timestamp":"2025-08-21T06:51:15.040307Z","level":"info","event":"weather_description           False","chan":"stdout","logger":"task"}
{"timestamp":"2025-08-21T06:51:15.040566Z","level":"info","event":"weather_icon                  False","chan":"stdout","logger":"task"}
{"timestamp":"2025-08-21T06:51:15.040883Z","level":"info","event":"pollution_dt                  False","chan":"stdout","logger":"task"}
{"timestamp":"2025-08-21T06:51:15.041185Z","level":"info","event":"pollution_main_aqi            False","chan":"stdout","logger":"task"}
{"timestamp":"2025-08-21T06:51:15.041496Z","level":"info","event":"pollution_components_co       False","chan":"stdout","logger":"task"}
{"timestamp":"2025-08-21T06:51:15.041964Z","level":"info","event":"pollution_components_no       False","chan":"stdout","logger":"task"}
{"timestamp":"2025-08-21T06:51:15.042291Z","level":"info","event":"pollution_components_no2      False","chan":"stdout","logger":"task"}
{"timestamp":"2025-08-21T06:51:15.042598Z","level":"info","event":"pollution_components_o3       False","chan":"stdout","logger":"task"}
{"timestamp":"2025-08-21T06:51:15.042908Z","level":"info","event":"pollution_components_so2      False","chan":"stdout","logger":"task"}
{"timestamp":"2025-08-21T06:51:15.043194Z","level":"info","event":"pollution_components_pm2_5    False","chan":"stdout","logger":"task"}
{"timestamp":"2025-08-21T06:51:15.043475Z","level":"info","event":"pollution_components_pm10     False","chan":"stdout","logger":"task"}
{"timestamp":"2025-08-21T06:51:15.043772Z","level":"info","event":"pollution_components_nh3      False","chan":"stdout","logger":"task"}
{"timestamp":"2025-08-21T06:51:15.044221Z","level":"info","event":"dtype: bool","chan":"stdout","logger":"task"}
{"timestamp":"2025-08-21T06:51:15.045063Z","level":"info","event":"<class 'pandas.core.frame.DataFrame'>","chan":"stdout","logger":"task"}
{"timestamp":"2025-08-21T06:51:15.045421Z","level":"info","event":"Index: 27 entries, cairo to beijing","chan":"stdout","logger":"task"}
{"timestamp":"2025-08-21T06:51:15.045828Z","level":"info","event":"Data columns (total 39 columns):","chan":"stdout","logger":"task"}
{"timestamp":"2025-08-21T06:51:15.046097Z","level":"info","event":" #   Column                      Non-Null Count  Dtype","chan":"stdout","logger":"task"}
{"timestamp":"2025-08-21T06:51:15.046361Z","level":"info","event":"---  ------                      --------------  -----","chan":"stdout","logger":"task"}
{"timestamp":"2025-08-21T06:51:15.046668Z","level":"info","event":" 0   base                        27 non-null     object","chan":"stdout","logger":"task"}
{"timestamp":"2025-08-21T06:51:15.046994Z","level":"info","event":" 1   visibility                  27 non-null     int64","chan":"stdout","logger":"task"}
{"timestamp":"2025-08-21T06:51:15.047306Z","level":"info","event":" 2   dt                          27 non-null     datetime64[ns]","chan":"stdout","logger":"task"}
{"timestamp":"2025-08-21T06:51:15.047607Z","level":"info","event":" 3   timezone                    27 non-null     int64","chan":"stdout","logger":"task"}
{"timestamp":"2025-08-21T06:51:15.047953Z","level":"info","event":" 4   id                          27 non-null     int64","chan":"stdout","logger":"task"}
{"timestamp":"2025-08-21T06:51:15.048216Z","level":"info","event":" 5   name                        27 non-null     object","chan":"stdout","logger":"task"}
{"timestamp":"2025-08-21T06:51:15.048482Z","level":"info","event":" 6   cod                         27 non-null     int64","chan":"stdout","logger":"task"}
{"timestamp":"2025-08-21T06:51:15.048871Z","level":"info","event":" 7   coord_lon                   27 non-null     float64","chan":"stdout","logger":"task"}
{"timestamp":"2025-08-21T06:51:15.049178Z","level":"info","event":" 8   coord_lat                   27 non-null     float64","chan":"stdout","logger":"task"}
{"timestamp":"2025-08-21T06:51:15.049444Z","level":"info","event":" 9   main_temp                   27 non-null     float64","chan":"stdout","logger":"task"}
{"timestamp":"2025-08-21T06:51:15.049689Z","level":"info","event":" 10  main_feels_like             27 non-null     float64","chan":"stdout","logger":"task"}
{"timestamp":"2025-08-21T06:51:15.049933Z","level":"info","event":" 11  main_temp_min               27 non-null     float64","chan":"stdout","logger":"task"}
{"timestamp":"2025-08-21T06:51:15.050246Z","level":"info","event":" 12  main_temp_max               27 non-null     float64","chan":"stdout","logger":"task"}
{"timestamp":"2025-08-21T06:51:15.050539Z","level":"info","event":" 13  main_pressure               27 non-null     int64","chan":"stdout","logger":"task"}
{"timestamp":"2025-08-21T06:51:15.050837Z","level":"info","event":" 14  main_humidity               27 non-null     int64","chan":"stdout","logger":"task"}
{"timestamp":"2025-08-21T06:51:15.051268Z","level":"info","event":" 15  main_sea_level              27 non-null     int64","chan":"stdout","logger":"task"}
{"timestamp":"2025-08-21T06:51:15.051593Z","level":"info","event":" 16  main_grnd_level             27 non-null     int64","chan":"stdout","logger":"task"}
{"timestamp":"2025-08-21T06:51:15.051882Z","level":"info","event":" 17  wind_speed                  27 non-null     float64","chan":"stdout","logger":"task"}
{"timestamp":"2025-08-21T06:51:15.052181Z","level":"info","event":" 18  wind_deg                    27 non-null     int64","chan":"stdout","logger":"task"}
{"timestamp":"2025-08-21T06:51:15.052474Z","level":"info","event":" 19  clouds_all                  27 non-null     int64","chan":"stdout","logger":"task"}
{"timestamp":"2025-08-21T06:51:15.052765Z","level":"info","event":" 20  sys_type                    27 non-null     int64","chan":"stdout","logger":"task"}
{"timestamp":"2025-08-21T06:51:15.053099Z","level":"info","event":" 21  sys_id                      27 non-null     int64","chan":"stdout","logger":"task"}
{"timestamp":"2025-08-21T06:51:15.053489Z","level":"info","event":" 22  sys_country                 27 non-null     object","chan":"stdout","logger":"task"}
{"timestamp":"2025-08-21T06:51:15.053843Z","level":"info","event":" 23  sys_sunrise                 27 non-null     datetime64[ns]","chan":"stdout","logger":"task"}
{"timestamp":"2025-08-21T06:51:15.054111Z","level":"info","event":" 24  sys_sunset                  27 non-null     datetime64[ns]","chan":"stdout","logger":"task"}
{"timestamp":"2025-08-21T06:51:15.054398Z","level":"info","event":" 25  weather_id                  27 non-null     int64","chan":"stdout","logger":"task"}
{"timestamp":"2025-08-21T06:51:15.054699Z","level":"info","event":" 26  weather_main                27 non-null     object","chan":"stdout","logger":"task"}
{"timestamp":"2025-08-21T06:51:15.055008Z","level":"info","event":" 27  weather_description         27 non-null     object","chan":"stdout","logger":"task"}
{"timestamp":"2025-08-21T06:51:15.055407Z","level":"info","event":" 28  weather_icon                27 non-null     object","chan":"stdout","logger":"task"}
{"timestamp":"2025-08-21T06:51:15.055694Z","level":"info","event":" 29  pollution_dt                27 non-null     datetime64[ns]","chan":"stdout","logger":"task"}
{"timestamp":"2025-08-21T06:51:15.055957Z","level":"info","event":" 30  pollution_main_aqi          27 non-null     int64","chan":"stdout","logger":"task"}
{"timestamp":"2025-08-21T06:51:15.056232Z","level":"info","event":" 31  pollution_components_co     27 non-null     float64","chan":"stdout","logger":"task"}
{"timestamp":"2025-08-21T06:51:15.056536Z","level":"info","event":" 32  pollution_components_no     27 non-null     float64","chan":"stdout","logger":"task"}
{"timestamp":"2025-08-21T06:51:15.056976Z","level":"info","event":" 33  pollution_components_no2    27 non-null     float64","chan":"stdout","logger":"task"}
{"timestamp":"2025-08-21T06:51:15.057271Z","level":"info","event":" 34  pollution_components_o3     27 non-null     float64","chan":"stdout","logger":"task"}
{"timestamp":"2025-08-21T06:51:15.057542Z","level":"info","event":" 35  pollution_components_so2    27 non-null     float64","chan":"stdout","logger":"task"}
{"timestamp":"2025-08-21T06:51:15.057832Z","level":"info","event":" 36  pollution_components_pm2_5  27 non-null     float64","chan":"stdout","logger":"task"}
{"timestamp":"2025-08-21T06:51:15.058155Z","level":"info","event":" 37  pollution_components_pm10   27 non-null     float64","chan":"stdout","logger":"task"}
{"timestamp":"2025-08-21T06:51:15.058434Z","level":"info","event":" 38  pollution_components_nh3    27 non-null     float64","chan":"stdout","logger":"task"}
{"timestamp":"2025-08-21T06:51:15.058752Z","level":"info","event":"dtypes: datetime64[ns](4), float64(15), int64(14), object(6)","chan":"stdout","logger":"task"}
{"timestamp":"2025-08-21T06:51:15.059050Z","level":"info","event":"memory usage: 8.4+ KB","chan":"stdout","logger":"task"}
{"timestamp":"2025-08-21T06:51:15.190011","level":"info","event":"Done. Returned value was: None","logger":"airflow.task.operators.airflow.providers.standard.operators.python.PythonOperator"}
{"timestamp":"2025-08-21T06:51:15.213215Z","level":"info","event":"Task instance in success state","chan":"stdout","logger":"task"}
{"timestamp":"2025-08-21T06:51:15.213681Z","level":"info","event":" Previous state of the Task instance: TaskInstanceState.RUNNING","chan":"stdout","logger":"task"}
{"timestamp":"2025-08-21T06:51:15.214050Z","level":"info","event":"Task operator:<Task(PythonOperator): clean_data>","chan":"stdout","logger":"task"}
