{"timestamp":"2025-08-21T06:37:39.704721","level":"info","event":"DAG bundles loaded: dags-folder, example_dags","logger":"airflow.dag_processing.bundles.manager.DagBundlesManager"}
{"timestamp":"2025-08-21T06:37:39.705835","level":"info","event":"Filling up the DagBag from /opt/airflow/dags/fetchin_cleaning.py","logger":"airflow.models.dagbag.DagBag"}
{"timestamp":"2025-08-21T06:37:39.809147Z","level":"info","event":"Task instance is in running state","chan":"stdout","logger":"task"}
{"timestamp":"2025-08-21T06:37:39.809765Z","level":"info","event":" Previous state of the Task instance: TaskInstanceState.QUEUED","chan":"stdout","logger":"task"}
{"timestamp":"2025-08-21T06:37:39.812260Z","level":"info","event":"Current task name:clean_data","chan":"stdout","logger":"task"}
{"timestamp":"2025-08-21T06:37:39.812975Z","level":"info","event":"Dag name:weather_to_snowflake_pipeline","chan":"stdout","logger":"task"}
{"timestamp":"2025-08-21T06:37:41.316873Z","level":"info","event":"0","chan":"stdout","logger":"task"}
{"timestamp":"2025-08-21T06:37:41.317615Z","level":"info","event":"base                          False","chan":"stdout","logger":"task"}
{"timestamp":"2025-08-21T06:37:41.318253Z","level":"info","event":"visibility                    False","chan":"stdout","logger":"task"}
{"timestamp":"2025-08-21T06:37:41.318610Z","level":"info","event":"dt                            False","chan":"stdout","logger":"task"}
{"timestamp":"2025-08-21T06:37:41.318900Z","level":"info","event":"timezone                      False","chan":"stdout","logger":"task"}
{"timestamp":"2025-08-21T06:37:41.319298Z","level":"info","event":"id                            False","chan":"stdout","logger":"task"}
{"timestamp":"2025-08-21T06:37:41.319716Z","level":"info","event":"name                          False","chan":"stdout","logger":"task"}
{"timestamp":"2025-08-21T06:37:41.320137Z","level":"info","event":"cod                           False","chan":"stdout","logger":"task"}
{"timestamp":"2025-08-21T06:37:41.320410Z","level":"info","event":"coord_lon                     False","chan":"stdout","logger":"task"}
{"timestamp":"2025-08-21T06:37:41.320650Z","level":"info","event":"coord_lat                     False","chan":"stdout","logger":"task"}
{"timestamp":"2025-08-21T06:37:41.320924Z","level":"info","event":"main_temp                     False","chan":"stdout","logger":"task"}
{"timestamp":"2025-08-21T06:37:41.321205Z","level":"info","event":"main_feels_like               False","chan":"stdout","logger":"task"}
{"timestamp":"2025-08-21T06:37:41.321485Z","level":"info","event":"main_temp_min                 False","chan":"stdout","logger":"task"}
{"timestamp":"2025-08-21T06:37:41.321780Z","level":"info","event":"main_temp_max                 False","chan":"stdout","logger":"task"}
{"timestamp":"2025-08-21T06:37:41.322044Z","level":"info","event":"main_pressure                 False","chan":"stdout","logger":"task"}
{"timestamp":"2025-08-21T06:37:41.322330Z","level":"info","event":"main_humidity                 False","chan":"stdout","logger":"task"}
{"timestamp":"2025-08-21T06:37:41.322648Z","level":"info","event":"main_sea_level                False","chan":"stdout","logger":"task"}
{"timestamp":"2025-08-21T06:37:41.322984Z","level":"info","event":"main_grnd_level               False","chan":"stdout","logger":"task"}
{"timestamp":"2025-08-21T06:37:41.323326Z","level":"info","event":"wind_speed                    False","chan":"stdout","logger":"task"}
{"timestamp":"2025-08-21T06:37:41.323698Z","level":"info","event":"wind_deg                      False","chan":"stdout","logger":"task"}
{"timestamp":"2025-08-21T06:37:41.324058Z","level":"info","event":"clouds_all                    False","chan":"stdout","logger":"task"}
{"timestamp":"2025-08-21T06:37:41.324385Z","level":"info","event":"sys_type                      False","chan":"stdout","logger":"task"}
{"timestamp":"2025-08-21T06:37:41.324718Z","level":"info","event":"sys_id                        False","chan":"stdout","logger":"task"}
{"timestamp":"2025-08-21T06:37:41.324987Z","level":"info","event":"sys_country                   False","chan":"stdout","logger":"task"}
{"timestamp":"2025-08-21T06:37:41.325289Z","level":"info","event":"sys_sunrise                   False","chan":"stdout","logger":"task"}
{"timestamp":"2025-08-21T06:37:41.325553Z","level":"info","event":"sys_sunset                    False","chan":"stdout","logger":"task"}
{"timestamp":"2025-08-21T06:37:41.325800Z","level":"info","event":"weather_id                    False","chan":"stdout","logger":"task"}
{"timestamp":"2025-08-21T06:37:41.326052Z","level":"info","event":"weather_main                  False","chan":"stdout","logger":"task"}
{"timestamp":"2025-08-21T06:37:41.326385Z","level":"info","event":"weather_description           False","chan":"stdout","logger":"task"}
{"timestamp":"2025-08-21T06:37:41.326714Z","level":"info","event":"weather_icon                  False","chan":"stdout","logger":"task"}
{"timestamp":"2025-08-21T06:37:41.326983Z","level":"info","event":"wind_gust                      True","chan":"stdout","logger":"task"}
{"timestamp":"2025-08-21T06:37:41.327242Z","level":"info","event":"pollution_dt                  False","chan":"stdout","logger":"task"}
{"timestamp":"2025-08-21T06:37:41.327501Z","level":"info","event":"pollution_main_aqi            False","chan":"stdout","logger":"task"}
{"timestamp":"2025-08-21T06:37:41.327767Z","level":"info","event":"pollution_components_co       False","chan":"stdout","logger":"task"}
{"timestamp":"2025-08-21T06:37:41.328042Z","level":"info","event":"pollution_components_no       False","chan":"stdout","logger":"task"}
{"timestamp":"2025-08-21T06:37:41.328329Z","level":"info","event":"pollution_components_no2      False","chan":"stdout","logger":"task"}
{"timestamp":"2025-08-21T06:37:41.328659Z","level":"info","event":"pollution_components_o3       False","chan":"stdout","logger":"task"}
{"timestamp":"2025-08-21T06:37:41.328994Z","level":"info","event":"pollution_components_so2      False","chan":"stdout","logger":"task"}
{"timestamp":"2025-08-21T06:37:41.329290Z","level":"info","event":"pollution_components_pm2_5    False","chan":"stdout","logger":"task"}
{"timestamp":"2025-08-21T06:37:41.329580Z","level":"info","event":"pollution_components_pm10     False","chan":"stdout","logger":"task"}
{"timestamp":"2025-08-21T06:37:41.329906Z","level":"info","event":"pollution_components_nh3      False","chan":"stdout","logger":"task"}
{"timestamp":"2025-08-21T06:37:41.330197Z","level":"info","event":"dtype: bool","chan":"stdout","logger":"task"}
{"timestamp":"2025-08-21T06:37:41.330509Z","level":"info","event":"base                          False","chan":"stdout","logger":"task"}
{"timestamp":"2025-08-21T06:37:41.330838Z","level":"info","event":"visibility                    False","chan":"stdout","logger":"task"}
{"timestamp":"2025-08-21T06:37:41.331186Z","level":"info","event":"dt                            False","chan":"stdout","logger":"task"}
{"timestamp":"2025-08-21T06:37:41.331605Z","level":"info","event":"timezone                      False","chan":"stdout","logger":"task"}
{"timestamp":"2025-08-21T06:37:41.331946Z","level":"info","event":"id                            False","chan":"stdout","logger":"task"}
{"timestamp":"2025-08-21T06:37:41.332324Z","level":"info","event":"name                          False","chan":"stdout","logger":"task"}
{"timestamp":"2025-08-21T06:37:41.332632Z","level":"info","event":"cod                           False","chan":"stdout","logger":"task"}
{"timestamp":"2025-08-21T06:37:41.332949Z","level":"info","event":"coord_lon                     False","chan":"stdout","logger":"task"}
{"timestamp":"2025-08-21T06:37:41.333236Z","level":"info","event":"coord_lat                     False","chan":"stdout","logger":"task"}
{"timestamp":"2025-08-21T06:37:41.333575Z","level":"info","event":"main_temp                     False","chan":"stdout","logger":"task"}
{"timestamp":"2025-08-21T06:37:41.333868Z","level":"info","event":"main_feels_like               False","chan":"stdout","logger":"task"}
{"timestamp":"2025-08-21T06:37:41.334183Z","level":"info","event":"main_temp_min                 False","chan":"stdout","logger":"task"}
{"timestamp":"2025-08-21T06:37:41.334555Z","level":"info","event":"main_temp_max                 False","chan":"stdout","logger":"task"}
{"timestamp":"2025-08-21T06:37:41.335007Z","level":"info","event":"main_pressure                 False","chan":"stdout","logger":"task"}
{"timestamp":"2025-08-21T06:37:41.335428Z","level":"info","event":"main_humidity                 False","chan":"stdout","logger":"task"}
{"timestamp":"2025-08-21T06:37:41.335685Z","level":"info","event":"main_sea_level                False","chan":"stdout","logger":"task"}
{"timestamp":"2025-08-21T06:37:41.335945Z","level":"info","event":"main_grnd_level               False","chan":"stdout","logger":"task"}
{"timestamp":"2025-08-21T06:37:41.336264Z","level":"info","event":"wind_speed                    False","chan":"stdout","logger":"task"}
{"timestamp":"2025-08-21T06:37:41.336563Z","level":"info","event":"wind_deg                      False","chan":"stdout","logger":"task"}
{"timestamp":"2025-08-21T06:37:41.336874Z","level":"info","event":"clouds_all                    False","chan":"stdout","logger":"task"}
{"timestamp":"2025-08-21T06:37:41.337202Z","level":"info","event":"sys_type                      False","chan":"stdout","logger":"task"}
{"timestamp":"2025-08-21T06:37:41.337896Z","level":"info","event":"sys_id                        False","chan":"stdout","logger":"task"}
{"timestamp":"2025-08-21T06:37:41.338269Z","level":"info","event":"sys_country                   False","chan":"stdout","logger":"task"}
{"timestamp":"2025-08-21T06:37:41.338586Z","level":"info","event":"sys_sunrise                   False","chan":"stdout","logger":"task"}
{"timestamp":"2025-08-21T06:37:41.338856Z","level":"info","event":"sys_sunset                    False","chan":"stdout","logger":"task"}
{"timestamp":"2025-08-21T06:37:41.339122Z","level":"info","event":"weather_id                    False","chan":"stdout","logger":"task"}
{"timestamp":"2025-08-21T06:37:41.339392Z","level":"info","event":"weather_main                  False","chan":"stdout","logger":"task"}
{"timestamp":"2025-08-21T06:37:41.339642Z","level":"info","event":"weather_description           False","chan":"stdout","logger":"task"}
{"timestamp":"2025-08-21T06:37:41.339874Z","level":"info","event":"weather_icon                  False","chan":"stdout","logger":"task"}
{"timestamp":"2025-08-21T06:37:41.340179Z","level":"info","event":"pollution_dt                  False","chan":"stdout","logger":"task"}
{"timestamp":"2025-08-21T06:37:41.340432Z","level":"info","event":"pollution_main_aqi            False","chan":"stdout","logger":"task"}
{"timestamp":"2025-08-21T06:37:41.340665Z","level":"info","event":"pollution_components_co       False","chan":"stdout","logger":"task"}
{"timestamp":"2025-08-21T06:37:41.340897Z","level":"info","event":"pollution_components_no       False","chan":"stdout","logger":"task"}
{"timestamp":"2025-08-21T06:37:41.341144Z","level":"info","event":"pollution_components_no2      False","chan":"stdout","logger":"task"}
{"timestamp":"2025-08-21T06:37:41.341388Z","level":"info","event":"pollution_components_o3       False","chan":"stdout","logger":"task"}
{"timestamp":"2025-08-21T06:37:41.341653Z","level":"info","event":"pollution_components_so2      False","chan":"stdout","logger":"task"}
{"timestamp":"2025-08-21T06:37:41.341900Z","level":"info","event":"pollution_components_pm2_5    False","chan":"stdout","logger":"task"}
{"timestamp":"2025-08-21T06:37:41.342146Z","level":"info","event":"pollution_components_pm10     False","chan":"stdout","logger":"task"}
{"timestamp":"2025-08-21T06:37:41.342416Z","level":"info","event":"pollution_components_nh3      False","chan":"stdout","logger":"task"}
{"timestamp":"2025-08-21T06:37:41.342689Z","level":"info","event":"dtype: bool","chan":"stdout","logger":"task"}
{"timestamp":"2025-08-21T06:37:41.343125Z","level":"info","event":"<class 'pandas.core.frame.DataFrame'>","chan":"stdout","logger":"task"}
{"timestamp":"2025-08-21T06:37:41.343431Z","level":"info","event":"Index: 4 entries, cairo to beijing","chan":"stdout","logger":"task"}
{"timestamp":"2025-08-21T06:37:41.343759Z","level":"info","event":"Data columns (total 39 columns):","chan":"stdout","logger":"task"}
{"timestamp":"2025-08-21T06:37:41.344110Z","level":"info","event":" #   Column                      Non-Null Count  Dtype","chan":"stdout","logger":"task"}
{"timestamp":"2025-08-21T06:37:41.344398Z","level":"info","event":"---  ------                      --------------  -----","chan":"stdout","logger":"task"}
{"timestamp":"2025-08-21T06:37:41.344713Z","level":"info","event":" 0   base                        4 non-null      object","chan":"stdout","logger":"task"}
{"timestamp":"2025-08-21T06:37:41.345020Z","level":"info","event":" 1   visibility                  4 non-null      int64","chan":"stdout","logger":"task"}
{"timestamp":"2025-08-21T06:37:41.345311Z","level":"info","event":" 2   dt                          4 non-null      datetime64[ns]","chan":"stdout","logger":"task"}
{"timestamp":"2025-08-21T06:37:41.345624Z","level":"info","event":" 3   timezone                    4 non-null      int64","chan":"stdout","logger":"task"}
{"timestamp":"2025-08-21T06:37:41.345888Z","level":"info","event":" 4   id                          4 non-null      int64","chan":"stdout","logger":"task"}
{"timestamp":"2025-08-21T06:37:41.346179Z","level":"info","event":" 5   name                        4 non-null      object","chan":"stdout","logger":"task"}
{"timestamp":"2025-08-21T06:37:41.346445Z","level":"info","event":" 6   cod                         4 non-null      int64","chan":"stdout","logger":"task"}
{"timestamp":"2025-08-21T06:37:41.346946Z","level":"info","event":" 7   coord_lon                   4 non-null      float64","chan":"stdout","logger":"task"}
{"timestamp":"2025-08-21T06:37:41.347336Z","level":"info","event":" 8   coord_lat                   4 non-null      float64","chan":"stdout","logger":"task"}
{"timestamp":"2025-08-21T06:37:41.347655Z","level":"info","event":" 9   main_temp                   4 non-null      float64","chan":"stdout","logger":"task"}
{"timestamp":"2025-08-21T06:37:41.347990Z","level":"info","event":" 10  main_feels_like             4 non-null      float64","chan":"stdout","logger":"task"}
{"timestamp":"2025-08-21T06:37:41.348356Z","level":"info","event":" 11  main_temp_min               4 non-null      float64","chan":"stdout","logger":"task"}
{"timestamp":"2025-08-21T06:37:41.348637Z","level":"info","event":" 12  main_temp_max               4 non-null      float64","chan":"stdout","logger":"task"}
{"timestamp":"2025-08-21T06:37:41.348900Z","level":"info","event":" 13  main_pressure               4 non-null      int64","chan":"stdout","logger":"task"}
{"timestamp":"2025-08-21T06:37:41.349200Z","level":"info","event":" 14  main_humidity               4 non-null      int64","chan":"stdout","logger":"task"}
{"timestamp":"2025-08-21T06:37:41.349562Z","level":"info","event":" 15  main_sea_level              4 non-null      int64","chan":"stdout","logger":"task"}
{"timestamp":"2025-08-21T06:37:41.349821Z","level":"info","event":" 16  main_grnd_level             4 non-null      int64","chan":"stdout","logger":"task"}
{"timestamp":"2025-08-21T06:37:41.350052Z","level":"info","event":" 17  wind_speed                  4 non-null      float64","chan":"stdout","logger":"task"}
{"timestamp":"2025-08-21T06:37:41.350327Z","level":"info","event":" 18  wind_deg                    4 non-null      int64","chan":"stdout","logger":"task"}
{"timestamp":"2025-08-21T06:37:41.350579Z","level":"info","event":" 19  clouds_all                  4 non-null      int64","chan":"stdout","logger":"task"}
{"timestamp":"2025-08-21T06:37:41.350846Z","level":"info","event":" 20  sys_type                    4 non-null      int64","chan":"stdout","logger":"task"}
{"timestamp":"2025-08-21T06:37:41.351167Z","level":"info","event":" 21  sys_id                      4 non-null      int64","chan":"stdout","logger":"task"}
{"timestamp":"2025-08-21T06:37:41.351519Z","level":"info","event":" 22  sys_country                 4 non-null      object","chan":"stdout","logger":"task"}
{"timestamp":"2025-08-21T06:37:41.351927Z","level":"info","event":" 23  sys_sunrise                 4 non-null      datetime64[ns]","chan":"stdout","logger":"task"}
{"timestamp":"2025-08-21T06:37:41.352295Z","level":"info","event":" 24  sys_sunset                  4 non-null      datetime64[ns]","chan":"stdout","logger":"task"}
{"timestamp":"2025-08-21T06:37:41.352584Z","level":"info","event":" 25  weather_id                  4 non-null      int64","chan":"stdout","logger":"task"}
{"timestamp":"2025-08-21T06:37:41.352917Z","level":"info","event":" 26  weather_main                4 non-null      object","chan":"stdout","logger":"task"}
{"timestamp":"2025-08-21T06:37:41.353225Z","level":"info","event":" 27  weather_description         4 non-null      object","chan":"stdout","logger":"task"}
{"timestamp":"2025-08-21T06:37:41.353521Z","level":"info","event":" 28  weather_icon                4 non-null      object","chan":"stdout","logger":"task"}
{"timestamp":"2025-08-21T06:37:41.353858Z","level":"info","event":" 29  pollution_dt                4 non-null      datetime64[ns]","chan":"stdout","logger":"task"}
{"timestamp":"2025-08-21T06:37:41.354284Z","level":"info","event":" 30  pollution_main_aqi          4 non-null      int64","chan":"stdout","logger":"task"}
{"timestamp":"2025-08-21T06:37:41.354597Z","level":"info","event":" 31  pollution_components_co     4 non-null      float64","chan":"stdout","logger":"task"}
{"timestamp":"2025-08-21T06:37:41.355035Z","level":"info","event":" 32  pollution_components_no     4 non-null      float64","chan":"stdout","logger":"task"}
{"timestamp":"2025-08-21T06:37:41.355303Z","level":"info","event":" 33  pollution_components_no2    4 non-null      float64","chan":"stdout","logger":"task"}
{"timestamp":"2025-08-21T06:37:41.355555Z","level":"info","event":" 34  pollution_components_o3     4 non-null      float64","chan":"stdout","logger":"task"}
{"timestamp":"2025-08-21T06:37:41.355807Z","level":"info","event":" 35  pollution_components_so2    4 non-null      float64","chan":"stdout","logger":"task"}
{"timestamp":"2025-08-21T06:37:41.356120Z","level":"info","event":" 36  pollution_components_pm2_5  4 non-null      float64","chan":"stdout","logger":"task"}
{"timestamp":"2025-08-21T06:37:41.356403Z","level":"info","event":" 37  pollution_components_pm10   4 non-null      float64","chan":"stdout","logger":"task"}
{"timestamp":"2025-08-21T06:37:41.356640Z","level":"info","event":" 38  pollution_components_nh3    4 non-null      float64","chan":"stdout","logger":"task"}
{"timestamp":"2025-08-21T06:37:41.356884Z","level":"info","event":"dtypes: datetime64[ns](4), float64(15), int64(14), object(6)","chan":"stdout","logger":"task"}
{"timestamp":"2025-08-21T06:37:41.357154Z","level":"info","event":"memory usage: 1.2+ KB","chan":"stdout","logger":"task"}
{"timestamp":"2025-08-21T06:37:41.484442","level":"info","event":"Done. Returned value was: None","logger":"airflow.task.operators.airflow.providers.standard.operators.python.PythonOperator"}
{"timestamp":"2025-08-21T06:37:41.508792Z","level":"info","event":"Task instance in success state","chan":"stdout","logger":"task"}
{"timestamp":"2025-08-21T06:37:41.509350Z","level":"info","event":" Previous state of the Task instance: TaskInstanceState.RUNNING","chan":"stdout","logger":"task"}
{"timestamp":"2025-08-21T06:37:41.509940Z","level":"info","event":"Task operator:<Task(PythonOperator): clean_data>","chan":"stdout","logger":"task"}
