{"timestamp":"2025-09-03T19:55:32.072008","level":"info","event":"Filling up the DagBag from /opt/airflow/dags/fetch_weather.py","logger":"airflow.models.dagbag.DagBag"}
{"timestamp":"2025-09-03T19:55:32.126301Z","level":"info","event":"b0cd269e1d75cd93a3a76e2222f451c8","chan":"stdout","logger":"processor"}
{"timestamp":"2025-09-03T19:55:32.705577Z","level":"info","event":"{'cairo': {'name': 'cairo', 'lat': 30.0443879, 'lon': 31.2357257}}","chan":"stdout","logger":"processor"}
{"timestamp":"2025-09-03T19:55:32.866547Z","level":"info","event":"{'cairo': {'name': 'cairo', 'lat': 30.0443879, 'lon': 31.2357257}, 'warsaw': {'name': 'warsaw', 'lat': 52.2319581, 'lon': 21.0067249}}","chan":"stdout","logger":"processor"}
{"timestamp":"2025-09-03T19:55:33.148482Z","level":"info","event":"{'cairo': {'name': 'cairo', 'lat': 30.0443879, 'lon': 31.2357257}, 'warsaw': {'name': 'warsaw', 'lat': 52.2319581, 'lon': 21.0067249}, 'beijing': {'name': 'beijing', 'lat': 39.906217, 'lon': 116.3912757}}","chan":"stdout","logger":"processor"}
{"timestamp":"2025-09-03T19:56:04.812546","level":"info","event":"Filling up the DagBag from /opt/airflow/dags/fetch_weather.py","logger":"airflow.models.dagbag.DagBag"}
{"timestamp":"2025-09-03T19:56:04.841347Z","level":"info","event":"b0cd269e1d75cd93a3a76e2222f451c8","chan":"stdout","logger":"processor"}
{"timestamp":"2025-09-03T19:56:05.244235Z","level":"info","event":"{'cairo': {'name': 'cairo', 'lat': 30.0443879, 'lon': 31.2357257}}","chan":"stdout","logger":"processor"}
{"timestamp":"2025-09-03T19:56:05.531008Z","level":"info","event":"{'cairo': {'name': 'cairo', 'lat': 30.0443879, 'lon': 31.2357257}, 'warsaw': {'name': 'warsaw', 'lat': 52.2319581, 'lon': 21.0067249}}","chan":"stdout","logger":"processor"}
{"timestamp":"2025-09-03T19:56:05.834199Z","level":"info","event":"{'cairo': {'name': 'cairo', 'lat': 30.0443879, 'lon': 31.2357257}, 'warsaw': {'name': 'warsaw', 'lat': 52.2319581, 'lon': 21.0067249}, 'beijing': {'name': 'beijing', 'lat': 39.906217, 'lon': 116.3912757}}","chan":"stdout","logger":"processor"}
{"timestamp":"2025-09-03T19:56:37.672304","level":"info","event":"Filling up the DagBag from /opt/airflow/dags/fetch_weather.py","logger":"airflow.models.dagbag.DagBag"}
{"timestamp":"2025-09-03T19:56:37.748755Z","level":"info","event":"b0cd269e1d75cd93a3a76e2222f451c8","chan":"stdout","logger":"processor"}
{"timestamp":"2025-09-03T19:56:38.062308Z","level":"info","event":"{'cairo': {'name': 'cairo', 'lat': 30.0443879, 'lon': 31.2357257}}","chan":"stdout","logger":"processor"}
{"timestamp":"2025-09-03T19:56:38.331742Z","level":"info","event":"{'cairo': {'name': 'cairo', 'lat': 30.0443879, 'lon': 31.2357257}, 'warsaw': {'name': 'warsaw', 'lat': 52.2319581, 'lon': 21.0067249}}","chan":"stdout","logger":"processor"}
{"timestamp":"2025-09-03T19:56:38.727497Z","level":"info","event":"{'cairo': {'name': 'cairo', 'lat': 30.0443879, 'lon': 31.2357257}, 'warsaw': {'name': 'warsaw', 'lat': 52.2319581, 'lon': 21.0067249}, 'beijing': {'name': 'beijing', 'lat': 39.906217, 'lon': 116.3912757}}","chan":"stdout","logger":"processor"}
{"timestamp":"2025-09-03T19:57:12.172859","level":"info","event":"Filling up the DagBag from /opt/airflow/dags/fetch_weather.py","logger":"airflow.models.dagbag.DagBag"}
{"timestamp":"2025-09-03T19:57:12.201308Z","level":"info","event":"b0cd269e1d75cd93a3a76e2222f451c8","chan":"stdout","logger":"processor"}
{"timestamp":"2025-09-03T19:57:12.510440Z","level":"info","event":"{'cairo': {'name': 'cairo', 'lat': 30.0443879, 'lon': 31.2357257}}","chan":"stdout","logger":"processor"}
{"timestamp":"2025-09-03T19:57:12.796257Z","level":"info","event":"{'cairo': {'name': 'cairo', 'lat': 30.0443879, 'lon': 31.2357257}, 'warsaw': {'name': 'warsaw', 'lat': 52.2319581, 'lon': 21.0067249}}","chan":"stdout","logger":"processor"}
{"timestamp":"2025-09-03T19:57:13.087808Z","level":"info","event":"{'cairo': {'name': 'cairo', 'lat': 30.0443879, 'lon': 31.2357257}, 'warsaw': {'name': 'warsaw', 'lat': 52.2319581, 'lon': 21.0067249}, 'beijing': {'name': 'beijing', 'lat': 39.906217, 'lon': 116.3912757}}","chan":"stdout","logger":"processor"}
{"timestamp":"2025-09-03T19:57:25.927673","level":"info","event":"Filling up the DagBag from /opt/airflow/dags/fetch_weather.py","logger":"airflow.models.dagbag.DagBag"}
{"timestamp":"2025-09-03T19:57:59.471154","level":"info","event":"Filling up the DagBag from /opt/airflow/dags/fetch_weather.py","logger":"airflow.models.dagbag.DagBag"}
{"timestamp":"2025-09-03T19:58:32.402842","level":"info","event":"Filling up the DagBag from /opt/airflow/dags/fetch_weather.py","logger":"airflow.models.dagbag.DagBag"}
{"timestamp":"2025-09-03T19:59:06.321214","level":"info","event":"Filling up the DagBag from /opt/airflow/dags/fetch_weather.py","logger":"airflow.models.dagbag.DagBag"}
{"timestamp":"2025-09-03T19:59:39.004522","level":"info","event":"Filling up the DagBag from /opt/airflow/dags/fetch_weather.py","logger":"airflow.models.dagbag.DagBag"}
{"timestamp":"2025-09-03T20:00:11.977840","level":"info","event":"Filling up the DagBag from /opt/airflow/dags/fetch_weather.py","logger":"airflow.models.dagbag.DagBag"}
{"timestamp":"2025-09-03T20:00:55.195725","level":"info","event":"Filling up the DagBag from /opt/airflow/dags/fetch_weather.py","logger":"airflow.models.dagbag.DagBag"}
{"timestamp":"2025-09-03T20:01:28.979767","level":"info","event":"Filling up the DagBag from /opt/airflow/dags/fetch_weather.py","logger":"airflow.models.dagbag.DagBag"}
{"timestamp":"2025-09-03T20:02:06.474682","level":"info","event":"Filling up the DagBag from /opt/airflow/dags/fetch_weather.py","logger":"airflow.models.dagbag.DagBag"}
{"timestamp":"2025-09-03T20:02:36.489944","level":"error","event":"Process timed out, PID: 7027","logger":"airflow.utils.timeout.TimeoutPosix"}
{"timestamp":"2025-09-03T20:02:36.490443","level":"error","event":"Failed to import: /opt/airflow/dags/fetch_weather.py","logger":"airflow.models.dagbag.DagBag","error_detail":[{"exc_type":"AirflowTaskTimeout","exc_value":"DagBag import timeout for /opt/airflow/dags/fetch_weather.py after 30.0s.\nPlease take a look at these docs to improve your DAG import time:\n* https://airflow.apache.org/docs/apache-airflow/3.0.4/best-practices.html#top-level-python-code\n* https://airflow.apache.org/docs/apache-airflow/3.0.4/best-practices.html#reducing-dag-complexity, PID: 7027","exc_notes":[],"syntax_error":null,"is_cause":false,"frames":[{"filename":"/home/airflow/.local/lib/python3.12/site-packages/airflow/models/dagbag.py","lineno":394,"name":"parse"},{"filename":"<frozen importlib._bootstrap_external>","lineno":999,"name":"exec_module"},{"filename":"<frozen importlib._bootstrap>","lineno":488,"name":"_call_with_frames_removed"},{"filename":"/opt/airflow/dags/fetch_weather.py","lineno":123,"name":"<module>"},{"filename":"/opt/airflow/dags/fetch_weather.py","lineno":46,"name":"get_pollution"},{"filename":"/home/airflow/.local/lib/python3.12/site-packages/requests/api.py","lineno":73,"name":"get"},{"filename":"/home/airflow/.local/lib/python3.12/site-packages/requests/api.py","lineno":59,"name":"request"},{"filename":"/home/airflow/.local/lib/python3.12/site-packages/requests/sessions.py","lineno":589,"name":"request"},{"filename":"/home/airflow/.local/lib/python3.12/site-packages/requests/sessions.py","lineno":746,"name":"send"},{"filename":"/home/airflow/.local/lib/python3.12/site-packages/requests/models.py","lineno":902,"name":"content"},{"filename":"/home/airflow/.local/lib/python3.12/site-packages/requests/models.py","lineno":820,"name":"generate"},{"filename":"/home/airflow/.local/lib/python3.12/site-packages/urllib3/response.py","lineno":1091,"name":"stream"},{"filename":"/home/airflow/.local/lib/python3.12/site-packages/urllib3/response.py","lineno":980,"name":"read"},{"filename":"/home/airflow/.local/lib/python3.12/site-packages/urllib3/response.py","lineno":904,"name":"_raw_read"},{"filename":"/home/airflow/.local/lib/python3.12/site-packages/urllib3/response.py","lineno":887,"name":"_fp_read"},{"filename":"/usr/local/lib/python3.12/http/client.py","lineno":479,"name":"read"},{"filename":"/usr/local/lib/python3.12/socket.py","lineno":720,"name":"readinto"},{"filename":"/home/airflow/.local/lib/python3.12/site-packages/airflow/utils/timeout.py","lineno":69,"name":"handle_timeout"}],"is_group":false,"exceptions":[]}]}
{"timestamp":"2025-09-03T20:03:07.326584","level":"info","event":"Filling up the DagBag from /opt/airflow/dags/fetch_weather.py","logger":"airflow.models.dagbag.DagBag"}
{"timestamp":"2025-09-03T20:03:42.399076","level":"info","event":"Filling up the DagBag from /opt/airflow/dags/fetch_weather.py","logger":"airflow.models.dagbag.DagBag"}
{"timestamp":"2025-09-03T20:04:25.738422","level":"info","event":"Filling up the DagBag from /opt/airflow/dags/fetch_weather.py","logger":"airflow.models.dagbag.DagBag"}
{"timestamp":"2025-09-03T20:05:02.000561","level":"info","event":"Filling up the DagBag from /opt/airflow/dags/fetch_weather.py","logger":"airflow.models.dagbag.DagBag"}
{"timestamp":"2025-09-03T20:05:37.283386","level":"info","event":"Filling up the DagBag from /opt/airflow/dags/fetch_weather.py","logger":"airflow.models.dagbag.DagBag"}
{"timestamp":"2025-09-03T20:06:12.225007","level":"info","event":"Filling up the DagBag from /opt/airflow/dags/fetch_weather.py","logger":"airflow.models.dagbag.DagBag"}
{"timestamp":"2025-09-03T20:06:49.896290","level":"info","event":"Filling up the DagBag from /opt/airflow/dags/fetch_weather.py","logger":"airflow.models.dagbag.DagBag"}
{"timestamp":"2025-09-03T20:07:25.092715","level":"info","event":"Filling up the DagBag from /opt/airflow/dags/fetch_weather.py","logger":"airflow.models.dagbag.DagBag"}
{"timestamp":"2025-09-03T20:07:59.812296","level":"info","event":"Filling up the DagBag from /opt/airflow/dags/fetch_weather.py","logger":"airflow.models.dagbag.DagBag"}
{"timestamp":"2025-09-03T20:08:35.632776","level":"info","event":"Filling up the DagBag from /opt/airflow/dags/fetch_weather.py","logger":"airflow.models.dagbag.DagBag"}
{"timestamp":"2025-09-03T20:09:11.751839","level":"info","event":"Filling up the DagBag from /opt/airflow/dags/fetch_weather.py","logger":"airflow.models.dagbag.DagBag"}
{"timestamp":"2025-09-03T20:09:47.501538","level":"info","event":"Filling up the DagBag from /opt/airflow/dags/fetch_weather.py","logger":"airflow.models.dagbag.DagBag"}
{"timestamp":"2025-09-03T20:10:22.229824","level":"info","event":"Filling up the DagBag from /opt/airflow/dags/fetch_weather.py","logger":"airflow.models.dagbag.DagBag"}
{"timestamp":"2025-09-03T20:10:55.783247","level":"info","event":"Filling up the DagBag from /opt/airflow/dags/fetch_weather.py","logger":"airflow.models.dagbag.DagBag"}
{"timestamp":"2025-09-03T20:11:35.464427","level":"info","event":"Filling up the DagBag from /opt/airflow/dags/fetch_weather.py","logger":"airflow.models.dagbag.DagBag"}
{"timestamp":"2025-09-03T20:12:08.788695","level":"info","event":"Filling up the DagBag from /opt/airflow/dags/fetch_weather.py","logger":"airflow.models.dagbag.DagBag"}
{"timestamp":"2025-09-03T20:12:44.057642","level":"info","event":"Filling up the DagBag from /opt/airflow/dags/fetch_weather.py","logger":"airflow.models.dagbag.DagBag"}
{"timestamp":"2025-09-03T20:13:18.235728","level":"info","event":"Filling up the DagBag from /opt/airflow/dags/fetch_weather.py","logger":"airflow.models.dagbag.DagBag"}
{"timestamp":"2025-09-03T20:13:54.883510","level":"info","event":"Filling up the DagBag from /opt/airflow/dags/fetch_weather.py","logger":"airflow.models.dagbag.DagBag"}
{"timestamp":"2025-09-03T20:14:27.907060","level":"info","event":"Filling up the DagBag from /opt/airflow/dags/fetch_weather.py","logger":"airflow.models.dagbag.DagBag"}
{"timestamp":"2025-09-03T20:15:01.784128","level":"info","event":"Filling up the DagBag from /opt/airflow/dags/fetch_weather.py","logger":"airflow.models.dagbag.DagBag"}
{"timestamp":"2025-09-03T20:15:35.084818","level":"info","event":"Filling up the DagBag from /opt/airflow/dags/fetch_weather.py","logger":"airflow.models.dagbag.DagBag"}
{"timestamp":"2025-09-03T20:16:08.368893","level":"info","event":"Filling up the DagBag from /opt/airflow/dags/fetch_weather.py","logger":"airflow.models.dagbag.DagBag"}
{"timestamp":"2025-09-03T20:16:41.187418","level":"info","event":"Filling up the DagBag from /opt/airflow/dags/fetch_weather.py","logger":"airflow.models.dagbag.DagBag"}
{"timestamp":"2025-09-03T20:17:34.844738","level":"info","event":"Filling up the DagBag from /opt/airflow/dags/fetch_weather.py","logger":"airflow.models.dagbag.DagBag"}
{"timestamp":"2025-09-03T20:18:08.288345","level":"info","event":"Filling up the DagBag from /opt/airflow/dags/fetch_weather.py","logger":"airflow.models.dagbag.DagBag"}
{"timestamp":"2025-09-03T20:18:11.674764","level":"error","event":"Failed to import: /opt/airflow/dags/fetch_weather.py","logger":"airflow.models.dagbag.DagBag","error_detail":[{"exc_type":"OSError","exc_value":"[Errno 22] Invalid argument","exc_notes":[],"syntax_error":null,"is_cause":false,"frames":[{"filename":"/home/airflow/.local/lib/python3.12/site-packages/airflow/models/dagbag.py","lineno":394,"name":"parse"},{"filename":"<frozen importlib._bootstrap_external>","lineno":999,"name":"exec_module"},{"filename":"<frozen importlib._bootstrap>","lineno":488,"name":"_call_with_frames_removed"},{"filename":"/opt/airflow/dags/fetch_weather.py","lineno":123,"name":"<module>"},{"filename":"/opt/airflow/dags/fetch_weather.py","lineno":71,"name":"get_pollution"}],"is_group":false,"exceptions":[]}]}
{"timestamp":"2025-09-03T20:18:42.616654","level":"info","event":"Filling up the DagBag from /opt/airflow/dags/fetch_weather.py","logger":"airflow.models.dagbag.DagBag"}
{"timestamp":"2025-09-03T20:19:15.950879","level":"info","event":"Filling up the DagBag from /opt/airflow/dags/fetch_weather.py","logger":"airflow.models.dagbag.DagBag"}
{"timestamp":"2025-09-03T20:19:55.151659","level":"info","event":"Filling up the DagBag from /opt/airflow/dags/fetch_weather.py","logger":"airflow.models.dagbag.DagBag"}
{"timestamp":"2025-09-03T20:20:28.061471","level":"info","event":"Filling up the DagBag from /opt/airflow/dags/fetch_weather.py","logger":"airflow.models.dagbag.DagBag"}
{"timestamp":"2025-09-03T20:21:00.881456","level":"info","event":"Filling up the DagBag from /opt/airflow/dags/fetch_weather.py","logger":"airflow.models.dagbag.DagBag"}
{"timestamp":"2025-09-03T20:21:35.817571","level":"info","event":"Filling up the DagBag from /opt/airflow/dags/fetch_weather.py","logger":"airflow.models.dagbag.DagBag"}
{"timestamp":"2025-09-03T20:22:10.630800","level":"info","event":"Filling up the DagBag from /opt/airflow/dags/fetch_weather.py","logger":"airflow.models.dagbag.DagBag"}
{"timestamp":"2025-09-03T20:22:44.234838","level":"info","event":"Filling up the DagBag from /opt/airflow/dags/fetch_weather.py","logger":"airflow.models.dagbag.DagBag"}
{"timestamp":"2025-09-03T20:23:18.409472","level":"info","event":"Filling up the DagBag from /opt/airflow/dags/fetch_weather.py","logger":"airflow.models.dagbag.DagBag"}
{"timestamp":"2025-09-03T20:23:53.659950","level":"info","event":"Filling up the DagBag from /opt/airflow/dags/fetch_weather.py","logger":"airflow.models.dagbag.DagBag"}
{"timestamp":"2025-09-03T20:24:27.256018","level":"info","event":"Filling up the DagBag from /opt/airflow/dags/fetch_weather.py","logger":"airflow.models.dagbag.DagBag"}
{"timestamp":"2025-09-03T20:25:00.631605","level":"info","event":"Filling up the DagBag from /opt/airflow/dags/fetch_weather.py","logger":"airflow.models.dagbag.DagBag"}
{"timestamp":"2025-09-03T20:25:34.682400","level":"info","event":"Filling up the DagBag from /opt/airflow/dags/fetch_weather.py","logger":"airflow.models.dagbag.DagBag"}
