{"timestamp":"2025-09-03T19:56:26.921917","level":"info","event":"DAG bundles loaded: dags-folder, example_dags","logger":"airflow.dag_processing.bundles.manager.DagBundlesManager"}
{"timestamp":"2025-09-03T19:56:26.922754","level":"info","event":"Filling up the DagBag from /opt/airflow/dags/fetchin_cleaning.py","logger":"airflow.models.dagbag.DagBag"}
{"timestamp":"2025-09-03T19:56:26.988881Z","level":"info","event":"Task instance is in running state","chan":"stdout","logger":"task"}
{"timestamp":"2025-09-03T19:56:26.989357Z","level":"info","event":" Previous state of the Task instance: TaskInstanceState.QUEUED","chan":"stdout","logger":"task"}
{"timestamp":"2025-09-03T19:56:26.991518Z","level":"info","event":"Current task name:truncate_date_dim","chan":"stdout","logger":"task"}
{"timestamp":"2025-09-03T19:56:26.991930Z","level":"info","event":"Dag name:weather_to_snowflake_pipeline","chan":"stdout","logger":"task"}
{"timestamp":"2025-09-03T19:56:26.989787","level":"info","event":"Executing: TRUNCATE TABLE POLLUTION_OVERTIME.DATE_DIM;","logger":"airflow.task.operators.airflow.providers.common.sql.operators.sql.SQLExecuteQueryOperator"}
{"timestamp":"2025-09-03T19:56:26.992301","level":"warning","event":"/home/airflow/.local/lib/python3.12/site-packages/airflow/models/connection.py:471: DeprecationWarning: Using Connection.get_connection_from_secrets from `airflow.models` is deprecated.Please use `from airflow.sdk import Connection` instead\n  warnings.warn(\n","logger":"py.warnings"}
{"timestamp":"2025-09-03T19:56:27.001071","level":"info","event":"Connection Retrieved 'weather_pollution'","logger":"airflow.hooks.base"}
{"timestamp":"2025-09-03T19:56:27.253122","level":"warning","event":"/home/airflow/.local/lib/python3.12/site-packages/airflow/models/connection.py:471: DeprecationWarning: Using Connection.get_connection_from_secrets from `airflow.models` is deprecated.Please use `from airflow.sdk import Connection` instead\n  warnings.warn(\n","logger":"py.warnings"}
{"timestamp":"2025-09-03T19:56:27.262744","level":"info","event":"Connection Retrieved 'weather_pollution'","logger":"airflow.hooks.base"}
{"timestamp":"2025-09-03T19:56:27.263375","level":"info","event":"Snowflake Connector for Python Version: 3.16.0, Python Version: 3.12.11, Platform: Linux-6.6.87.2-microsoft-standard-WSL2-x86_64-with-glibc2.36","logger":"snowflake.connector.connection"}
{"timestamp":"2025-09-03T19:56:27.263925","level":"info","event":"Connecting to GLOBAL Snowflake domain","logger":"snowflake.connector.connection"}
{"timestamp":"2025-09-03T19:56:28.586356","level":"info","event":"Running statement: TRUNCATE TABLE POLLUTION_OVERTIME.DATE_DIM;, parameters: None","logger":"airflow.task.hooks.airflow.providers.snowflake.hooks.snowflake.SnowflakeHook"}
{"timestamp":"2025-09-03T19:56:28.586581","level":"info","event":"Running statement: TRUNCATE TABLE POLLUTION_OVERTIME.DATE_DIM;, parameters: None","logger":"airflow.task.hooks.airflow.providers.snowflake.hooks.snowflake.SnowflakeHook"}
{"timestamp":"2025-09-03T19:56:29.732950","level":"info","event":"Rows affected: 1","logger":"airflow.task.hooks.airflow.providers.snowflake.hooks.snowflake.SnowflakeHook"}
{"timestamp":"2025-09-03T19:56:29.733448","level":"info","event":"Rows affected: 1","logger":"airflow.task.hooks.airflow.providers.snowflake.hooks.snowflake.SnowflakeHook"}
{"timestamp":"2025-09-03T19:56:29.733556","level":"info","event":"Snowflake query id: 01becf6c-0000-b76c-0000-c31d0008a016","logger":"airflow.task.hooks.airflow.providers.snowflake.hooks.snowflake.SnowflakeHook"}
{"timestamp":"2025-09-03T19:56:30.352321","level":"info","event":"Pushing xcom","ti":"RuntimeTaskInstance(id=UUID('01991126-9c56-7487-920c-0a80e1dc0861'), task_id='truncate_date_dim', dag_id='weather_to_snowflake_pipeline', run_id='manual__2025-09-03T19:56:07.091635+00:00', try_number=1, map_index=-1, hostname='894a893f40a3', context_carrier={}, task=<Task(SQLExecuteQueryOperator): truncate_date_dim>, bundle_instance=LocalDagBundle(name=dags-folder), max_tries=0, start_date=datetime.datetime(2025, 9, 3, 19, 56, 26, 219079, tzinfo=datetime.timezone.utc), end_date=None, state=<TaskInstanceState.RUNNING: 'running'>, is_mapped=False, rendered_map_index=None, log_url='http://localhost:8080/dags/weather_to_snowflake_pipeline/runs/manual__2025-09-03T19%3A56%3A07.091635%2B00%3A00/tasks/truncate_date_dim?try_number=1')","logger":"task"}
{"timestamp":"2025-09-03T19:56:30.383333Z","level":"info","event":"Task instance in success state","chan":"stdout","logger":"task"}
{"timestamp":"2025-09-03T19:56:30.383860Z","level":"info","event":" Previous state of the Task instance: TaskInstanceState.RUNNING","chan":"stdout","logger":"task"}
{"timestamp":"2025-09-03T19:56:30.384323Z","level":"info","event":"Task operator:<Task(SQLExecuteQueryOperator): truncate_date_dim>","chan":"stdout","logger":"task"}
