{"timestamp":"2025-08-21T06:57:19.435135","level":"info","event":"DAG bundles loaded: dags-folder, example_dags","logger":"airflow.dag_processing.bundles.manager.DagBundlesManager"}
{"timestamp":"2025-08-21T06:57:19.435924","level":"info","event":"Filling up the DagBag from /opt/airflow/dags/fetchin_cleaning.py","logger":"airflow.models.dagbag.DagBag"}
{"timestamp":"2025-08-21T06:57:19.507943Z","level":"info","event":"Task instance is in running state","chan":"stdout","logger":"task"}
{"timestamp":"2025-08-21T06:57:19.508458Z","level":"info","event":" Previous state of the Task instance: TaskInstanceState.QUEUED","chan":"stdout","logger":"task"}
{"timestamp":"2025-08-21T06:57:19.510762Z","level":"info","event":"Current task name:clean_data","chan":"stdout","logger":"task"}
{"timestamp":"2025-08-21T06:57:19.511348Z","level":"info","event":"Dag name:weather_to_snowflake_pipeline","chan":"stdout","logger":"task"}
{"timestamp":"2025-08-21T06:57:21.237196Z","level":"info","event":"0","chan":"stdout","logger":"task"}
{"timestamp":"2025-08-21T06:57:21.237762Z","level":"info","event":"base                          False","chan":"stdout","logger":"task"}
{"timestamp":"2025-08-21T06:57:21.238263Z","level":"info","event":"visibility                    False","chan":"stdout","logger":"task"}
{"timestamp":"2025-08-21T06:57:21.238732Z","level":"info","event":"dt                            False","chan":"stdout","logger":"task"}
{"timestamp":"2025-08-21T06:57:21.239429Z","level":"info","event":"timezone                      False","chan":"stdout","logger":"task"}
{"timestamp":"2025-08-21T06:57:21.239750Z","level":"info","event":"id                            False","chan":"stdout","logger":"task"}
{"timestamp":"2025-08-21T06:57:21.240061Z","level":"info","event":"name                          False","chan":"stdout","logger":"task"}
{"timestamp":"2025-08-21T06:57:21.240388Z","level":"info","event":"cod                           False","chan":"stdout","logger":"task"}
{"timestamp":"2025-08-21T06:57:21.240704Z","level":"info","event":"coord_lon                     False","chan":"stdout","logger":"task"}
{"timestamp":"2025-08-21T06:57:21.241077Z","level":"info","event":"coord_lat                     False","chan":"stdout","logger":"task"}
{"timestamp":"2025-08-21T06:57:21.241426Z","level":"info","event":"main_temp                     False","chan":"stdout","logger":"task"}
{"timestamp":"2025-08-21T06:57:21.241738Z","level":"info","event":"main_feels_like               False","chan":"stdout","logger":"task"}
{"timestamp":"2025-08-21T06:57:21.242096Z","level":"info","event":"main_temp_min                 False","chan":"stdout","logger":"task"}
{"timestamp":"2025-08-21T06:57:21.242457Z","level":"info","event":"main_temp_max                 False","chan":"stdout","logger":"task"}
{"timestamp":"2025-08-21T06:57:21.242795Z","level":"info","event":"main_pressure                 False","chan":"stdout","logger":"task"}
{"timestamp":"2025-08-21T06:57:21.243136Z","level":"info","event":"main_humidity                 False","chan":"stdout","logger":"task"}
{"timestamp":"2025-08-21T06:57:21.243418Z","level":"info","event":"main_sea_level                False","chan":"stdout","logger":"task"}
{"timestamp":"2025-08-21T06:57:21.243726Z","level":"info","event":"main_grnd_level               False","chan":"stdout","logger":"task"}
{"timestamp":"2025-08-21T06:57:21.244029Z","level":"info","event":"wind_speed                    False","chan":"stdout","logger":"task"}
{"timestamp":"2025-08-21T06:57:21.244336Z","level":"info","event":"wind_deg                      False","chan":"stdout","logger":"task"}
{"timestamp":"2025-08-21T06:57:21.244744Z","level":"info","event":"clouds_all                    False","chan":"stdout","logger":"task"}
{"timestamp":"2025-08-21T06:57:21.245100Z","level":"info","event":"sys_type                      False","chan":"stdout","logger":"task"}
{"timestamp":"2025-08-21T06:57:21.245584Z","level":"info","event":"sys_id                        False","chan":"stdout","logger":"task"}
{"timestamp":"2025-08-21T06:57:21.245904Z","level":"info","event":"sys_country                   False","chan":"stdout","logger":"task"}
{"timestamp":"2025-08-21T06:57:21.246278Z","level":"info","event":"sys_sunrise                   False","chan":"stdout","logger":"task"}
{"timestamp":"2025-08-21T06:57:21.246629Z","level":"info","event":"sys_sunset                    False","chan":"stdout","logger":"task"}
{"timestamp":"2025-08-21T06:57:21.246961Z","level":"info","event":"weather_id                    False","chan":"stdout","logger":"task"}
{"timestamp":"2025-08-21T06:57:21.247301Z","level":"info","event":"weather_main                  False","chan":"stdout","logger":"task"}
{"timestamp":"2025-08-21T06:57:21.247797Z","level":"info","event":"weather_description           False","chan":"stdout","logger":"task"}
{"timestamp":"2025-08-21T06:57:21.248130Z","level":"info","event":"weather_icon                  False","chan":"stdout","logger":"task"}
{"timestamp":"2025-08-21T06:57:21.248461Z","level":"info","event":"wind_gust                      True","chan":"stdout","logger":"task"}
{"timestamp":"2025-08-21T06:57:21.248783Z","level":"info","event":"pollution_dt                  False","chan":"stdout","logger":"task"}
{"timestamp":"2025-08-21T06:57:21.249127Z","level":"info","event":"pollution_main_aqi            False","chan":"stdout","logger":"task"}
{"timestamp":"2025-08-21T06:57:21.249443Z","level":"info","event":"pollution_components_co       False","chan":"stdout","logger":"task"}
{"timestamp":"2025-08-21T06:57:21.249754Z","level":"info","event":"pollution_components_no       False","chan":"stdout","logger":"task"}
{"timestamp":"2025-08-21T06:57:21.250052Z","level":"info","event":"pollution_components_no2      False","chan":"stdout","logger":"task"}
{"timestamp":"2025-08-21T06:57:21.250327Z","level":"info","event":"pollution_components_o3       False","chan":"stdout","logger":"task"}
{"timestamp":"2025-08-21T06:57:21.250621Z","level":"info","event":"pollution_components_so2      False","chan":"stdout","logger":"task"}
{"timestamp":"2025-08-21T06:57:21.250895Z","level":"info","event":"pollution_components_pm2_5    False","chan":"stdout","logger":"task"}
{"timestamp":"2025-08-21T06:57:21.251203Z","level":"info","event":"pollution_components_pm10     False","chan":"stdout","logger":"task"}
{"timestamp":"2025-08-21T06:57:21.251542Z","level":"info","event":"pollution_components_nh3      False","chan":"stdout","logger":"task"}
{"timestamp":"2025-08-21T06:57:21.251845Z","level":"info","event":"dtype: bool","chan":"stdout","logger":"task"}
{"timestamp":"2025-08-21T06:57:21.252147Z","level":"info","event":"base                          False","chan":"stdout","logger":"task"}
{"timestamp":"2025-08-21T06:57:21.252649Z","level":"info","event":"visibility                    False","chan":"stdout","logger":"task"}
{"timestamp":"2025-08-21T06:57:21.253036Z","level":"info","event":"dt                            False","chan":"stdout","logger":"task"}
{"timestamp":"2025-08-21T06:57:21.253424Z","level":"info","event":"timezone                      False","chan":"stdout","logger":"task"}
{"timestamp":"2025-08-21T06:57:21.253745Z","level":"info","event":"id                            False","chan":"stdout","logger":"task"}
{"timestamp":"2025-08-21T06:57:21.254069Z","level":"info","event":"name                          False","chan":"stdout","logger":"task"}
{"timestamp":"2025-08-21T06:57:21.254429Z","level":"info","event":"cod                           False","chan":"stdout","logger":"task"}
{"timestamp":"2025-08-21T06:57:21.254794Z","level":"info","event":"coord_lon                     False","chan":"stdout","logger":"task"}
{"timestamp":"2025-08-21T06:57:21.255149Z","level":"info","event":"coord_lat                     False","chan":"stdout","logger":"task"}
{"timestamp":"2025-08-21T06:57:21.255598Z","level":"info","event":"main_temp                     False","chan":"stdout","logger":"task"}
{"timestamp":"2025-08-21T06:57:21.255897Z","level":"info","event":"main_feels_like               False","chan":"stdout","logger":"task"}
{"timestamp":"2025-08-21T06:57:21.256295Z","level":"info","event":"main_temp_min                 False","chan":"stdout","logger":"task"}
{"timestamp":"2025-08-21T06:57:21.256706Z","level":"info","event":"main_temp_max                 False","chan":"stdout","logger":"task"}
{"timestamp":"2025-08-21T06:57:21.257042Z","level":"info","event":"main_pressure                 False","chan":"stdout","logger":"task"}
{"timestamp":"2025-08-21T06:57:21.257359Z","level":"info","event":"main_humidity                 False","chan":"stdout","logger":"task"}
{"timestamp":"2025-08-21T06:57:21.257682Z","level":"info","event":"main_sea_level                False","chan":"stdout","logger":"task"}
{"timestamp":"2025-08-21T06:57:21.258021Z","level":"info","event":"main_grnd_level               False","chan":"stdout","logger":"task"}
{"timestamp":"2025-08-21T06:57:21.258448Z","level":"info","event":"wind_speed                    False","chan":"stdout","logger":"task"}
{"timestamp":"2025-08-21T06:57:21.258807Z","level":"info","event":"wind_deg                      False","chan":"stdout","logger":"task"}
{"timestamp":"2025-08-21T06:57:21.259159Z","level":"info","event":"clouds_all                    False","chan":"stdout","logger":"task"}
{"timestamp":"2025-08-21T06:57:21.259585Z","level":"info","event":"sys_type                      False","chan":"stdout","logger":"task"}
{"timestamp":"2025-08-21T06:57:21.259917Z","level":"info","event":"sys_id                        False","chan":"stdout","logger":"task"}
{"timestamp":"2025-08-21T06:57:21.260275Z","level":"info","event":"sys_country                   False","chan":"stdout","logger":"task"}
{"timestamp":"2025-08-21T06:57:21.260597Z","level":"info","event":"sys_sunrise                   False","chan":"stdout","logger":"task"}
{"timestamp":"2025-08-21T06:57:21.260907Z","level":"info","event":"sys_sunset                    False","chan":"stdout","logger":"task"}
{"timestamp":"2025-08-21T06:57:21.261279Z","level":"info","event":"weather_id                    False","chan":"stdout","logger":"task"}
{"timestamp":"2025-08-21T06:57:21.261621Z","level":"info","event":"weather_main                  False","chan":"stdout","logger":"task"}
{"timestamp":"2025-08-21T06:57:21.261969Z","level":"info","event":"weather_description           False","chan":"stdout","logger":"task"}
{"timestamp":"2025-08-21T06:57:21.262333Z","level":"info","event":"weather_icon                  False","chan":"stdout","logger":"task"}
{"timestamp":"2025-08-21T06:57:21.262667Z","level":"info","event":"pollution_dt                  False","chan":"stdout","logger":"task"}
{"timestamp":"2025-08-21T06:57:21.262992Z","level":"info","event":"pollution_main_aqi            False","chan":"stdout","logger":"task"}
{"timestamp":"2025-08-21T06:57:21.263417Z","level":"info","event":"pollution_components_co       False","chan":"stdout","logger":"task"}
{"timestamp":"2025-08-21T06:57:21.263757Z","level":"info","event":"pollution_components_no       False","chan":"stdout","logger":"task"}
{"timestamp":"2025-08-21T06:57:21.264105Z","level":"info","event":"pollution_components_no2      False","chan":"stdout","logger":"task"}
{"timestamp":"2025-08-21T06:57:21.264469Z","level":"info","event":"pollution_components_o3       False","chan":"stdout","logger":"task"}
{"timestamp":"2025-08-21T06:57:21.264793Z","level":"info","event":"pollution_components_so2      False","chan":"stdout","logger":"task"}
{"timestamp":"2025-08-21T06:57:21.265143Z","level":"info","event":"pollution_components_pm2_5    False","chan":"stdout","logger":"task"}
{"timestamp":"2025-08-21T06:57:21.265462Z","level":"info","event":"pollution_components_pm10     False","chan":"stdout","logger":"task"}
{"timestamp":"2025-08-21T06:57:21.265758Z","level":"info","event":"pollution_components_nh3      False","chan":"stdout","logger":"task"}
{"timestamp":"2025-08-21T06:57:21.266087Z","level":"info","event":"dtype: bool","chan":"stdout","logger":"task"}
{"timestamp":"2025-08-21T06:57:21.266409Z","level":"info","event":"<class 'pandas.core.frame.DataFrame'>","chan":"stdout","logger":"task"}
{"timestamp":"2025-08-21T06:57:21.266716Z","level":"info","event":"Index: 3 entries, cairo to beijing","chan":"stdout","logger":"task"}
{"timestamp":"2025-08-21T06:57:21.267027Z","level":"info","event":"Data columns (total 39 columns):","chan":"stdout","logger":"task"}
{"timestamp":"2025-08-21T06:57:21.267389Z","level":"info","event":" #   Column                      Non-Null Count  Dtype","chan":"stdout","logger":"task"}
{"timestamp":"2025-08-21T06:57:21.267695Z","level":"info","event":"---  ------                      --------------  -----","chan":"stdout","logger":"task"}
{"timestamp":"2025-08-21T06:57:21.268026Z","level":"info","event":" 0   base                        3 non-null      object","chan":"stdout","logger":"task"}
{"timestamp":"2025-08-21T06:57:21.268365Z","level":"info","event":" 1   visibility                  3 non-null      int64","chan":"stdout","logger":"task"}
{"timestamp":"2025-08-21T06:57:21.268713Z","level":"info","event":" 2   dt                          3 non-null      datetime64[ns]","chan":"stdout","logger":"task"}
{"timestamp":"2025-08-21T06:57:21.269087Z","level":"info","event":" 3   timezone                    3 non-null      int64","chan":"stdout","logger":"task"}
{"timestamp":"2025-08-21T06:57:21.269730Z","level":"info","event":" 4   id                          3 non-null      int64","chan":"stdout","logger":"task"}
{"timestamp":"2025-08-21T06:57:21.270149Z","level":"info","event":" 5   name                        3 non-null      object","chan":"stdout","logger":"task"}
{"timestamp":"2025-08-21T06:57:21.270496Z","level":"info","event":" 6   cod                         3 non-null      int64","chan":"stdout","logger":"task"}
{"timestamp":"2025-08-21T06:57:21.270815Z","level":"info","event":" 7   coord_lon                   3 non-null      float64","chan":"stdout","logger":"task"}
{"timestamp":"2025-08-21T06:57:21.271173Z","level":"info","event":" 8   coord_lat                   3 non-null      float64","chan":"stdout","logger":"task"}
{"timestamp":"2025-08-21T06:57:21.271577Z","level":"info","event":" 9   main_temp                   3 non-null      float64","chan":"stdout","logger":"task"}
{"timestamp":"2025-08-21T06:57:21.271900Z","level":"info","event":" 10  main_feels_like             3 non-null      float64","chan":"stdout","logger":"task"}
{"timestamp":"2025-08-21T06:57:21.272203Z","level":"info","event":" 11  main_temp_min               3 non-null      float64","chan":"stdout","logger":"task"}
{"timestamp":"2025-08-21T06:57:21.272490Z","level":"info","event":" 12  main_temp_max               3 non-null      float64","chan":"stdout","logger":"task"}
{"timestamp":"2025-08-21T06:57:21.272936Z","level":"info","event":" 13  main_pressure               3 non-null      int64","chan":"stdout","logger":"task"}
{"timestamp":"2025-08-21T06:57:21.273259Z","level":"info","event":" 14  main_humidity               3 non-null      int64","chan":"stdout","logger":"task"}
{"timestamp":"2025-08-21T06:57:21.273708Z","level":"info","event":" 15  main_sea_level              3 non-null      int64","chan":"stdout","logger":"task"}
{"timestamp":"2025-08-21T06:57:21.274063Z","level":"info","event":" 16  main_grnd_level             3 non-null      int64","chan":"stdout","logger":"task"}
{"timestamp":"2025-08-21T06:57:21.274403Z","level":"info","event":" 17  wind_speed                  3 non-null      float64","chan":"stdout","logger":"task"}
{"timestamp":"2025-08-21T06:57:21.274821Z","level":"info","event":" 18  wind_deg                    3 non-null      int64","chan":"stdout","logger":"task"}
{"timestamp":"2025-08-21T06:57:21.275194Z","level":"info","event":" 19  clouds_all                  3 non-null      int64","chan":"stdout","logger":"task"}
{"timestamp":"2025-08-21T06:57:21.275543Z","level":"info","event":" 20  sys_type                    3 non-null      int64","chan":"stdout","logger":"task"}
{"timestamp":"2025-08-21T06:57:21.275832Z","level":"info","event":" 21  sys_id                      3 non-null      int64","chan":"stdout","logger":"task"}
{"timestamp":"2025-08-21T06:57:21.276100Z","level":"info","event":" 22  sys_country                 3 non-null      object","chan":"stdout","logger":"task"}
{"timestamp":"2025-08-21T06:57:21.276442Z","level":"info","event":" 23  sys_sunrise                 3 non-null      datetime64[ns]","chan":"stdout","logger":"task"}
{"timestamp":"2025-08-21T06:57:21.276726Z","level":"info","event":" 24  sys_sunset                  3 non-null      datetime64[ns]","chan":"stdout","logger":"task"}
{"timestamp":"2025-08-21T06:57:21.276998Z","level":"info","event":" 25  weather_id                  3 non-null      int64","chan":"stdout","logger":"task"}
{"timestamp":"2025-08-21T06:57:21.277286Z","level":"info","event":" 26  weather_main                3 non-null      object","chan":"stdout","logger":"task"}
{"timestamp":"2025-08-21T06:57:21.277554Z","level":"info","event":" 27  weather_description         3 non-null      object","chan":"stdout","logger":"task"}
{"timestamp":"2025-08-21T06:57:21.277886Z","level":"info","event":" 28  weather_icon                3 non-null      object","chan":"stdout","logger":"task"}
{"timestamp":"2025-08-21T06:57:21.278223Z","level":"info","event":" 29  pollution_dt                3 non-null      datetime64[ns]","chan":"stdout","logger":"task"}
{"timestamp":"2025-08-21T06:57:21.278543Z","level":"info","event":" 30  pollution_main_aqi          3 non-null      int64","chan":"stdout","logger":"task"}
{"timestamp":"2025-08-21T06:57:21.278855Z","level":"info","event":" 31  pollution_components_co     3 non-null      float64","chan":"stdout","logger":"task"}
{"timestamp":"2025-08-21T06:57:21.279168Z","level":"info","event":" 32  pollution_components_no     3 non-null      float64","chan":"stdout","logger":"task"}
{"timestamp":"2025-08-21T06:57:21.279564Z","level":"info","event":" 33  pollution_components_no2    3 non-null      float64","chan":"stdout","logger":"task"}
{"timestamp":"2025-08-21T06:57:21.279912Z","level":"info","event":" 34  pollution_components_o3     3 non-null      float64","chan":"stdout","logger":"task"}
{"timestamp":"2025-08-21T06:57:21.280251Z","level":"info","event":" 35  pollution_components_so2    3 non-null      float64","chan":"stdout","logger":"task"}
{"timestamp":"2025-08-21T06:57:21.280787Z","level":"info","event":" 36  pollution_components_pm2_5  3 non-null      float64","chan":"stdout","logger":"task"}
{"timestamp":"2025-08-21T06:57:21.281134Z","level":"info","event":" 37  pollution_components_pm10   3 non-null      float64","chan":"stdout","logger":"task"}
{"timestamp":"2025-08-21T06:57:21.281457Z","level":"info","event":" 38  pollution_components_nh3    3 non-null      float64","chan":"stdout","logger":"task"}
{"timestamp":"2025-08-21T06:57:21.281763Z","level":"info","event":"dtypes: datetime64[ns](4), float64(15), int64(14), object(6)","chan":"stdout","logger":"task"}
{"timestamp":"2025-08-21T06:57:21.282099Z","level":"info","event":"memory usage: 960.0+ bytes","chan":"stdout","logger":"task"}
{"timestamp":"2025-08-21T06:57:21.421354","level":"info","event":"Done. Returned value was: None","logger":"airflow.task.operators.airflow.providers.standard.operators.python.PythonOperator"}
{"timestamp":"2025-08-21T06:57:21.447117Z","level":"info","event":"Task instance in success state","chan":"stdout","logger":"task"}
{"timestamp":"2025-08-21T06:57:21.447877Z","level":"info","event":" Previous state of the Task instance: TaskInstanceState.RUNNING","chan":"stdout","logger":"task"}
{"timestamp":"2025-08-21T06:57:21.448361Z","level":"info","event":"Task operator:<Task(PythonOperator): clean_data>","chan":"stdout","logger":"task"}
