{"timestamp":"2025-08-21T06:54:23.404061","level":"info","event":"DAG bundles loaded: dags-folder, example_dags","logger":"airflow.dag_processing.bundles.manager.DagBundlesManager"}
{"timestamp":"2025-08-21T06:54:23.405642","level":"info","event":"Filling up the DagBag from /opt/airflow/dags/fetchin_cleaning.py","logger":"airflow.models.dagbag.DagBag"}
{"timestamp":"2025-08-21T06:54:23.501683Z","level":"info","event":"Task instance is in running state","chan":"stdout","logger":"task"}
{"timestamp":"2025-08-21T06:54:23.504499Z","level":"info","event":" Previous state of the Task instance: TaskInstanceState.QUEUED","chan":"stdout","logger":"task"}
{"timestamp":"2025-08-21T06:54:23.505769Z","level":"info","event":"Current task name:clean_data","chan":"stdout","logger":"task"}
{"timestamp":"2025-08-21T06:54:23.506190Z","level":"info","event":"Dag name:weather_to_snowflake_pipeline","chan":"stdout","logger":"task"}
{"timestamp":"2025-08-21T06:54:25.697104Z","level":"info","event":"0","chan":"stdout","logger":"task"}
{"timestamp":"2025-08-21T06:54:25.697776Z","level":"info","event":"base                          False","chan":"stdout","logger":"task"}
{"timestamp":"2025-08-21T06:54:25.698237Z","level":"info","event":"visibility                    False","chan":"stdout","logger":"task"}
{"timestamp":"2025-08-21T06:54:25.698621Z","level":"info","event":"dt                            False","chan":"stdout","logger":"task"}
{"timestamp":"2025-08-21T06:54:25.698979Z","level":"info","event":"timezone                      False","chan":"stdout","logger":"task"}
{"timestamp":"2025-08-21T06:54:25.699295Z","level":"info","event":"id                            False","chan":"stdout","logger":"task"}
{"timestamp":"2025-08-21T06:54:25.699651Z","level":"info","event":"name                          False","chan":"stdout","logger":"task"}
{"timestamp":"2025-08-21T06:54:25.699987Z","level":"info","event":"cod                           False","chan":"stdout","logger":"task"}
{"timestamp":"2025-08-21T06:54:25.700272Z","level":"info","event":"coord_lon                     False","chan":"stdout","logger":"task"}
{"timestamp":"2025-08-21T06:54:25.700605Z","level":"info","event":"coord_lat                     False","chan":"stdout","logger":"task"}
{"timestamp":"2025-08-21T06:54:25.700904Z","level":"info","event":"main_temp                     False","chan":"stdout","logger":"task"}
{"timestamp":"2025-08-21T06:54:25.701289Z","level":"info","event":"main_feels_like               False","chan":"stdout","logger":"task"}
{"timestamp":"2025-08-21T06:54:25.701605Z","level":"info","event":"main_temp_min                 False","chan":"stdout","logger":"task"}
{"timestamp":"2025-08-21T06:54:25.701923Z","level":"info","event":"main_temp_max                 False","chan":"stdout","logger":"task"}
{"timestamp":"2025-08-21T06:54:25.702236Z","level":"info","event":"main_pressure                 False","chan":"stdout","logger":"task"}
{"timestamp":"2025-08-21T06:54:25.702522Z","level":"info","event":"main_humidity                 False","chan":"stdout","logger":"task"}
{"timestamp":"2025-08-21T06:54:25.702823Z","level":"info","event":"main_sea_level                False","chan":"stdout","logger":"task"}
{"timestamp":"2025-08-21T06:54:25.703113Z","level":"info","event":"main_grnd_level               False","chan":"stdout","logger":"task"}
{"timestamp":"2025-08-21T06:54:25.703389Z","level":"info","event":"wind_speed                    False","chan":"stdout","logger":"task"}
{"timestamp":"2025-08-21T06:54:25.703643Z","level":"info","event":"wind_deg                      False","chan":"stdout","logger":"task"}
{"timestamp":"2025-08-21T06:54:25.703976Z","level":"info","event":"clouds_all                    False","chan":"stdout","logger":"task"}
{"timestamp":"2025-08-21T06:54:25.704290Z","level":"info","event":"sys_type                      False","chan":"stdout","logger":"task"}
{"timestamp":"2025-08-21T06:54:25.704631Z","level":"info","event":"sys_id                        False","chan":"stdout","logger":"task"}
{"timestamp":"2025-08-21T06:54:25.704951Z","level":"info","event":"sys_country                   False","chan":"stdout","logger":"task"}
{"timestamp":"2025-08-21T06:54:25.705341Z","level":"info","event":"sys_sunrise                   False","chan":"stdout","logger":"task"}
{"timestamp":"2025-08-21T06:54:25.705869Z","level":"info","event":"sys_sunset                    False","chan":"stdout","logger":"task"}
{"timestamp":"2025-08-21T06:54:25.706678Z","level":"info","event":"weather_id                    False","chan":"stdout","logger":"task"}
{"timestamp":"2025-08-21T06:54:25.707203Z","level":"info","event":"weather_main                  False","chan":"stdout","logger":"task"}
{"timestamp":"2025-08-21T06:54:25.707621Z","level":"info","event":"weather_description           False","chan":"stdout","logger":"task"}
{"timestamp":"2025-08-21T06:54:25.707983Z","level":"info","event":"weather_icon                  False","chan":"stdout","logger":"task"}
{"timestamp":"2025-08-21T06:54:25.708342Z","level":"info","event":"wind_gust                      True","chan":"stdout","logger":"task"}
{"timestamp":"2025-08-21T06:54:25.708676Z","level":"info","event":"pollution_dt                  False","chan":"stdout","logger":"task"}
{"timestamp":"2025-08-21T06:54:25.708957Z","level":"info","event":"pollution_main_aqi            False","chan":"stdout","logger":"task"}
{"timestamp":"2025-08-21T06:54:25.709216Z","level":"info","event":"pollution_components_co       False","chan":"stdout","logger":"task"}
{"timestamp":"2025-08-21T06:54:25.709659Z","level":"info","event":"pollution_components_no       False","chan":"stdout","logger":"task"}
{"timestamp":"2025-08-21T06:54:25.709918Z","level":"info","event":"pollution_components_no2      False","chan":"stdout","logger":"task"}
{"timestamp":"2025-08-21T06:54:25.710165Z","level":"info","event":"pollution_components_o3       False","chan":"stdout","logger":"task"}
{"timestamp":"2025-08-21T06:54:25.710409Z","level":"info","event":"pollution_components_so2      False","chan":"stdout","logger":"task"}
{"timestamp":"2025-08-21T06:54:25.710680Z","level":"info","event":"pollution_components_pm2_5    False","chan":"stdout","logger":"task"}
{"timestamp":"2025-08-21T06:54:25.710943Z","level":"info","event":"pollution_components_pm10     False","chan":"stdout","logger":"task"}
{"timestamp":"2025-08-21T06:54:25.711195Z","level":"info","event":"pollution_components_nh3      False","chan":"stdout","logger":"task"}
{"timestamp":"2025-08-21T06:54:25.711437Z","level":"info","event":"dtype: bool","chan":"stdout","logger":"task"}
{"timestamp":"2025-08-21T06:54:25.711679Z","level":"info","event":"base                          False","chan":"stdout","logger":"task"}
{"timestamp":"2025-08-21T06:54:25.711916Z","level":"info","event":"visibility                    False","chan":"stdout","logger":"task"}
{"timestamp":"2025-08-21T06:54:25.712253Z","level":"info","event":"dt                            False","chan":"stdout","logger":"task"}
{"timestamp":"2025-08-21T06:54:25.712597Z","level":"info","event":"timezone                      False","chan":"stdout","logger":"task"}
{"timestamp":"2025-08-21T06:54:25.712923Z","level":"info","event":"id                            False","chan":"stdout","logger":"task"}
{"timestamp":"2025-08-21T06:54:25.713254Z","level":"info","event":"name                          False","chan":"stdout","logger":"task"}
{"timestamp":"2025-08-21T06:54:25.713596Z","level":"info","event":"cod                           False","chan":"stdout","logger":"task"}
{"timestamp":"2025-08-21T06:54:25.713910Z","level":"info","event":"coord_lon                     False","chan":"stdout","logger":"task"}
{"timestamp":"2025-08-21T06:54:25.714256Z","level":"info","event":"coord_lat                     False","chan":"stdout","logger":"task"}
{"timestamp":"2025-08-21T06:54:25.714588Z","level":"info","event":"main_temp                     False","chan":"stdout","logger":"task"}
{"timestamp":"2025-08-21T06:54:25.714907Z","level":"info","event":"main_feels_like               False","chan":"stdout","logger":"task"}
{"timestamp":"2025-08-21T06:54:25.715204Z","level":"info","event":"main_temp_min                 False","chan":"stdout","logger":"task"}
{"timestamp":"2025-08-21T06:54:25.715564Z","level":"info","event":"main_temp_max                 False","chan":"stdout","logger":"task"}
{"timestamp":"2025-08-21T06:54:25.715866Z","level":"info","event":"main_pressure                 False","chan":"stdout","logger":"task"}
{"timestamp":"2025-08-21T06:54:25.716160Z","level":"info","event":"main_humidity                 False","chan":"stdout","logger":"task"}
{"timestamp":"2025-08-21T06:54:25.716459Z","level":"info","event":"main_sea_level                False","chan":"stdout","logger":"task"}
{"timestamp":"2025-08-21T06:54:25.716856Z","level":"info","event":"main_grnd_level               False","chan":"stdout","logger":"task"}
{"timestamp":"2025-08-21T06:54:25.717164Z","level":"info","event":"wind_speed                    False","chan":"stdout","logger":"task"}
{"timestamp":"2025-08-21T06:54:25.717685Z","level":"info","event":"wind_deg                      False","chan":"stdout","logger":"task"}
{"timestamp":"2025-08-21T06:54:25.717978Z","level":"info","event":"clouds_all                    False","chan":"stdout","logger":"task"}
{"timestamp":"2025-08-21T06:54:25.718261Z","level":"info","event":"sys_type                      False","chan":"stdout","logger":"task"}
{"timestamp":"2025-08-21T06:54:25.718518Z","level":"info","event":"sys_id                        False","chan":"stdout","logger":"task"}
{"timestamp":"2025-08-21T06:54:25.718788Z","level":"info","event":"sys_country                   False","chan":"stdout","logger":"task"}
{"timestamp":"2025-08-21T06:54:25.719053Z","level":"info","event":"sys_sunrise                   False","chan":"stdout","logger":"task"}
{"timestamp":"2025-08-21T06:54:25.719299Z","level":"info","event":"sys_sunset                    False","chan":"stdout","logger":"task"}
{"timestamp":"2025-08-21T06:54:25.719544Z","level":"info","event":"weather_id                    False","chan":"stdout","logger":"task"}
{"timestamp":"2025-08-21T06:54:25.719810Z","level":"info","event":"weather_main                  False","chan":"stdout","logger":"task"}
{"timestamp":"2025-08-21T06:54:25.720119Z","level":"info","event":"weather_description           False","chan":"stdout","logger":"task"}
{"timestamp":"2025-08-21T06:54:25.720577Z","level":"info","event":"weather_icon                  False","chan":"stdout","logger":"task"}
{"timestamp":"2025-08-21T06:54:25.720928Z","level":"info","event":"pollution_dt                  False","chan":"stdout","logger":"task"}
{"timestamp":"2025-08-21T06:54:25.721277Z","level":"info","event":"pollution_main_aqi            False","chan":"stdout","logger":"task"}
{"timestamp":"2025-08-21T06:54:25.721618Z","level":"info","event":"pollution_components_co       False","chan":"stdout","logger":"task"}
{"timestamp":"2025-08-21T06:54:25.721932Z","level":"info","event":"pollution_components_no       False","chan":"stdout","logger":"task"}
{"timestamp":"2025-08-21T06:54:25.722226Z","level":"info","event":"pollution_components_no2      False","chan":"stdout","logger":"task"}
{"timestamp":"2025-08-21T06:54:25.722539Z","level":"info","event":"pollution_components_o3       False","chan":"stdout","logger":"task"}
{"timestamp":"2025-08-21T06:54:25.722885Z","level":"info","event":"pollution_components_so2      False","chan":"stdout","logger":"task"}
{"timestamp":"2025-08-21T06:54:25.723226Z","level":"info","event":"pollution_components_pm2_5    False","chan":"stdout","logger":"task"}
{"timestamp":"2025-08-21T06:54:25.723534Z","level":"info","event":"pollution_components_pm10     False","chan":"stdout","logger":"task"}
{"timestamp":"2025-08-21T06:54:25.723854Z","level":"info","event":"pollution_components_nh3      False","chan":"stdout","logger":"task"}
{"timestamp":"2025-08-21T06:54:25.724150Z","level":"info","event":"dtype: bool","chan":"stdout","logger":"task"}
{"timestamp":"2025-08-21T06:54:25.724510Z","level":"info","event":"<class 'pandas.core.frame.DataFrame'>","chan":"stdout","logger":"task"}
{"timestamp":"2025-08-21T06:54:25.724881Z","level":"info","event":"Index: 30 entries, cairo to beijing","chan":"stdout","logger":"task"}
{"timestamp":"2025-08-21T06:54:25.725160Z","level":"info","event":"Data columns (total 39 columns):","chan":"stdout","logger":"task"}
{"timestamp":"2025-08-21T06:54:25.725428Z","level":"info","event":" #   Column                      Non-Null Count  Dtype","chan":"stdout","logger":"task"}
{"timestamp":"2025-08-21T06:54:25.725674Z","level":"info","event":"---  ------                      --------------  -----","chan":"stdout","logger":"task"}
{"timestamp":"2025-08-21T06:54:25.725970Z","level":"info","event":" 0   base                        30 non-null     object","chan":"stdout","logger":"task"}
{"timestamp":"2025-08-21T06:54:25.726349Z","level":"info","event":" 1   visibility                  30 non-null     int64","chan":"stdout","logger":"task"}
{"timestamp":"2025-08-21T06:54:25.726690Z","level":"info","event":" 2   dt                          30 non-null     datetime64[ns]","chan":"stdout","logger":"task"}
{"timestamp":"2025-08-21T06:54:25.726966Z","level":"info","event":" 3   timezone                    30 non-null     int64","chan":"stdout","logger":"task"}
{"timestamp":"2025-08-21T06:54:25.727271Z","level":"info","event":" 4   id                          30 non-null     int64","chan":"stdout","logger":"task"}
{"timestamp":"2025-08-21T06:54:25.727564Z","level":"info","event":" 5   name                        30 non-null     object","chan":"stdout","logger":"task"}
{"timestamp":"2025-08-21T06:54:25.727859Z","level":"info","event":" 6   cod                         30 non-null     int64","chan":"stdout","logger":"task"}
{"timestamp":"2025-08-21T06:54:25.728151Z","level":"info","event":" 7   coord_lon                   30 non-null     float64","chan":"stdout","logger":"task"}
{"timestamp":"2025-08-21T06:54:25.728461Z","level":"info","event":" 8   coord_lat                   30 non-null     float64","chan":"stdout","logger":"task"}
{"timestamp":"2025-08-21T06:54:25.728947Z","level":"info","event":" 9   main_temp                   30 non-null     float64","chan":"stdout","logger":"task"}
{"timestamp":"2025-08-21T06:54:25.729249Z","level":"info","event":" 10  main_feels_like             30 non-null     float64","chan":"stdout","logger":"task"}
{"timestamp":"2025-08-21T06:54:25.729518Z","level":"info","event":" 11  main_temp_min               30 non-null     float64","chan":"stdout","logger":"task"}
{"timestamp":"2025-08-21T06:54:25.729816Z","level":"info","event":" 12  main_temp_max               30 non-null     float64","chan":"stdout","logger":"task"}
{"timestamp":"2025-08-21T06:54:25.730078Z","level":"info","event":" 13  main_pressure               30 non-null     int64","chan":"stdout","logger":"task"}
{"timestamp":"2025-08-21T06:54:25.730394Z","level":"info","event":" 14  main_humidity               30 non-null     int64","chan":"stdout","logger":"task"}
{"timestamp":"2025-08-21T06:54:25.730780Z","level":"info","event":" 15  main_sea_level              30 non-null     int64","chan":"stdout","logger":"task"}
{"timestamp":"2025-08-21T06:54:25.731067Z","level":"info","event":" 16  main_grnd_level             30 non-null     int64","chan":"stdout","logger":"task"}
{"timestamp":"2025-08-21T06:54:25.731396Z","level":"info","event":" 17  wind_speed                  30 non-null     float64","chan":"stdout","logger":"task"}
{"timestamp":"2025-08-21T06:54:25.731679Z","level":"info","event":" 18  wind_deg                    30 non-null     int64","chan":"stdout","logger":"task"}
{"timestamp":"2025-08-21T06:54:25.731974Z","level":"info","event":" 19  clouds_all                  30 non-null     int64","chan":"stdout","logger":"task"}
{"timestamp":"2025-08-21T06:54:25.732232Z","level":"info","event":" 20  sys_type                    30 non-null     int64","chan":"stdout","logger":"task"}
{"timestamp":"2025-08-21T06:54:25.732572Z","level":"info","event":" 21  sys_id                      30 non-null     int64","chan":"stdout","logger":"task"}
{"timestamp":"2025-08-21T06:54:25.732912Z","level":"info","event":" 22  sys_country                 30 non-null     object","chan":"stdout","logger":"task"}
{"timestamp":"2025-08-21T06:54:25.733265Z","level":"info","event":" 23  sys_sunrise                 30 non-null     datetime64[ns]","chan":"stdout","logger":"task"}
{"timestamp":"2025-08-21T06:54:25.733561Z","level":"info","event":" 24  sys_sunset                  30 non-null     datetime64[ns]","chan":"stdout","logger":"task"}
{"timestamp":"2025-08-21T06:54:25.733855Z","level":"info","event":" 25  weather_id                  30 non-null     int64","chan":"stdout","logger":"task"}
{"timestamp":"2025-08-21T06:54:25.734347Z","level":"info","event":" 26  weather_main                30 non-null     object","chan":"stdout","logger":"task"}
{"timestamp":"2025-08-21T06:54:25.734692Z","level":"info","event":" 27  weather_description         30 non-null     object","chan":"stdout","logger":"task"}
{"timestamp":"2025-08-21T06:54:25.734972Z","level":"info","event":" 28  weather_icon                30 non-null     object","chan":"stdout","logger":"task"}
{"timestamp":"2025-08-21T06:54:25.735251Z","level":"info","event":" 29  pollution_dt                30 non-null     datetime64[ns]","chan":"stdout","logger":"task"}
{"timestamp":"2025-08-21T06:54:25.735512Z","level":"info","event":" 30  pollution_main_aqi          30 non-null     int64","chan":"stdout","logger":"task"}
{"timestamp":"2025-08-21T06:54:25.735781Z","level":"info","event":" 31  pollution_components_co     30 non-null     float64","chan":"stdout","logger":"task"}
{"timestamp":"2025-08-21T06:54:25.736082Z","level":"info","event":" 32  pollution_components_no     30 non-null     float64","chan":"stdout","logger":"task"}
{"timestamp":"2025-08-21T06:54:25.736444Z","level":"info","event":" 33  pollution_components_no2    30 non-null     float64","chan":"stdout","logger":"task"}
{"timestamp":"2025-08-21T06:54:25.736839Z","level":"info","event":" 34  pollution_components_o3     30 non-null     float64","chan":"stdout","logger":"task"}
{"timestamp":"2025-08-21T06:54:25.737231Z","level":"info","event":" 35  pollution_components_so2    30 non-null     float64","chan":"stdout","logger":"task"}
{"timestamp":"2025-08-21T06:54:25.737556Z","level":"info","event":" 36  pollution_components_pm2_5  30 non-null     float64","chan":"stdout","logger":"task"}
{"timestamp":"2025-08-21T06:54:25.737893Z","level":"info","event":" 37  pollution_components_pm10   30 non-null     float64","chan":"stdout","logger":"task"}
{"timestamp":"2025-08-21T06:54:25.738221Z","level":"info","event":" 38  pollution_components_nh3    30 non-null     float64","chan":"stdout","logger":"task"}
{"timestamp":"2025-08-21T06:54:25.738492Z","level":"info","event":"dtypes: datetime64[ns](4), float64(15), int64(14), object(6)","chan":"stdout","logger":"task"}
{"timestamp":"2025-08-21T06:54:25.738752Z","level":"info","event":"memory usage: 9.4+ KB","chan":"stdout","logger":"task"}
{"timestamp":"2025-08-21T06:54:25.886516","level":"info","event":"Done. Returned value was: None","logger":"airflow.task.operators.airflow.providers.standard.operators.python.PythonOperator"}
{"timestamp":"2025-08-21T06:54:25.917790Z","level":"info","event":"Task instance in success state","chan":"stdout","logger":"task"}
{"timestamp":"2025-08-21T06:54:25.918717Z","level":"info","event":" Previous state of the Task instance: TaskInstanceState.RUNNING","chan":"stdout","logger":"task"}
{"timestamp":"2025-08-21T06:54:25.919230Z","level":"info","event":"Task operator:<Task(PythonOperator): clean_data>","chan":"stdout","logger":"task"}
