{"timestamp":"2025-08-21T08:40:06.311976","level":"info","event":"DAG bundles loaded: dags-folder, example_dags","logger":"airflow.dag_processing.bundles.manager.DagBundlesManager"}
{"timestamp":"2025-08-21T08:40:06.313409","level":"info","event":"Filling up the DagBag from /opt/airflow/dags/fetchin_cleaning.py","logger":"airflow.models.dagbag.DagBag"}
{"timestamp":"2025-08-21T08:40:06.595017Z","level":"info","event":"Task instance is in running state","chan":"stdout","logger":"task"}
{"timestamp":"2025-08-21T08:40:06.599753Z","level":"info","event":" Previous state of the Task instance: TaskInstanceState.QUEUED","chan":"stdout","logger":"task"}
{"timestamp":"2025-08-21T08:40:06.602922Z","level":"info","event":"Current task name:load_date_dim","chan":"stdout","logger":"task"}
{"timestamp":"2025-08-21T08:40:06.603534Z","level":"info","event":"Dag name:weather_to_snowflake_pipeline","chan":"stdout","logger":"task"}
{"timestamp":"2025-08-21T08:40:06.597752","level":"info","event":"Executing: \n        COPY INTO POLLUTION_OVERTIME.DATE_DIM\n        FROM '@%DATE_DIM'\n        FILE_FORMAT = (TYPE = CSV FIELD_OPTIONALLY_ENCLOSED_BY='\"' SKIP_HEADER=1)\n        FORCE = TRUE;\n        ","logger":"airflow.task.operators.airflow.providers.common.sql.operators.sql.SQLExecuteQueryOperator"}
{"timestamp":"2025-08-21T08:40:06.603239","level":"warning","event":"/home/airflow/.local/lib/python3.12/site-packages/airflow/models/connection.py:471: DeprecationWarning: Using Connection.get_connection_from_secrets from `airflow.models` is deprecated.Please use `from airflow.sdk import Connection` instead\n  warnings.warn(\n","logger":"py.warnings"}
{"timestamp":"2025-08-21T08:40:06.623182","level":"info","event":"Connection Retrieved 'weather_pollution'","logger":"airflow.hooks.base"}
{"timestamp":"2025-08-21T08:40:07.923444","level":"warning","event":"/home/airflow/.local/lib/python3.12/site-packages/airflow/models/connection.py:471: DeprecationWarning: Using Connection.get_connection_from_secrets from `airflow.models` is deprecated.Please use `from airflow.sdk import Connection` instead\n  warnings.warn(\n","logger":"py.warnings"}
{"timestamp":"2025-08-21T08:40:07.939054","level":"info","event":"Connection Retrieved 'weather_pollution'","logger":"airflow.hooks.base"}
{"timestamp":"2025-08-21T08:40:07.939877","level":"info","event":"Snowflake Connector for Python Version: 3.16.0, Python Version: 3.12.11, Platform: Linux-6.6.87.2-microsoft-standard-WSL2-x86_64-with-glibc2.36","logger":"snowflake.connector.connection"}
{"timestamp":"2025-08-21T08:40:07.944506","level":"info","event":"Connecting to GLOBAL Snowflake domain","logger":"snowflake.connector.connection"}
{"timestamp":"2025-08-21T08:40:09.153281","level":"info","event":"Running statement: COPY INTO POLLUTION_OVERTIME.DATE_DIM\n        FROM '@%DATE_DIM'\n        FILE_FORMAT = (TYPE = CSV FIELD_OPTIONALLY_ENCLOSED_BY='\"' SKIP_HEADER=1)\n        FORCE = TRUE;, parameters: None","logger":"airflow.task.hooks.airflow.providers.snowflake.hooks.snowflake.SnowflakeHook"}
{"timestamp":"2025-08-21T08:40:09.153557","level":"info","event":"Running statement: COPY INTO POLLUTION_OVERTIME.DATE_DIM\n        FROM '@%DATE_DIM'\n        FILE_FORMAT = (TYPE = CSV FIELD_OPTIONALLY_ENCLOSED_BY='\"' SKIP_HEADER=1)\n        FORCE = TRUE;, parameters: None","logger":"airflow.task.hooks.airflow.providers.snowflake.hooks.snowflake.SnowflakeHook"}
{"timestamp":"2025-08-21T08:40:11.606783","level":"info","event":"Rows affected: 1","logger":"airflow.task.hooks.airflow.providers.snowflake.hooks.snowflake.SnowflakeHook"}
{"timestamp":"2025-08-21T08:40:11.607163","level":"info","event":"Rows affected: 1","logger":"airflow.task.hooks.airflow.providers.snowflake.hooks.snowflake.SnowflakeHook"}
{"timestamp":"2025-08-21T08:40:11.607281","level":"info","event":"Snowflake query id: 01be83a8-0000-abf4-0000-c31d000540c6","logger":"airflow.task.hooks.airflow.providers.snowflake.hooks.snowflake.SnowflakeHook"}
{"timestamp":"2025-08-21T08:40:12.313045","level":"info","event":"Pushing xcom","ti":"RuntimeTaskInstance(id=UUID('0198cbc8-7ba4-732a-8c3d-000b4f153113'), task_id='load_date_dim', dag_id='weather_to_snowflake_pipeline', run_id='manual__2025-08-21T08:39:30.413115+00:00', try_number=1, map_index=-1, hostname='74754e3105f5', context_carrier={}, task=<Task(SQLExecuteQueryOperator): load_date_dim>, bundle_instance=LocalDagBundle(name=dags-folder), max_tries=0, start_date=datetime.datetime(2025, 8, 21, 8, 40, 3, 529333, tzinfo=datetime.timezone.utc), end_date=None, state=<TaskInstanceState.RUNNING: 'running'>, is_mapped=False, rendered_map_index=None, log_url='http://localhost:8080/dags/weather_to_snowflake_pipeline/runs/manual__2025-08-21T08%3A39%3A30.413115%2B00%3A00/tasks/load_date_dim?try_number=1')","logger":"task"}
{"timestamp":"2025-08-21T08:40:12.387661Z","level":"info","event":"Task instance in success state","chan":"stdout","logger":"task"}
{"timestamp":"2025-08-21T08:40:12.388727Z","level":"info","event":" Previous state of the Task instance: TaskInstanceState.RUNNING","chan":"stdout","logger":"task"}
{"timestamp":"2025-08-21T08:40:12.389741Z","level":"info","event":"Task operator:<Task(SQLExecuteQueryOperator): load_date_dim>","chan":"stdout","logger":"task"}
