{"timestamp":"2025-08-21T07:07:59.022590","level":"info","event":"DAG bundles loaded: dags-folder, example_dags","logger":"airflow.dag_processing.bundles.manager.DagBundlesManager"}
{"timestamp":"2025-08-21T07:07:59.023236","level":"info","event":"Filling up the DagBag from /opt/airflow/dags/fetchin_cleaning.py","logger":"airflow.models.dagbag.DagBag"}
{"timestamp":"2025-08-21T07:07:59.083653Z","level":"info","event":"Task instance is in running state","chan":"stdout","logger":"task"}
{"timestamp":"2025-08-21T07:07:59.084175Z","level":"info","event":" Previous state of the Task instance: TaskInstanceState.QUEUED","chan":"stdout","logger":"task"}
{"timestamp":"2025-08-21T07:07:59.085353Z","level":"info","event":"Current task name:clean_data","chan":"stdout","logger":"task"}
{"timestamp":"2025-08-21T07:07:59.085683Z","level":"info","event":"Dag name:weather_to_snowflake_pipeline","chan":"stdout","logger":"task"}
{"timestamp":"2025-08-21T07:08:00.196286Z","level":"info","event":"0","chan":"stdout","logger":"task"}
{"timestamp":"2025-08-21T07:08:00.196662Z","level":"info","event":"base                          False","chan":"stdout","logger":"task"}
{"timestamp":"2025-08-21T07:08:00.196930Z","level":"info","event":"visibility                    False","chan":"stdout","logger":"task"}
{"timestamp":"2025-08-21T07:08:00.197182Z","level":"info","event":"dt                            False","chan":"stdout","logger":"task"}
{"timestamp":"2025-08-21T07:08:00.197488Z","level":"info","event":"timezone                      False","chan":"stdout","logger":"task"}
{"timestamp":"2025-08-21T07:08:00.197757Z","level":"info","event":"id                            False","chan":"stdout","logger":"task"}
{"timestamp":"2025-08-21T07:08:00.198081Z","level":"info","event":"name                          False","chan":"stdout","logger":"task"}
{"timestamp":"2025-08-21T07:08:00.198351Z","level":"info","event":"cod                           False","chan":"stdout","logger":"task"}
{"timestamp":"2025-08-21T07:08:00.198611Z","level":"info","event":"coord_lon                     False","chan":"stdout","logger":"task"}
{"timestamp":"2025-08-21T07:08:00.198894Z","level":"info","event":"coord_lat                     False","chan":"stdout","logger":"task"}
{"timestamp":"2025-08-21T07:08:00.199175Z","level":"info","event":"main_temp                     False","chan":"stdout","logger":"task"}
{"timestamp":"2025-08-21T07:08:00.199446Z","level":"info","event":"main_feels_like               False","chan":"stdout","logger":"task"}
{"timestamp":"2025-08-21T07:08:00.199716Z","level":"info","event":"main_temp_min                 False","chan":"stdout","logger":"task"}
{"timestamp":"2025-08-21T07:08:00.199994Z","level":"info","event":"main_temp_max                 False","chan":"stdout","logger":"task"}
{"timestamp":"2025-08-21T07:08:00.200235Z","level":"info","event":"main_pressure                 False","chan":"stdout","logger":"task"}
{"timestamp":"2025-08-21T07:08:00.200489Z","level":"info","event":"main_humidity                 False","chan":"stdout","logger":"task"}
{"timestamp":"2025-08-21T07:08:00.200710Z","level":"info","event":"main_sea_level                False","chan":"stdout","logger":"task"}
{"timestamp":"2025-08-21T07:08:00.200960Z","level":"info","event":"main_grnd_level               False","chan":"stdout","logger":"task"}
{"timestamp":"2025-08-21T07:08:00.201175Z","level":"info","event":"wind_speed                    False","chan":"stdout","logger":"task"}
{"timestamp":"2025-08-21T07:08:00.201520Z","level":"info","event":"wind_deg                      False","chan":"stdout","logger":"task"}
{"timestamp":"2025-08-21T07:08:00.201815Z","level":"info","event":"clouds_all                    False","chan":"stdout","logger":"task"}
{"timestamp":"2025-08-21T07:08:00.202080Z","level":"info","event":"sys_type                      False","chan":"stdout","logger":"task"}
{"timestamp":"2025-08-21T07:08:00.202354Z","level":"info","event":"sys_id                        False","chan":"stdout","logger":"task"}
{"timestamp":"2025-08-21T07:08:00.202635Z","level":"info","event":"sys_country                   False","chan":"stdout","logger":"task"}
{"timestamp":"2025-08-21T07:08:00.202969Z","level":"info","event":"sys_sunrise                   False","chan":"stdout","logger":"task"}
{"timestamp":"2025-08-21T07:08:00.203285Z","level":"info","event":"sys_sunset                    False","chan":"stdout","logger":"task"}
{"timestamp":"2025-08-21T07:08:00.203629Z","level":"info","event":"weather_id                    False","chan":"stdout","logger":"task"}
{"timestamp":"2025-08-21T07:08:00.203936Z","level":"info","event":"weather_main                  False","chan":"stdout","logger":"task"}
{"timestamp":"2025-08-21T07:08:00.204233Z","level":"info","event":"weather_description           False","chan":"stdout","logger":"task"}
{"timestamp":"2025-08-21T07:08:00.204533Z","level":"info","event":"weather_icon                  False","chan":"stdout","logger":"task"}
{"timestamp":"2025-08-21T07:08:00.204822Z","level":"info","event":"wind_gust                      True","chan":"stdout","logger":"task"}
{"timestamp":"2025-08-21T07:08:00.205104Z","level":"info","event":"pollution_dt                  False","chan":"stdout","logger":"task"}
{"timestamp":"2025-08-21T07:08:00.205387Z","level":"info","event":"pollution_main_aqi            False","chan":"stdout","logger":"task"}
{"timestamp":"2025-08-21T07:08:00.205662Z","level":"info","event":"pollution_components_co       False","chan":"stdout","logger":"task"}
{"timestamp":"2025-08-21T07:08:00.205913Z","level":"info","event":"pollution_components_no       False","chan":"stdout","logger":"task"}
{"timestamp":"2025-08-21T07:08:00.206138Z","level":"info","event":"pollution_components_no2      False","chan":"stdout","logger":"task"}
{"timestamp":"2025-08-21T07:08:00.206378Z","level":"info","event":"pollution_components_o3       False","chan":"stdout","logger":"task"}
{"timestamp":"2025-08-21T07:08:00.206618Z","level":"info","event":"pollution_components_so2      False","chan":"stdout","logger":"task"}
{"timestamp":"2025-08-21T07:08:00.206881Z","level":"info","event":"pollution_components_pm2_5    False","chan":"stdout","logger":"task"}
{"timestamp":"2025-08-21T07:08:00.207108Z","level":"info","event":"pollution_components_pm10     False","chan":"stdout","logger":"task"}
{"timestamp":"2025-08-21T07:08:00.207310Z","level":"info","event":"pollution_components_nh3      False","chan":"stdout","logger":"task"}
{"timestamp":"2025-08-21T07:08:00.207560Z","level":"info","event":"dtype: bool","chan":"stdout","logger":"task"}
{"timestamp":"2025-08-21T07:08:00.207818Z","level":"info","event":"base                          False","chan":"stdout","logger":"task"}
{"timestamp":"2025-08-21T07:08:00.208078Z","level":"info","event":"visibility                    False","chan":"stdout","logger":"task"}
{"timestamp":"2025-08-21T07:08:00.208358Z","level":"info","event":"dt                            False","chan":"stdout","logger":"task"}
{"timestamp":"2025-08-21T07:08:00.208678Z","level":"info","event":"timezone                      False","chan":"stdout","logger":"task"}
{"timestamp":"2025-08-21T07:08:00.208988Z","level":"info","event":"id                            False","chan":"stdout","logger":"task"}
{"timestamp":"2025-08-21T07:08:00.209312Z","level":"info","event":"name                          False","chan":"stdout","logger":"task"}
{"timestamp":"2025-08-21T07:08:00.209594Z","level":"info","event":"cod                           False","chan":"stdout","logger":"task"}
{"timestamp":"2025-08-21T07:08:00.209845Z","level":"info","event":"coord_lon                     False","chan":"stdout","logger":"task"}
{"timestamp":"2025-08-21T07:08:00.210090Z","level":"info","event":"coord_lat                     False","chan":"stdout","logger":"task"}
{"timestamp":"2025-08-21T07:08:00.210341Z","level":"info","event":"main_temp                     False","chan":"stdout","logger":"task"}
{"timestamp":"2025-08-21T07:08:00.210596Z","level":"info","event":"main_feels_like               False","chan":"stdout","logger":"task"}
{"timestamp":"2025-08-21T07:08:00.210866Z","level":"info","event":"main_temp_min                 False","chan":"stdout","logger":"task"}
{"timestamp":"2025-08-21T07:08:00.211190Z","level":"info","event":"main_temp_max                 False","chan":"stdout","logger":"task"}
{"timestamp":"2025-08-21T07:08:00.211523Z","level":"info","event":"main_pressure                 False","chan":"stdout","logger":"task"}
{"timestamp":"2025-08-21T07:08:00.211825Z","level":"info","event":"main_humidity                 False","chan":"stdout","logger":"task"}
{"timestamp":"2025-08-21T07:08:00.212138Z","level":"info","event":"main_sea_level                False","chan":"stdout","logger":"task"}
{"timestamp":"2025-08-21T07:08:00.212421Z","level":"info","event":"main_grnd_level               False","chan":"stdout","logger":"task"}
{"timestamp":"2025-08-21T07:08:00.212717Z","level":"info","event":"wind_speed                    False","chan":"stdout","logger":"task"}
{"timestamp":"2025-08-21T07:08:00.213033Z","level":"info","event":"wind_deg                      False","chan":"stdout","logger":"task"}
{"timestamp":"2025-08-21T07:08:00.213368Z","level":"info","event":"clouds_all                    False","chan":"stdout","logger":"task"}
{"timestamp":"2025-08-21T07:08:00.213672Z","level":"info","event":"sys_type                      False","chan":"stdout","logger":"task"}
{"timestamp":"2025-08-21T07:08:00.213911Z","level":"info","event":"sys_id                        False","chan":"stdout","logger":"task"}
{"timestamp":"2025-08-21T07:08:00.214168Z","level":"info","event":"sys_country                   False","chan":"stdout","logger":"task"}
{"timestamp":"2025-08-21T07:08:00.214438Z","level":"info","event":"sys_sunrise                   False","chan":"stdout","logger":"task"}
{"timestamp":"2025-08-21T07:08:00.214676Z","level":"info","event":"sys_sunset                    False","chan":"stdout","logger":"task"}
{"timestamp":"2025-08-21T07:08:00.214910Z","level":"info","event":"weather_id                    False","chan":"stdout","logger":"task"}
{"timestamp":"2025-08-21T07:08:00.215159Z","level":"info","event":"weather_main                  False","chan":"stdout","logger":"task"}
{"timestamp":"2025-08-21T07:08:00.215408Z","level":"info","event":"weather_description           False","chan":"stdout","logger":"task"}
{"timestamp":"2025-08-21T07:08:00.215658Z","level":"info","event":"weather_icon                  False","chan":"stdout","logger":"task"}
{"timestamp":"2025-08-21T07:08:00.215906Z","level":"info","event":"pollution_dt                  False","chan":"stdout","logger":"task"}
{"timestamp":"2025-08-21T07:08:00.216144Z","level":"info","event":"pollution_main_aqi            False","chan":"stdout","logger":"task"}
{"timestamp":"2025-08-21T07:08:00.216389Z","level":"info","event":"pollution_components_co       False","chan":"stdout","logger":"task"}
{"timestamp":"2025-08-21T07:08:00.216638Z","level":"info","event":"pollution_components_no       False","chan":"stdout","logger":"task"}
{"timestamp":"2025-08-21T07:08:00.216917Z","level":"info","event":"pollution_components_no2      False","chan":"stdout","logger":"task"}
{"timestamp":"2025-08-21T07:08:00.217191Z","level":"info","event":"pollution_components_o3       False","chan":"stdout","logger":"task"}
{"timestamp":"2025-08-21T07:08:00.217529Z","level":"info","event":"pollution_components_so2      False","chan":"stdout","logger":"task"}
{"timestamp":"2025-08-21T07:08:00.217805Z","level":"info","event":"pollution_components_pm2_5    False","chan":"stdout","logger":"task"}
{"timestamp":"2025-08-21T07:08:00.218089Z","level":"info","event":"pollution_components_pm10     False","chan":"stdout","logger":"task"}
{"timestamp":"2025-08-21T07:08:00.218347Z","level":"info","event":"pollution_components_nh3      False","chan":"stdout","logger":"task"}
{"timestamp":"2025-08-21T07:08:00.218610Z","level":"info","event":"dtype: bool","chan":"stdout","logger":"task"}
{"timestamp":"2025-08-21T07:08:00.219024Z","level":"info","event":"<class 'pandas.core.frame.DataFrame'>","chan":"stdout","logger":"task"}
{"timestamp":"2025-08-21T07:08:00.219382Z","level":"info","event":"Index: 3 entries, cairo to beijing","chan":"stdout","logger":"task"}
{"timestamp":"2025-08-21T07:08:00.219842Z","level":"info","event":"Data columns (total 39 columns):","chan":"stdout","logger":"task"}
{"timestamp":"2025-08-21T07:08:00.220204Z","level":"info","event":" #   Column                      Non-Null Count  Dtype","chan":"stdout","logger":"task"}
{"timestamp":"2025-08-21T07:08:00.220532Z","level":"info","event":"---  ------                      --------------  -----","chan":"stdout","logger":"task"}
{"timestamp":"2025-08-21T07:08:00.220895Z","level":"info","event":" 0   base                        3 non-null      object","chan":"stdout","logger":"task"}
{"timestamp":"2025-08-21T07:08:00.221261Z","level":"info","event":" 1   visibility                  3 non-null      int64","chan":"stdout","logger":"task"}
{"timestamp":"2025-08-21T07:08:00.221540Z","level":"info","event":" 2   dt                          3 non-null      datetime64[ns]","chan":"stdout","logger":"task"}
{"timestamp":"2025-08-21T07:08:00.221837Z","level":"info","event":" 3   timezone                    3 non-null      int64","chan":"stdout","logger":"task"}
{"timestamp":"2025-08-21T07:08:00.222143Z","level":"info","event":" 4   id                          3 non-null      int64","chan":"stdout","logger":"task"}
{"timestamp":"2025-08-21T07:08:00.222424Z","level":"info","event":" 5   name                        3 non-null      object","chan":"stdout","logger":"task"}
{"timestamp":"2025-08-21T07:08:00.222679Z","level":"info","event":" 6   cod                         3 non-null      int64","chan":"stdout","logger":"task"}
{"timestamp":"2025-08-21T07:08:00.222943Z","level":"info","event":" 7   coord_lon                   3 non-null      float64","chan":"stdout","logger":"task"}
{"timestamp":"2025-08-21T07:08:00.223214Z","level":"info","event":" 8   coord_lat                   3 non-null      float64","chan":"stdout","logger":"task"}
{"timestamp":"2025-08-21T07:08:00.223472Z","level":"info","event":" 9   main_temp                   3 non-null      float64","chan":"stdout","logger":"task"}
{"timestamp":"2025-08-21T07:08:00.223725Z","level":"info","event":" 10  main_feels_like             3 non-null      float64","chan":"stdout","logger":"task"}
{"timestamp":"2025-08-21T07:08:00.223975Z","level":"info","event":" 11  main_temp_min               3 non-null      float64","chan":"stdout","logger":"task"}
{"timestamp":"2025-08-21T07:08:00.224230Z","level":"info","event":" 12  main_temp_max               3 non-null      float64","chan":"stdout","logger":"task"}
{"timestamp":"2025-08-21T07:08:00.224563Z","level":"info","event":" 13  main_pressure               3 non-null      int64","chan":"stdout","logger":"task"}
{"timestamp":"2025-08-21T07:08:00.224894Z","level":"info","event":" 14  main_humidity               3 non-null      int64","chan":"stdout","logger":"task"}
{"timestamp":"2025-08-21T07:08:00.225354Z","level":"info","event":" 15  main_sea_level              3 non-null      int64","chan":"stdout","logger":"task"}
{"timestamp":"2025-08-21T07:08:00.225640Z","level":"info","event":" 16  main_grnd_level             3 non-null      int64","chan":"stdout","logger":"task"}
{"timestamp":"2025-08-21T07:08:00.225911Z","level":"info","event":" 17  wind_speed                  3 non-null      float64","chan":"stdout","logger":"task"}
{"timestamp":"2025-08-21T07:08:00.226216Z","level":"info","event":" 18  wind_deg                    3 non-null      int64","chan":"stdout","logger":"task"}
{"timestamp":"2025-08-21T07:08:00.226482Z","level":"info","event":" 19  clouds_all                  3 non-null      int64","chan":"stdout","logger":"task"}
{"timestamp":"2025-08-21T07:08:00.226748Z","level":"info","event":" 20  sys_type                    3 non-null      int64","chan":"stdout","logger":"task"}
{"timestamp":"2025-08-21T07:08:00.227031Z","level":"info","event":" 21  sys_id                      3 non-null      int64","chan":"stdout","logger":"task"}
{"timestamp":"2025-08-21T07:08:00.227305Z","level":"info","event":" 22  sys_country                 3 non-null      object","chan":"stdout","logger":"task"}
{"timestamp":"2025-08-21T07:08:00.227644Z","level":"info","event":" 23  sys_sunrise                 3 non-null      datetime64[ns]","chan":"stdout","logger":"task"}
{"timestamp":"2025-08-21T07:08:00.227938Z","level":"info","event":" 24  sys_sunset                  3 non-null      datetime64[ns]","chan":"stdout","logger":"task"}
{"timestamp":"2025-08-21T07:08:00.228271Z","level":"info","event":" 25  weather_id                  3 non-null      int64","chan":"stdout","logger":"task"}
{"timestamp":"2025-08-21T07:08:00.228591Z","level":"info","event":" 26  weather_main                3 non-null      object","chan":"stdout","logger":"task"}
{"timestamp":"2025-08-21T07:08:00.228908Z","level":"info","event":" 27  weather_description         3 non-null      object","chan":"stdout","logger":"task"}
{"timestamp":"2025-08-21T07:08:00.229275Z","level":"info","event":" 28  weather_icon                3 non-null      object","chan":"stdout","logger":"task"}
{"timestamp":"2025-08-21T07:08:00.229548Z","level":"info","event":" 29  pollution_dt                3 non-null      datetime64[ns]","chan":"stdout","logger":"task"}
{"timestamp":"2025-08-21T07:08:00.229811Z","level":"info","event":" 30  pollution_main_aqi          3 non-null      int64","chan":"stdout","logger":"task"}
{"timestamp":"2025-08-21T07:08:00.230106Z","level":"info","event":" 31  pollution_components_co     3 non-null      float64","chan":"stdout","logger":"task"}
{"timestamp":"2025-08-21T07:08:00.230384Z","level":"info","event":" 32  pollution_components_no     3 non-null      float64","chan":"stdout","logger":"task"}
{"timestamp":"2025-08-21T07:08:00.230676Z","level":"info","event":" 33  pollution_components_no2    3 non-null      float64","chan":"stdout","logger":"task"}
{"timestamp":"2025-08-21T07:08:00.230991Z","level":"info","event":" 34  pollution_components_o3     3 non-null      float64","chan":"stdout","logger":"task"}
{"timestamp":"2025-08-21T07:08:00.231258Z","level":"info","event":" 35  pollution_components_so2    3 non-null      float64","chan":"stdout","logger":"task"}
{"timestamp":"2025-08-21T07:08:00.231547Z","level":"info","event":" 36  pollution_components_pm2_5  3 non-null      float64","chan":"stdout","logger":"task"}
{"timestamp":"2025-08-21T07:08:00.231822Z","level":"info","event":" 37  pollution_components_pm10   3 non-null      float64","chan":"stdout","logger":"task"}
{"timestamp":"2025-08-21T07:08:00.232077Z","level":"info","event":" 38  pollution_components_nh3    3 non-null      float64","chan":"stdout","logger":"task"}
{"timestamp":"2025-08-21T07:08:00.232334Z","level":"info","event":"dtypes: datetime64[ns](4), float64(15), int64(14), object(6)","chan":"stdout","logger":"task"}
{"timestamp":"2025-08-21T07:08:00.232589Z","level":"info","event":"memory usage: 960.0+ bytes","chan":"stdout","logger":"task"}
{"timestamp":"2025-08-21T07:08:00.323895","level":"info","event":"Done. Returned value was: None","logger":"airflow.task.operators.airflow.providers.standard.operators.python.PythonOperator"}
{"timestamp":"2025-08-21T07:08:00.346375Z","level":"info","event":"Task instance in success state","chan":"stdout","logger":"task"}
{"timestamp":"2025-08-21T07:08:00.346977Z","level":"info","event":" Previous state of the Task instance: TaskInstanceState.RUNNING","chan":"stdout","logger":"task"}
{"timestamp":"2025-08-21T07:08:00.347507Z","level":"info","event":"Task operator:<Task(PythonOperator): clean_data>","chan":"stdout","logger":"task"}
