{"timestamp":"2025-09-03T19:20:34.546995","level":"info","event":"DAG bundles loaded: dags-folder, example_dags","logger":"airflow.dag_processing.bundles.manager.DagBundlesManager"}
{"timestamp":"2025-09-03T19:20:34.548315","level":"info","event":"Filling up the DagBag from /opt/airflow/dags/fetchin_cleaning.py","logger":"airflow.models.dagbag.DagBag"}
{"timestamp":"2025-09-03T19:20:34.782928Z","level":"info","event":"Task instance is in running state","chan":"stdout","logger":"task"}
{"timestamp":"2025-09-03T19:20:34.784450Z","level":"info","event":" Previous state of the Task instance: TaskInstanceState.QUEUED","chan":"stdout","logger":"task"}
{"timestamp":"2025-09-03T19:20:34.787804Z","level":"info","event":"Current task name:stage_location_dim","chan":"stdout","logger":"task"}
{"timestamp":"2025-09-03T19:20:34.788657Z","level":"info","event":"Dag name:weather_to_snowflake_pipeline","chan":"stdout","logger":"task"}
{"timestamp":"2025-09-03T19:20:34.783854","level":"info","event":"Executing: PUT file:///opt/airflow/data/location_dim.csv @%LOCATION_DIM OVERWRITE = TRUE;","logger":"airflow.task.operators.airflow.providers.common.sql.operators.sql.SQLExecuteQueryOperator"}
{"timestamp":"2025-09-03T19:20:34.794358","level":"warning","event":"/home/airflow/.local/lib/python3.12/site-packages/airflow/models/connection.py:471: DeprecationWarning: Using Connection.get_connection_from_secrets from `airflow.models` is deprecated.Please use `from airflow.sdk import Connection` instead\n  warnings.warn(\n","logger":"py.warnings"}
{"timestamp":"2025-09-03T19:20:34.866959","level":"info","event":"Connection Retrieved 'weather_pollution'","logger":"airflow.hooks.base"}
{"timestamp":"2025-09-03T19:20:40.092744","level":"warning","event":"/home/airflow/.local/lib/python3.12/site-packages/airflow/models/connection.py:471: DeprecationWarning: Using Connection.get_connection_from_secrets from `airflow.models` is deprecated.Please use `from airflow.sdk import Connection` instead\n  warnings.warn(\n","logger":"py.warnings"}
{"timestamp":"2025-09-03T19:20:40.106258","level":"info","event":"Connection Retrieved 'weather_pollution'","logger":"airflow.hooks.base"}
{"timestamp":"2025-09-03T19:20:40.106932","level":"info","event":"Snowflake Connector for Python Version: 3.16.0, Python Version: 3.12.11, Platform: Linux-6.6.87.2-microsoft-standard-WSL2-x86_64-with-glibc2.36","logger":"snowflake.connector.connection"}
{"timestamp":"2025-09-03T19:20:40.107711","level":"info","event":"Connecting to GLOBAL Snowflake domain","logger":"snowflake.connector.connection"}
{"timestamp":"2025-09-03T19:20:53.391405","level":"info","event":"Running statement: PUT file:///opt/airflow/data/location_dim.csv @%LOCATION_DIM OVERWRITE = TRUE;, parameters: None","logger":"airflow.task.hooks.airflow.providers.snowflake.hooks.snowflake.SnowflakeHook"}
{"timestamp":"2025-09-03T19:20:53.391610","level":"info","event":"Running statement: PUT file:///opt/airflow/data/location_dim.csv @%LOCATION_DIM OVERWRITE = TRUE;, parameters: None","logger":"airflow.task.hooks.airflow.providers.snowflake.hooks.snowflake.SnowflakeHook"}
{"timestamp":"2025-09-03T19:20:55.713039","level":"info","event":"Rows affected: 1","logger":"airflow.task.hooks.airflow.providers.snowflake.hooks.snowflake.SnowflakeHook"}
{"timestamp":"2025-09-03T19:20:55.714438","level":"info","event":"Rows affected: 1","logger":"airflow.task.hooks.airflow.providers.snowflake.hooks.snowflake.SnowflakeHook"}
{"timestamp":"2025-09-03T19:20:55.714820","level":"info","event":"Snowflake query id: 01becf48-0000-b746-0000-c31d0008900e","logger":"airflow.task.hooks.airflow.providers.snowflake.hooks.snowflake.SnowflakeHook"}
{"timestamp":"2025-09-03T19:20:56.448197","level":"info","event":"Pushing xcom","ti":"RuntimeTaskInstance(id=UUID('01991105-c028-7565-96fd-3a431c694a60'), task_id='stage_location_dim', dag_id='weather_to_snowflake_pipeline', run_id='manual__2025-09-03T19:20:13.554890+00:00', try_number=1, map_index=-1, hostname='894a893f40a3', context_carrier={}, task=<Task(SQLExecuteQueryOperator): stage_location_dim>, bundle_instance=LocalDagBundle(name=dags-folder), max_tries=0, start_date=datetime.datetime(2025, 9, 3, 19, 20, 33, 98908, tzinfo=datetime.timezone.utc), end_date=None, state=<TaskInstanceState.RUNNING: 'running'>, is_mapped=False, rendered_map_index=None, log_url='http://localhost:8080/dags/weather_to_snowflake_pipeline/runs/manual__2025-09-03T19%3A20%3A13.554890%2B00%3A00/tasks/stage_location_dim?try_number=1')","logger":"task"}
{"timestamp":"2025-09-03T19:20:56.519810Z","level":"info","event":"Task instance in success state","chan":"stdout","logger":"task"}
{"timestamp":"2025-09-03T19:20:56.521041Z","level":"info","event":" Previous state of the Task instance: TaskInstanceState.RUNNING","chan":"stdout","logger":"task"}
{"timestamp":"2025-09-03T19:20:56.521336Z","level":"info","event":"Task operator:<Task(SQLExecuteQueryOperator): stage_location_dim>","chan":"stdout","logger":"task"}
