{"timestamp":"2025-08-21T09:12:16.050632","level":"info","event":"DAG bundles loaded: dags-folder, example_dags","logger":"airflow.dag_processing.bundles.manager.DagBundlesManager"}
{"timestamp":"2025-08-21T09:12:16.052449","level":"info","event":"Filling up the DagBag from /opt/airflow/dags/fetchin_cleaning.py","logger":"airflow.models.dagbag.DagBag"}
{"timestamp":"2025-08-21T09:12:16.162446Z","level":"info","event":"Task instance is in running state","chan":"stdout","logger":"task"}
{"timestamp":"2025-08-21T09:12:16.162889Z","level":"info","event":" Previous state of the Task instance: TaskInstanceState.QUEUED","chan":"stdout","logger":"task"}
{"timestamp":"2025-08-21T09:12:16.163568Z","level":"info","event":"Current task name:load_location_dim","chan":"stdout","logger":"task"}
{"timestamp":"2025-08-21T09:12:16.163968Z","level":"info","event":"Dag name:weather_to_snowflake_pipeline","chan":"stdout","logger":"task"}
{"timestamp":"2025-08-21T09:12:16.163340","level":"info","event":"Executing: \n        COPY INTO POLLUTION_OVERTIME.LOCATION_DIM\n        FROM '@%LOCATION_DIM'\n        FILE_FORMAT = (TYPE = CSV FIELD_OPTIONALLY_ENCLOSED_BY='\"' SKIP_HEADER=1)\n        FORCE = TRUE;\n        ","logger":"airflow.task.operators.airflow.providers.common.sql.operators.sql.SQLExecuteQueryOperator"}
{"timestamp":"2025-08-21T09:12:16.166663","level":"warning","event":"/home/airflow/.local/lib/python3.12/site-packages/airflow/models/connection.py:471: DeprecationWarning: Using Connection.get_connection_from_secrets from `airflow.models` is deprecated.Please use `from airflow.sdk import Connection` instead\n  warnings.warn(\n","logger":"py.warnings"}
{"timestamp":"2025-08-21T09:12:16.179003","level":"info","event":"Connection Retrieved 'weather_pollution'","logger":"airflow.hooks.base"}
{"timestamp":"2025-08-21T09:12:17.180656","level":"warning","event":"/home/airflow/.local/lib/python3.12/site-packages/airflow/models/connection.py:471: DeprecationWarning: Using Connection.get_connection_from_secrets from `airflow.models` is deprecated.Please use `from airflow.sdk import Connection` instead\n  warnings.warn(\n","logger":"py.warnings"}
{"timestamp":"2025-08-21T09:12:17.192876","level":"info","event":"Connection Retrieved 'weather_pollution'","logger":"airflow.hooks.base"}
{"timestamp":"2025-08-21T09:12:17.193572","level":"info","event":"Snowflake Connector for Python Version: 3.16.0, Python Version: 3.12.11, Platform: Linux-6.6.87.2-microsoft-standard-WSL2-x86_64-with-glibc2.36","logger":"snowflake.connector.connection"}
{"timestamp":"2025-08-21T09:12:17.194328","level":"info","event":"Connecting to GLOBAL Snowflake domain","logger":"snowflake.connector.connection"}
{"timestamp":"2025-08-21T09:12:18.438626","level":"info","event":"Running statement: COPY INTO POLLUTION_OVERTIME.LOCATION_DIM\n        FROM '@%LOCATION_DIM'\n        FILE_FORMAT = (TYPE = CSV FIELD_OPTIONALLY_ENCLOSED_BY='\"' SKIP_HEADER=1)\n        FORCE = TRUE;, parameters: None","logger":"airflow.task.hooks.airflow.providers.snowflake.hooks.snowflake.SnowflakeHook"}
{"timestamp":"2025-08-21T09:12:18.438863","level":"info","event":"Running statement: COPY INTO POLLUTION_OVERTIME.LOCATION_DIM\n        FROM '@%LOCATION_DIM'\n        FILE_FORMAT = (TYPE = CSV FIELD_OPTIONALLY_ENCLOSED_BY='\"' SKIP_HEADER=1)\n        FORCE = TRUE;, parameters: None","logger":"airflow.task.hooks.airflow.providers.snowflake.hooks.snowflake.SnowflakeHook"}
{"timestamp":"2025-08-21T09:12:20.446046","level":"info","event":"Rows affected: 1","logger":"airflow.task.hooks.airflow.providers.snowflake.hooks.snowflake.SnowflakeHook"}
{"timestamp":"2025-08-21T09:12:20.446596","level":"info","event":"Rows affected: 1","logger":"airflow.task.hooks.airflow.providers.snowflake.hooks.snowflake.SnowflakeHook"}
{"timestamp":"2025-08-21T09:12:20.446720","level":"info","event":"Snowflake query id: 01be83c8-0000-aabe-0000-c31d00052d06","logger":"airflow.task.hooks.airflow.providers.snowflake.hooks.snowflake.SnowflakeHook"}
{"timestamp":"2025-08-21T09:12:21.154426","level":"info","event":"Pushing xcom","ti":"RuntimeTaskInstance(id=UUID('0198cbe6-2c33-7045-854d-fc8073f09430'), task_id='load_location_dim', dag_id='weather_to_snowflake_pipeline', run_id='manual__2025-08-21T09:11:56.088583+00:00', try_number=1, map_index=-1, hostname='74754e3105f5', context_carrier={}, task=<Task(SQLExecuteQueryOperator): load_location_dim>, bundle_instance=LocalDagBundle(name=dags-folder), max_tries=0, start_date=datetime.datetime(2025, 8, 21, 9, 12, 14, 958231, tzinfo=datetime.timezone.utc), end_date=None, state=<TaskInstanceState.RUNNING: 'running'>, is_mapped=False, rendered_map_index=None, log_url='http://localhost:8080/dags/weather_to_snowflake_pipeline/runs/manual__2025-08-21T09%3A11%3A56.088583%2B00%3A00/tasks/load_location_dim?try_number=1')","logger":"task"}
{"timestamp":"2025-08-21T09:12:21.213282Z","level":"info","event":"Task instance in success state","chan":"stdout","logger":"task"}
{"timestamp":"2025-08-21T09:12:21.213780Z","level":"info","event":" Previous state of the Task instance: TaskInstanceState.RUNNING","chan":"stdout","logger":"task"}
{"timestamp":"2025-08-21T09:12:21.214260Z","level":"info","event":"Task operator:<Task(SQLExecuteQueryOperator): load_location_dim>","chan":"stdout","logger":"task"}
