{"timestamp":"2025-08-21T06:35:51.174394","level":"info","event":"DAG bundles loaded: dags-folder, example_dags","logger":"airflow.dag_processing.bundles.manager.DagBundlesManager"}
{"timestamp":"2025-08-21T06:35:51.175080","level":"info","event":"Filling up the DagBag from /opt/airflow/dags/fetchin_cleaning.py","logger":"airflow.models.dagbag.DagBag"}
{"timestamp":"2025-08-21T06:35:51.239427Z","level":"info","event":"Task instance is in running state","chan":"stdout","logger":"task"}
{"timestamp":"2025-08-21T06:35:51.240125Z","level":"info","event":" Previous state of the Task instance: TaskInstanceState.QUEUED","chan":"stdout","logger":"task"}
{"timestamp":"2025-08-21T06:35:51.242482Z","level":"info","event":"Current task name:clean_data","chan":"stdout","logger":"task"}
{"timestamp":"2025-08-21T06:35:51.242904Z","level":"info","event":"Dag name:weather_to_snowflake_pipeline","chan":"stdout","logger":"task"}
{"timestamp":"2025-08-21T06:35:52.699720Z","level":"info","event":"0","chan":"stdout","logger":"task"}
{"timestamp":"2025-08-21T06:35:52.700251Z","level":"info","event":"base                          False","chan":"stdout","logger":"task"}
{"timestamp":"2025-08-21T06:35:52.700620Z","level":"info","event":"visibility                    False","chan":"stdout","logger":"task"}
{"timestamp":"2025-08-21T06:35:52.700944Z","level":"info","event":"dt                            False","chan":"stdout","logger":"task"}
{"timestamp":"2025-08-21T06:35:52.701257Z","level":"info","event":"timezone                      False","chan":"stdout","logger":"task"}
{"timestamp":"2025-08-21T06:35:52.701611Z","level":"info","event":"id                            False","chan":"stdout","logger":"task"}
{"timestamp":"2025-08-21T06:35:52.701897Z","level":"info","event":"name                          False","chan":"stdout","logger":"task"}
{"timestamp":"2025-08-21T06:35:52.702197Z","level":"info","event":"cod                           False","chan":"stdout","logger":"task"}
{"timestamp":"2025-08-21T06:35:52.702566Z","level":"info","event":"coord_lon                     False","chan":"stdout","logger":"task"}
{"timestamp":"2025-08-21T06:35:52.702867Z","level":"info","event":"coord_lat                     False","chan":"stdout","logger":"task"}
{"timestamp":"2025-08-21T06:35:52.703149Z","level":"info","event":"main_temp                     False","chan":"stdout","logger":"task"}
{"timestamp":"2025-08-21T06:35:52.703435Z","level":"info","event":"main_feels_like               False","chan":"stdout","logger":"task"}
{"timestamp":"2025-08-21T06:35:52.703713Z","level":"info","event":"main_temp_min                 False","chan":"stdout","logger":"task"}
{"timestamp":"2025-08-21T06:35:52.703991Z","level":"info","event":"main_temp_max                 False","chan":"stdout","logger":"task"}
{"timestamp":"2025-08-21T06:35:52.704343Z","level":"info","event":"main_pressure                 False","chan":"stdout","logger":"task"}
{"timestamp":"2025-08-21T06:35:52.704668Z","level":"info","event":"main_humidity                 False","chan":"stdout","logger":"task"}
{"timestamp":"2025-08-21T06:35:52.705087Z","level":"info","event":"main_sea_level                False","chan":"stdout","logger":"task"}
{"timestamp":"2025-08-21T06:35:52.705456Z","level":"info","event":"main_grnd_level               False","chan":"stdout","logger":"task"}
{"timestamp":"2025-08-21T06:35:52.705833Z","level":"info","event":"wind_speed                    False","chan":"stdout","logger":"task"}
{"timestamp":"2025-08-21T06:35:52.706271Z","level":"info","event":"wind_deg                      False","chan":"stdout","logger":"task"}
{"timestamp":"2025-08-21T06:35:52.706710Z","level":"info","event":"clouds_all                    False","chan":"stdout","logger":"task"}
{"timestamp":"2025-08-21T06:35:52.707107Z","level":"info","event":"sys_type                      False","chan":"stdout","logger":"task"}
{"timestamp":"2025-08-21T06:35:52.707546Z","level":"info","event":"sys_id                        False","chan":"stdout","logger":"task"}
{"timestamp":"2025-08-21T06:35:52.707917Z","level":"info","event":"sys_country                   False","chan":"stdout","logger":"task"}
{"timestamp":"2025-08-21T06:35:52.708742Z","level":"info","event":"sys_sunrise                   False","chan":"stdout","logger":"task"}
{"timestamp":"2025-08-21T06:35:52.717398Z","level":"info","event":"sys_sunset                    False","chan":"stdout","logger":"task"}
{"timestamp":"2025-08-21T06:35:52.722245Z","level":"info","event":"weather_id                    False","chan":"stdout","logger":"task"}
{"timestamp":"2025-08-21T06:35:52.728231Z","level":"info","event":"weather_main                  False","chan":"stdout","logger":"task"}
{"timestamp":"2025-08-21T06:35:52.734505Z","level":"info","event":"weather_description           False","chan":"stdout","logger":"task"}
{"timestamp":"2025-08-21T06:35:52.740907Z","level":"info","event":"weather_icon                  False","chan":"stdout","logger":"task"}
{"timestamp":"2025-08-21T06:35:52.747726Z","level":"info","event":"wind_gust                      True","chan":"stdout","logger":"task"}
{"timestamp":"2025-08-21T06:35:52.750506Z","level":"info","event":"pollution_dt                  False","chan":"stdout","logger":"task"}
{"timestamp":"2025-08-21T06:35:52.753079Z","level":"info","event":"pollution_main_aqi            False","chan":"stdout","logger":"task"}
{"timestamp":"2025-08-21T06:35:52.755235Z","level":"info","event":"pollution_components_co       False","chan":"stdout","logger":"task"}
{"timestamp":"2025-08-21T06:35:52.758246Z","level":"info","event":"pollution_components_no       False","chan":"stdout","logger":"task"}
{"timestamp":"2025-08-21T06:35:52.760150Z","level":"info","event":"pollution_components_no2      False","chan":"stdout","logger":"task"}
{"timestamp":"2025-08-21T06:35:52.762207Z","level":"info","event":"pollution_components_o3       False","chan":"stdout","logger":"task"}
{"timestamp":"2025-08-21T06:35:52.765384Z","level":"info","event":"pollution_components_so2      False","chan":"stdout","logger":"task"}
{"timestamp":"2025-08-21T06:35:52.767400Z","level":"info","event":"pollution_components_pm2_5    False","chan":"stdout","logger":"task"}
{"timestamp":"2025-08-21T06:35:52.771454Z","level":"info","event":"pollution_components_pm10     False","chan":"stdout","logger":"task"}
{"timestamp":"2025-08-21T06:35:52.778664Z","level":"info","event":"pollution_components_nh3      False","chan":"stdout","logger":"task"}
{"timestamp":"2025-08-21T06:35:52.783053Z","level":"info","event":"dtype: bool","chan":"stdout","logger":"task"}
{"timestamp":"2025-08-21T06:35:52.786244Z","level":"info","event":"base                          False","chan":"stdout","logger":"task"}
{"timestamp":"2025-08-21T06:35:52.789379Z","level":"info","event":"visibility                    False","chan":"stdout","logger":"task"}
{"timestamp":"2025-08-21T06:35:52.792956Z","level":"info","event":"dt                            False","chan":"stdout","logger":"task"}
{"timestamp":"2025-08-21T06:35:52.795401Z","level":"info","event":"timezone                      False","chan":"stdout","logger":"task"}
{"timestamp":"2025-08-21T06:35:52.796246Z","level":"info","event":"id                            False","chan":"stdout","logger":"task"}
{"timestamp":"2025-08-21T06:35:52.797025Z","level":"info","event":"name                          False","chan":"stdout","logger":"task"}
{"timestamp":"2025-08-21T06:35:52.797688Z","level":"info","event":"cod                           False","chan":"stdout","logger":"task"}
{"timestamp":"2025-08-21T06:35:52.798536Z","level":"info","event":"coord_lon                     False","chan":"stdout","logger":"task"}
{"timestamp":"2025-08-21T06:35:52.799732Z","level":"info","event":"coord_lat                     False","chan":"stdout","logger":"task"}
{"timestamp":"2025-08-21T06:35:52.804158Z","level":"info","event":"main_temp                     False","chan":"stdout","logger":"task"}
{"timestamp":"2025-08-21T06:35:52.807825Z","level":"info","event":"main_feels_like               False","chan":"stdout","logger":"task"}
{"timestamp":"2025-08-21T06:35:52.809266Z","level":"info","event":"main_temp_min                 False","chan":"stdout","logger":"task"}
{"timestamp":"2025-08-21T06:35:52.812094Z","level":"info","event":"main_temp_max                 False","chan":"stdout","logger":"task"}
{"timestamp":"2025-08-21T06:35:52.814628Z","level":"info","event":"main_pressure                 False","chan":"stdout","logger":"task"}
{"timestamp":"2025-08-21T06:35:52.818369Z","level":"info","event":"main_humidity                 False","chan":"stdout","logger":"task"}
{"timestamp":"2025-08-21T06:35:52.821075Z","level":"info","event":"main_sea_level                False","chan":"stdout","logger":"task"}
{"timestamp":"2025-08-21T06:35:52.821784Z","level":"info","event":"main_grnd_level               False","chan":"stdout","logger":"task"}
{"timestamp":"2025-08-21T06:35:52.823604Z","level":"info","event":"wind_speed                    False","chan":"stdout","logger":"task"}
{"timestamp":"2025-08-21T06:35:52.824358Z","level":"info","event":"wind_deg                      False","chan":"stdout","logger":"task"}
{"timestamp":"2025-08-21T06:35:52.824892Z","level":"info","event":"clouds_all                    False","chan":"stdout","logger":"task"}
{"timestamp":"2025-08-21T06:35:52.825255Z","level":"info","event":"sys_type                      False","chan":"stdout","logger":"task"}
{"timestamp":"2025-08-21T06:35:52.825617Z","level":"info","event":"sys_id                        False","chan":"stdout","logger":"task"}
{"timestamp":"2025-08-21T06:35:52.825992Z","level":"info","event":"sys_country                   False","chan":"stdout","logger":"task"}
{"timestamp":"2025-08-21T06:35:52.826414Z","level":"info","event":"sys_sunrise                   False","chan":"stdout","logger":"task"}
{"timestamp":"2025-08-21T06:35:52.826819Z","level":"info","event":"sys_sunset                    False","chan":"stdout","logger":"task"}
{"timestamp":"2025-08-21T06:35:52.827183Z","level":"info","event":"weather_id                    False","chan":"stdout","logger":"task"}
{"timestamp":"2025-08-21T06:35:52.830500Z","level":"info","event":"weather_main                  False","chan":"stdout","logger":"task"}
{"timestamp":"2025-08-21T06:35:52.831014Z","level":"info","event":"weather_description           False","chan":"stdout","logger":"task"}
{"timestamp":"2025-08-21T06:35:52.831373Z","level":"info","event":"weather_icon                  False","chan":"stdout","logger":"task"}
{"timestamp":"2025-08-21T06:35:52.831700Z","level":"info","event":"pollution_dt                  False","chan":"stdout","logger":"task"}
{"timestamp":"2025-08-21T06:35:52.832034Z","level":"info","event":"pollution_main_aqi            False","chan":"stdout","logger":"task"}
{"timestamp":"2025-08-21T06:35:52.832342Z","level":"info","event":"pollution_components_co       False","chan":"stdout","logger":"task"}
{"timestamp":"2025-08-21T06:35:52.832657Z","level":"info","event":"pollution_components_no       False","chan":"stdout","logger":"task"}
{"timestamp":"2025-08-21T06:35:52.832994Z","level":"info","event":"pollution_components_no2      False","chan":"stdout","logger":"task"}
{"timestamp":"2025-08-21T06:35:52.833314Z","level":"info","event":"pollution_components_o3       False","chan":"stdout","logger":"task"}
{"timestamp":"2025-08-21T06:35:52.833646Z","level":"info","event":"pollution_components_so2      False","chan":"stdout","logger":"task"}
{"timestamp":"2025-08-21T06:35:52.834004Z","level":"info","event":"pollution_components_pm2_5    False","chan":"stdout","logger":"task"}
{"timestamp":"2025-08-21T06:35:52.834346Z","level":"info","event":"pollution_components_pm10     False","chan":"stdout","logger":"task"}
{"timestamp":"2025-08-21T06:35:52.834652Z","level":"info","event":"pollution_components_nh3      False","chan":"stdout","logger":"task"}
{"timestamp":"2025-08-21T06:35:52.834948Z","level":"info","event":"dtype: bool","chan":"stdout","logger":"task"}
{"timestamp":"2025-08-21T06:35:52.835259Z","level":"info","event":"<class 'pandas.core.frame.DataFrame'>","chan":"stdout","logger":"task"}
{"timestamp":"2025-08-21T06:35:52.835573Z","level":"info","event":"Index: 3 entries, cairo to beijing","chan":"stdout","logger":"task"}
{"timestamp":"2025-08-21T06:35:52.835946Z","level":"info","event":"Data columns (total 39 columns):","chan":"stdout","logger":"task"}
{"timestamp":"2025-08-21T06:35:52.836300Z","level":"info","event":" #   Column                      Non-Null Count  Dtype","chan":"stdout","logger":"task"}
{"timestamp":"2025-08-21T06:35:52.836627Z","level":"info","event":"---  ------                      --------------  -----","chan":"stdout","logger":"task"}
{"timestamp":"2025-08-21T06:35:52.836954Z","level":"info","event":" 0   base                        3 non-null      object","chan":"stdout","logger":"task"}
{"timestamp":"2025-08-21T06:35:52.837727Z","level":"info","event":" 1   visibility                  3 non-null      int64","chan":"stdout","logger":"task"}
{"timestamp":"2025-08-21T06:35:52.839460Z","level":"info","event":" 2   dt                          3 non-null      datetime64[ns]","chan":"stdout","logger":"task"}
{"timestamp":"2025-08-21T06:35:52.841382Z","level":"info","event":" 3   timezone                    3 non-null      int64","chan":"stdout","logger":"task"}
{"timestamp":"2025-08-21T06:35:52.841977Z","level":"info","event":" 4   id                          3 non-null      int64","chan":"stdout","logger":"task"}
{"timestamp":"2025-08-21T06:35:52.843296Z","level":"info","event":" 5   name                        3 non-null      object","chan":"stdout","logger":"task"}
{"timestamp":"2025-08-21T06:35:52.843777Z","level":"info","event":" 6   cod                         3 non-null      int64","chan":"stdout","logger":"task"}
{"timestamp":"2025-08-21T06:35:52.844261Z","level":"info","event":" 7   coord_lon                   3 non-null      float64","chan":"stdout","logger":"task"}
{"timestamp":"2025-08-21T06:35:52.844635Z","level":"info","event":" 8   coord_lat                   3 non-null      float64","chan":"stdout","logger":"task"}
{"timestamp":"2025-08-21T06:35:52.844981Z","level":"info","event":" 9   main_temp                   3 non-null      float64","chan":"stdout","logger":"task"}
{"timestamp":"2025-08-21T06:35:52.845305Z","level":"info","event":" 10  main_feels_like             3 non-null      float64","chan":"stdout","logger":"task"}
{"timestamp":"2025-08-21T06:35:52.845613Z","level":"info","event":" 11  main_temp_min               3 non-null      float64","chan":"stdout","logger":"task"}
{"timestamp":"2025-08-21T06:35:52.845889Z","level":"info","event":" 12  main_temp_max               3 non-null      float64","chan":"stdout","logger":"task"}
{"timestamp":"2025-08-21T06:35:52.846186Z","level":"info","event":" 13  main_pressure               3 non-null      int64","chan":"stdout","logger":"task"}
{"timestamp":"2025-08-21T06:35:52.846603Z","level":"info","event":" 14  main_humidity               3 non-null      int64","chan":"stdout","logger":"task"}
{"timestamp":"2025-08-21T06:35:52.847030Z","level":"info","event":" 15  main_sea_level              3 non-null      int64","chan":"stdout","logger":"task"}
{"timestamp":"2025-08-21T06:35:52.847300Z","level":"info","event":" 16  main_grnd_level             3 non-null      int64","chan":"stdout","logger":"task"}
{"timestamp":"2025-08-21T06:35:52.847619Z","level":"info","event":" 17  wind_speed                  3 non-null      float64","chan":"stdout","logger":"task"}
{"timestamp":"2025-08-21T06:35:52.848018Z","level":"info","event":" 18  wind_deg                    3 non-null      int64","chan":"stdout","logger":"task"}
{"timestamp":"2025-08-21T06:35:52.848394Z","level":"info","event":" 19  clouds_all                  3 non-null      int64","chan":"stdout","logger":"task"}
{"timestamp":"2025-08-21T06:35:52.848674Z","level":"info","event":" 20  sys_type                    3 non-null      int64","chan":"stdout","logger":"task"}
{"timestamp":"2025-08-21T06:35:52.848973Z","level":"info","event":" 21  sys_id                      3 non-null      int64","chan":"stdout","logger":"task"}
{"timestamp":"2025-08-21T06:35:52.849285Z","level":"info","event":" 22  sys_country                 3 non-null      object","chan":"stdout","logger":"task"}
{"timestamp":"2025-08-21T06:35:52.849648Z","level":"info","event":" 23  sys_sunrise                 3 non-null      datetime64[ns]","chan":"stdout","logger":"task"}
{"timestamp":"2025-08-21T06:35:52.850035Z","level":"info","event":" 24  sys_sunset                  3 non-null      datetime64[ns]","chan":"stdout","logger":"task"}
{"timestamp":"2025-08-21T06:35:52.850387Z","level":"info","event":" 25  weather_id                  3 non-null      int64","chan":"stdout","logger":"task"}
{"timestamp":"2025-08-21T06:35:52.850693Z","level":"info","event":" 26  weather_main                3 non-null      object","chan":"stdout","logger":"task"}
{"timestamp":"2025-08-21T06:35:52.850986Z","level":"info","event":" 27  weather_description         3 non-null      object","chan":"stdout","logger":"task"}
{"timestamp":"2025-08-21T06:35:52.851276Z","level":"info","event":" 28  weather_icon                3 non-null      object","chan":"stdout","logger":"task"}
{"timestamp":"2025-08-21T06:35:52.851561Z","level":"info","event":" 29  pollution_dt                3 non-null      datetime64[ns]","chan":"stdout","logger":"task"}
{"timestamp":"2025-08-21T06:35:52.851821Z","level":"info","event":" 30  pollution_main_aqi          3 non-null      int64","chan":"stdout","logger":"task"}
{"timestamp":"2025-08-21T06:35:52.852095Z","level":"info","event":" 31  pollution_components_co     3 non-null      float64","chan":"stdout","logger":"task"}
{"timestamp":"2025-08-21T06:35:52.852350Z","level":"info","event":" 32  pollution_components_no     3 non-null      float64","chan":"stdout","logger":"task"}
{"timestamp":"2025-08-21T06:35:52.852624Z","level":"info","event":" 33  pollution_components_no2    3 non-null      float64","chan":"stdout","logger":"task"}
{"timestamp":"2025-08-21T06:35:52.853004Z","level":"info","event":" 34  pollution_components_o3     3 non-null      float64","chan":"stdout","logger":"task"}
{"timestamp":"2025-08-21T06:35:52.853284Z","level":"info","event":" 35  pollution_components_so2    3 non-null      float64","chan":"stdout","logger":"task"}
{"timestamp":"2025-08-21T06:35:52.853593Z","level":"info","event":" 36  pollution_components_pm2_5  3 non-null      float64","chan":"stdout","logger":"task"}
{"timestamp":"2025-08-21T06:35:52.853879Z","level":"info","event":" 37  pollution_components_pm10   3 non-null      float64","chan":"stdout","logger":"task"}
{"timestamp":"2025-08-21T06:35:52.854235Z","level":"info","event":" 38  pollution_components_nh3    3 non-null      float64","chan":"stdout","logger":"task"}
{"timestamp":"2025-08-21T06:35:52.854559Z","level":"info","event":"dtypes: datetime64[ns](4), float64(15), int64(14), object(6)","chan":"stdout","logger":"task"}
{"timestamp":"2025-08-21T06:35:52.854970Z","level":"info","event":"memory usage: 960.0+ bytes","chan":"stdout","logger":"task"}
{"timestamp":"2025-08-21T06:35:52.921008","level":"info","event":"Done. Returned value was: None","logger":"airflow.task.operators.airflow.providers.standard.operators.python.PythonOperator"}
{"timestamp":"2025-08-21T06:35:52.944003Z","level":"info","event":"Task instance in success state","chan":"stdout","logger":"task"}
{"timestamp":"2025-08-21T06:35:52.944563Z","level":"info","event":" Previous state of the Task instance: TaskInstanceState.RUNNING","chan":"stdout","logger":"task"}
{"timestamp":"2025-08-21T06:35:52.945028Z","level":"info","event":"Task operator:<Task(PythonOperator): clean_data>","chan":"stdout","logger":"task"}
